<?xml version="1.0" encoding="UTF-8"?>
<robot generator="Robot 6.1.1 (Python 3.13.7 on win32)" generated="20251007 14:41:24.167" rpa="false" schemaversion="4">
<suite id="s1" name="Multi User Tests" source="c:\Users\Administrateur\Downloads\stackoverflow-robotframework-tests\tests\multi_user_tests.robot">
<test id="s1-t1" name="Test Multiple Users Simulation" line="10">
<kw name="Create List" library="BuiltIn">
<var>@{response_times}</var>
<doc>Returns a list containing given items.</doc>
<msg timestamp="20251007 14:41:24.672" level="INFO">@{response_times} = [ ]</msg>
<status status="PASS" starttime="20251007 14:41:24.671" endtime="20251007 14:41:24.672"/>
</kw>
<for flavor="IN RANGE">
<var>${user}</var>
<value>1</value>
<value>4</value>
<iter>
<var name="${user}">1</var>
<kw name="Get Time" library="BuiltIn">
<var>${start}</var>
<arg>epoch</arg>
<doc>Returns the given time in the requested format.</doc>
<msg timestamp="20251007 14:41:24.674" level="INFO">${start} = 1759840884</msg>
<status status="PASS" starttime="20251007 14:41:24.674" endtime="20251007 14:41:24.674"/>
</kw>
<kw name="Setup API Test" library="config">
<kw name="Create Session" library="RequestsLibrary">
<arg>stackoverflow</arg>
<arg>${API_BASE_URL}</arg>
<doc>Create Session: create a HTTP session to a server</doc>
<msg timestamp="20251007 14:41:24.676" level="INFO">Creating Session using : alias=stackoverflow, url=https://api.stackexchange.com/2.3, headers={},                     cookies={}, auth=None, timeout=None, proxies=None, verify=False,                     debug=0 </msg>
<status status="PASS" starttime="20251007 14:41:24.676" endtime="20251007 14:41:24.677"/>
</kw>
<status status="PASS" starttime="20251007 14:41:24.675" endtime="20251007 14:41:24.678"/>
</kw>
<kw name="Get Latest Questions" library="stackoverflow_api">
<var>${response}</var>
<arg>pagesize=3</arg>
<kw name="Create Dictionary" library="BuiltIn">
<var>&amp;{params}</var>
<arg>order=desc</arg>
<arg>sort=${sort}</arg>
<arg>site=stackoverflow</arg>
<arg>pagesize=${pagesize}</arg>
<doc>Creates and returns a dictionary based on the given ``items``.</doc>
<msg timestamp="20251007 14:41:24.679" level="INFO">&amp;{params} = { order=desc | sort=creation | site=stackoverflow | pagesize=3 }</msg>
<status status="PASS" starttime="20251007 14:41:24.678" endtime="20251007 14:41:24.679"/>
</kw>
<kw name="GET" library="RequestsLibrary">
<var>${response}</var>
<arg>${API_BASE_URL}${QUESTIONS_ENDPOINT}</arg>
<arg>params=${params}</arg>
<doc>Sends a GET request.</doc>
<msg timestamp="20251007 14:41:25.240" level="INFO">GET Request : url=https://api.stackexchange.com/2.3/questions?order=desc&amp;sort=creation&amp;site=stackoverflow&amp;pagesize=3 
 path_url=/2.3/questions?order=desc&amp;sort=creation&amp;site=stackoverflow&amp;pagesize=3 
 headers={'User-Agent': 'python-requests/2.31.0', 'Accept-Encoding': 'gzip, deflate', 'Accept': '*/*', 'Connection': 'keep-alive'} 
 body=None 
 </msg>
<msg timestamp="20251007 14:41:25.240" level="INFO">GET Response : url=https://api.stackexchange.com/2.3/questions?order=desc&amp;sort=creation&amp;site=stackoverflow&amp;pagesize=3 
 status=200, reason=OK 
 headers={'Date': 'Tue, 07 Oct 2025 12:41:18 GMT', 'Content-Type': 'application/json; charset=utf-8', 'Content-Length': '830', 'Connection': 'keep-alive', 'Server': 'cloudflare', 'CF-Ray': '98ad78d40ff570e9-MRS', 'CF-Cache-Status': 'DYNAMIC', 'Access-Control-Allow-Origin': '*', 'Cache-Control': 'private', 'Content-Encoding': 'gzip', 'Set-Cookie': 'prov=25d917fc-378a-45ed-be9b-a0c060db285b; expires=Wed, 07 Oct 2026 12:41:18 GMT; domain=.stackexchange.com; path=/; secure; samesite=none; httponly, __cflb=02DiuEqtkS4jGaTk6jRLVowZ76Z4qeo49eeW2De7PbncL; SameSite=Lax; path=/; expires=Wed, 08-Oct-25 11:41:18 GMT; HttpOnly, prov=25d917fc-378a-45ed-be9b-a0c060db285b; Path=/; HttpOnly; Domain=stackexchange.com, __cf_bm=RamASg.N7l_3FPLsJNGx4T9nAdGctH5OK5JisHxsYv8-1759840878-1.0.1.1-6ge46Jv9GBouOcIEGgWUlYhUKYmr.2MEsdmCcP_g2ZhZ820AYcog3gOYeNzO3YuZhm_.Nce_TzsMudwGH.12uG44PQakMZCTDk_usxDXpLY; path=/; expires=Tue, 07-Oct-25 13:11:18 GMT; domain=.api.stackexchange.com; HttpOnly; Secure; SameSite=None, _cfuvid=pnm5kZfz9A4USO85KZz8bP0yji57WE7T3GkaHYNJf.g-1759840878881-0.0.1.1-604800000; path=/; domain=.api.stackexchange.com; HttpOnly; Secure; SameSite=None', 'Strict-Transport-Security': 'max-age=31536000; includeSubDomains', 'Vary': 'accept-encoding', 'access-control-allow-credentials': 'false', 'access-control-allow-methods': 'GET, POST', 'content-security-policy': "upgrade-insecure-requests; frame-ancestors 'self' https://stackexchange.com", 'x-clacks-overhead': 'GNU Terry Pratchett', 'x-content-type-options': 'nosniff', 'x-providence-cookie': '25d917fc-378a-45ed-be9b-a0c060db285b', 'x-request-guid': '6d0a993d-2aa0-4f87-8401-2b8d3e1dc1e5', 'x-worker-origin-response-time': '135000000'} 
 body={"items":[{"tags":["react-native","nested","scrollview","gesture","react-native-gesture-handler"],"owner":{"account_id":1968575,"reputation":3733,"user_id":1768179,"user_type":"registered","accept_rate":50,"profile_image":"https://www.gravatar.com/avatar/a8ed54a29fb1321058b8f0e1625c4c0a?s=256&amp;d=identicon&amp;r=PG","display_name":"gentlee","link":"https://stackoverflow.com/users/1768179/gentlee"},"is_answered":false,"view_count":5,"answer_count":0,"score":-1,"last_activity_date":1759840421,"creation_date":1759840421,"question_id":79784544,"content_license":"CC BY-SA 4.0","link":"https://stackoverflow.com/questions/79784544/react-native-how-to-configure-priority-angle-for-nested-horizontal-vertical","title":"React Native: How to configure priority (angle) for nested horizontal / vertical scroll?"},{"tags":["r"],"owner":{"account_id":297886,"reputation":14473,"user_id":603625,"user_type":"registered","accept_rate":100,"profile_image":"https://www.gravatar.com/avatar/7f0367a760575233b45323de70682007?s=256&amp;d=identicon&amp;r=PG","display_name":"johannes","link":"https://stackoverflow.com/users/603625/johannes"},"is_answered":false,"view_count":5,"answer_count":0,"score":0,"last_activity_date":1759840360,"creation_date":1759840360,"question_id":79784542,"content_license":"CC BY-SA 4.0","link":"https://stackoverflow.com/questions/79784542/how-to-keep-the-order-of-terms-in-interactions-in-a-model-matrix","title":"How to keep the order of terms in interactions in a model matrix"},{"tags":["pdf","tagged-pdf","pdf-ua"],"owner":{"account_id":7295,"reputation":24588,"user_id":12631,"user_type":"registered","accept_rate":57,"profile_image":"https://i.sstatic.net/waRg3.png?s=256","display_name":"Horcrux7","link":"https://stackoverflow.com/users/12631/horcrux7"},"is_answered":false,"view_count":5,"answer_count":0,"score":0,"last_activity_date":1759840337,"creation_date":1759840337,"question_id":79784541,"content_license":"CC BY-SA 4.0","link":"https://stackoverflow.com/questions/79784541/newlines-in-taged-pdf-pdf-ua-are-lost","title":"Newlines in taged PDF (PDF/UA) are lost"}],"has_more":true,"quota_max":300,"quota_remaining":168} 
 </msg>
<msg timestamp="20251007 14:41:25.240" level="INFO">${response} = &lt;Response [200]&gt;</msg>
<status status="PASS" starttime="20251007 14:41:24.680" endtime="20251007 14:41:25.240"/>
</kw>
<msg timestamp="20251007 14:41:25.241" level="INFO">${response} = &lt;Response [200]&gt;</msg>
<status status="PASS" starttime="20251007 14:41:24.678" endtime="20251007 14:41:25.241"/>
</kw>
<kw name="Get Time" library="BuiltIn">
<var>${end}</var>
<arg>epoch</arg>
<doc>Returns the given time in the requested format.</doc>
<msg timestamp="20251007 14:41:25.243" level="INFO">${end} = 1759840885</msg>
<status status="PASS" starttime="20251007 14:41:25.243" endtime="20251007 14:41:25.243"/>
</kw>
<kw name="Evaluate" library="BuiltIn">
<var>${duration}</var>
<arg>(${end} - ${start}) * 1000</arg>
<doc>Evaluates the given expression in Python and returns the result.</doc>
<msg timestamp="20251007 14:41:25.245" level="INFO">${duration} = 1000</msg>
<status status="PASS" starttime="20251007 14:41:25.244" endtime="20251007 14:41:25.245"/>
</kw>
<kw name="Append To List" library="Collections">
<arg>${response_times}</arg>
<arg>${duration}</arg>
<doc>Adds ``values`` to the end of ``list``.</doc>
<status status="PASS" starttime="20251007 14:41:25.246" endtime="20251007 14:41:25.247"/>
</kw>
<kw name="Log" library="BuiltIn">
<arg>Utilisateur ${user}: ${duration}ms</arg>
<doc>Logs the given message with the given level.</doc>
<msg timestamp="20251007 14:41:25.248" level="INFO">Utilisateur 1: 1000ms</msg>
<status status="PASS" starttime="20251007 14:41:25.247" endtime="20251007 14:41:25.248"/>
</kw>
<status status="PASS" starttime="20251007 14:41:24.673" endtime="20251007 14:41:25.249"/>
</iter>
<iter>
<var name="${user}">2</var>
<kw name="Get Time" library="BuiltIn">
<var>${start}</var>
<arg>epoch</arg>
<doc>Returns the given time in the requested format.</doc>
<msg timestamp="20251007 14:41:25.250" level="INFO">${start} = 1759840885</msg>
<status status="PASS" starttime="20251007 14:41:25.250" endtime="20251007 14:41:25.250"/>
</kw>
<kw name="Setup API Test" library="config">
<kw name="Create Session" library="RequestsLibrary">
<arg>stackoverflow</arg>
<arg>${API_BASE_URL}</arg>
<doc>Create Session: create a HTTP session to a server</doc>
<msg timestamp="20251007 14:41:25.252" level="INFO">Creating Session using : alias=stackoverflow, url=https://api.stackexchange.com/2.3, headers={},                     cookies={}, auth=None, timeout=None, proxies=None, verify=False,                     debug=0 </msg>
<status status="PASS" starttime="20251007 14:41:25.252" endtime="20251007 14:41:25.253"/>
</kw>
<status status="PASS" starttime="20251007 14:41:25.252" endtime="20251007 14:41:25.254"/>
</kw>
<kw name="Get Latest Questions" library="stackoverflow_api">
<var>${response}</var>
<arg>pagesize=3</arg>
<kw name="Create Dictionary" library="BuiltIn">
<var>&amp;{params}</var>
<arg>order=desc</arg>
<arg>sort=${sort}</arg>
<arg>site=stackoverflow</arg>
<arg>pagesize=${pagesize}</arg>
<doc>Creates and returns a dictionary based on the given ``items``.</doc>
<msg timestamp="20251007 14:41:25.255" level="INFO">&amp;{params} = { order=desc | sort=creation | site=stackoverflow | pagesize=3 }</msg>
<status status="PASS" starttime="20251007 14:41:25.255" endtime="20251007 14:41:25.255"/>
</kw>
<kw name="GET" library="RequestsLibrary">
<var>${response}</var>
<arg>${API_BASE_URL}${QUESTIONS_ENDPOINT}</arg>
<arg>params=${params}</arg>
<doc>Sends a GET request.</doc>
<msg timestamp="20251007 14:41:25.749" level="INFO">GET Request : url=https://api.stackexchange.com/2.3/questions?order=desc&amp;sort=creation&amp;site=stackoverflow&amp;pagesize=3 
 path_url=/2.3/questions?order=desc&amp;sort=creation&amp;site=stackoverflow&amp;pagesize=3 
 headers={'User-Agent': 'python-requests/2.31.0', 'Accept-Encoding': 'gzip, deflate', 'Accept': '*/*', 'Connection': 'keep-alive'} 
 body=None 
 </msg>
<msg timestamp="20251007 14:41:25.749" level="INFO">GET Response : url=https://api.stackexchange.com/2.3/questions?order=desc&amp;sort=creation&amp;site=stackoverflow&amp;pagesize=3 
 status=200, reason=OK 
 headers={'Date': 'Tue, 07 Oct 2025 12:41:19 GMT', 'Content-Type': 'application/json; charset=utf-8', 'Content-Length': '830', 'Connection': 'keep-alive', 'Server': 'cloudflare', 'CF-Ray': '98ad78d73998e220-MRS', 'CF-Cache-Status': 'DYNAMIC', 'Access-Control-Allow-Origin': '*', 'Cache-Control': 'private', 'Content-Encoding': 'gzip', 'Set-Cookie': 'prov=792e4102-18c2-4810-803c-26a9fccf2d30; expires=Wed, 07 Oct 2026 12:41:19 GMT; domain=.stackexchange.com; path=/; secure; samesite=none; httponly, __cflb=02DiuEqtkS4jGaTk6jRLVowZ76Z4qeo49fPKYRCm1sT6k; SameSite=Lax; path=/; expires=Wed, 08-Oct-25 11:41:19 GMT; HttpOnly, prov=792e4102-18c2-4810-803c-26a9fccf2d30; Path=/; HttpOnly; Domain=stackexchange.com, __cf_bm=Vn9Wjb0cr2TFMWr54Cn5zR3e03y03GJ0xdAdaSde1Xw-1759840879-1.0.1.1-lGqKLIGTv0ijtJNdJGbYUPq81s5M4Bzir9qIEi22dyvTz5J8vNEz8uRNbIDRYlcqS1KV9cw6kBpSIf2q_R6v1GeL8ny6nRDOdhS1UJj5sG4; path=/; expires=Tue, 07-Oct-25 13:11:19 GMT; domain=.api.stackexchange.com; HttpOnly; Secure; SameSite=None, _cfuvid=78147EmYihGkLozQ8mOFHwz.0EPFqlMl4AImahZ7stU-1759840879393-0.0.1.1-604800000; path=/; domain=.api.stackexchange.com; HttpOnly; Secure; SameSite=None', 'Strict-Transport-Security': 'max-age=31536000; includeSubDomains', 'Vary': 'accept-encoding', 'access-control-allow-credentials': 'false', 'access-control-allow-methods': 'GET, POST', 'content-security-policy': "upgrade-insecure-requests; frame-ancestors 'self' https://stackexchange.com", 'x-clacks-overhead': 'GNU Terry Pratchett', 'x-content-type-options': 'nosniff', 'x-providence-cookie': '792e4102-18c2-4810-803c-26a9fccf2d30', 'x-request-guid': 'ecd1c193-1bd7-4ed5-9ea6-19d70642837c', 'x-worker-origin-response-time': '130000000'} 
 body={"items":[{"tags":["react-native","nested","scrollview","gesture","react-native-gesture-handler"],"owner":{"account_id":1968575,"reputation":3733,"user_id":1768179,"user_type":"registered","accept_rate":50,"profile_image":"https://www.gravatar.com/avatar/a8ed54a29fb1321058b8f0e1625c4c0a?s=256&amp;d=identicon&amp;r=PG","display_name":"gentlee","link":"https://stackoverflow.com/users/1768179/gentlee"},"is_answered":false,"view_count":5,"answer_count":0,"score":-1,"last_activity_date":1759840421,"creation_date":1759840421,"question_id":79784544,"content_license":"CC BY-SA 4.0","link":"https://stackoverflow.com/questions/79784544/react-native-how-to-configure-priority-angle-for-nested-horizontal-vertical","title":"React Native: How to configure priority (angle) for nested horizontal / vertical scroll?"},{"tags":["r"],"owner":{"account_id":297886,"reputation":14473,"user_id":603625,"user_type":"registered","accept_rate":100,"profile_image":"https://www.gravatar.com/avatar/7f0367a760575233b45323de70682007?s=256&amp;d=identicon&amp;r=PG","display_name":"johannes","link":"https://stackoverflow.com/users/603625/johannes"},"is_answered":false,"view_count":5,"answer_count":0,"score":0,"last_activity_date":1759840360,"creation_date":1759840360,"question_id":79784542,"content_license":"CC BY-SA 4.0","link":"https://stackoverflow.com/questions/79784542/how-to-keep-the-order-of-terms-in-interactions-in-a-model-matrix","title":"How to keep the order of terms in interactions in a model matrix"},{"tags":["pdf","tagged-pdf","pdf-ua"],"owner":{"account_id":7295,"reputation":24588,"user_id":12631,"user_type":"registered","accept_rate":57,"profile_image":"https://i.sstatic.net/waRg3.png?s=256","display_name":"Horcrux7","link":"https://stackoverflow.com/users/12631/horcrux7"},"is_answered":false,"view_count":5,"answer_count":0,"score":0,"last_activity_date":1759840337,"creation_date":1759840337,"question_id":79784541,"content_license":"CC BY-SA 4.0","link":"https://stackoverflow.com/questions/79784541/newlines-in-taged-pdf-pdf-ua-are-lost","title":"Newlines in taged PDF (PDF/UA) are lost"}],"has_more":true,"quota_max":300,"quota_remaining":168} 
 </msg>
<msg timestamp="20251007 14:41:25.750" level="INFO">${response} = &lt;Response [200]&gt;</msg>
<status status="PASS" starttime="20251007 14:41:25.256" endtime="20251007 14:41:25.750"/>
</kw>
<msg timestamp="20251007 14:41:25.751" level="INFO">${response} = &lt;Response [200]&gt;</msg>
<status status="PASS" starttime="20251007 14:41:25.254" endtime="20251007 14:41:25.751"/>
</kw>
<kw name="Get Time" library="BuiltIn">
<var>${end}</var>
<arg>epoch</arg>
<doc>Returns the given time in the requested format.</doc>
<msg timestamp="20251007 14:41:25.753" level="INFO">${end} = 1759840885</msg>
<status status="PASS" starttime="20251007 14:41:25.752" endtime="20251007 14:41:25.753"/>
</kw>
<kw name="Evaluate" library="BuiltIn">
<var>${duration}</var>
<arg>(${end} - ${start}) * 1000</arg>
<doc>Evaluates the given expression in Python and returns the result.</doc>
<msg timestamp="20251007 14:41:25.755" level="INFO">${duration} = 0</msg>
<status status="PASS" starttime="20251007 14:41:25.754" endtime="20251007 14:41:25.755"/>
</kw>
<kw name="Append To List" library="Collections">
<arg>${response_times}</arg>
<arg>${duration}</arg>
<doc>Adds ``values`` to the end of ``list``.</doc>
<status status="PASS" starttime="20251007 14:41:25.756" endtime="20251007 14:41:25.757"/>
</kw>
<kw name="Log" library="BuiltIn">
<arg>Utilisateur ${user}: ${duration}ms</arg>
<doc>Logs the given message with the given level.</doc>
<msg timestamp="20251007 14:41:25.758" level="INFO">Utilisateur 2: 0ms</msg>
<status status="PASS" starttime="20251007 14:41:25.757" endtime="20251007 14:41:25.758"/>
</kw>
<status status="PASS" starttime="20251007 14:41:25.249" endtime="20251007 14:41:25.759"/>
</iter>
<iter>
<var name="${user}">3</var>
<kw name="Get Time" library="BuiltIn">
<var>${start}</var>
<arg>epoch</arg>
<doc>Returns the given time in the requested format.</doc>
<msg timestamp="20251007 14:41:25.760" level="INFO">${start} = 1759840885</msg>
<status status="PASS" starttime="20251007 14:41:25.760" endtime="20251007 14:41:25.760"/>
</kw>
<kw name="Setup API Test" library="config">
<kw name="Create Session" library="RequestsLibrary">
<arg>stackoverflow</arg>
<arg>${API_BASE_URL}</arg>
<doc>Create Session: create a HTTP session to a server</doc>
<msg timestamp="20251007 14:41:25.762" level="INFO">Creating Session using : alias=stackoverflow, url=https://api.stackexchange.com/2.3, headers={},                     cookies={}, auth=None, timeout=None, proxies=None, verify=False,                     debug=0 </msg>
<status status="PASS" starttime="20251007 14:41:25.762" endtime="20251007 14:41:25.762"/>
</kw>
<status status="PASS" starttime="20251007 14:41:25.761" endtime="20251007 14:41:25.763"/>
</kw>
<kw name="Get Latest Questions" library="stackoverflow_api">
<var>${response}</var>
<arg>pagesize=3</arg>
<kw name="Create Dictionary" library="BuiltIn">
<var>&amp;{params}</var>
<arg>order=desc</arg>
<arg>sort=${sort}</arg>
<arg>site=stackoverflow</arg>
<arg>pagesize=${pagesize}</arg>
<doc>Creates and returns a dictionary based on the given ``items``.</doc>
<msg timestamp="20251007 14:41:25.765" level="INFO">&amp;{params} = { order=desc | sort=creation | site=stackoverflow | pagesize=3 }</msg>
<status status="PASS" starttime="20251007 14:41:25.764" endtime="20251007 14:41:25.765"/>
</kw>
<kw name="GET" library="RequestsLibrary">
<var>${response}</var>
<arg>${API_BASE_URL}${QUESTIONS_ENDPOINT}</arg>
<arg>params=${params}</arg>
<doc>Sends a GET request.</doc>
<msg timestamp="20251007 14:41:26.477" level="INFO">GET Request : url=https://api.stackexchange.com/2.3/questions?order=desc&amp;sort=creation&amp;site=stackoverflow&amp;pagesize=3 
 path_url=/2.3/questions?order=desc&amp;sort=creation&amp;site=stackoverflow&amp;pagesize=3 
 headers={'User-Agent': 'python-requests/2.31.0', 'Accept-Encoding': 'gzip, deflate', 'Accept': '*/*', 'Connection': 'keep-alive'} 
 body=None 
 </msg>
<msg timestamp="20251007 14:41:26.477" level="INFO">GET Response : url=https://api.stackexchange.com/2.3/questions?order=desc&amp;sort=creation&amp;site=stackoverflow&amp;pagesize=3 
 status=200, reason=OK 
 headers={'Date': 'Tue, 07 Oct 2025 12:41:20 GMT', 'Content-Type': 'application/json; charset=utf-8', 'Content-Length': '830', 'Connection': 'keep-alive', 'Server': 'cloudflare', 'CF-Ray': '98ad78da5c10aead-MRS', 'CF-Cache-Status': 'DYNAMIC', 'Access-Control-Allow-Origin': '*', 'Cache-Control': 'private', 'Content-Encoding': 'gzip', 'Set-Cookie': 'prov=f733bd91-2f28-4a10-a0ac-56a39dbef1be; expires=Wed, 07 Oct 2026 12:41:20 GMT; domain=.stackexchange.com; path=/; secure; samesite=none; httponly, __cflb=02DiuEqtkS4jGaTk6jRLVowZ76Z4qeo49fPKYRCm1sT6k; SameSite=Lax; path=/; expires=Wed, 08-Oct-25 11:41:20 GMT; HttpOnly, prov=f733bd91-2f28-4a10-a0ac-56a39dbef1be; Path=/; HttpOnly; Domain=stackexchange.com, __cf_bm=s_xv7EwYxD1OsEiPIoxE.Lvs5G2UiDR1PEqDohg3cFA-1759840880-1.0.1.1-gVzbeRfgWnmNvjXpgqI3NB1o34rZ0Ro_1TFlc3Apr1Jr_ghe.EJ_827fGgghvHkLHOm1B7h8SW83mQqhxvM89jaIhfHQgb7sYNxwFUd_GOg; path=/; expires=Tue, 07-Oct-25 13:11:20 GMT; domain=.api.stackexchange.com; HttpOnly; Secure; SameSite=None, _cfuvid=8jGLPIDRSPLxefMy_MtZlXsIu6E1GoVlbI5HsqzW7Yw-1759840880122-0.0.1.1-604800000; path=/; domain=.api.stackexchange.com; HttpOnly; Secure; SameSite=None', 'Strict-Transport-Security': 'max-age=31536000; includeSubDomains', 'Vary': 'accept-encoding', 'access-control-allow-credentials': 'false', 'access-control-allow-methods': 'GET, POST', 'content-security-policy': "upgrade-insecure-requests; frame-ancestors 'self' https://stackexchange.com", 'x-clacks-overhead': 'GNU Terry Pratchett', 'x-content-type-options': 'nosniff', 'x-providence-cookie': 'f733bd91-2f28-4a10-a0ac-56a39dbef1be', 'x-request-guid': '495400dd-a120-479b-a310-6e7fedb5731d', 'x-worker-origin-response-time': '365000000'} 
 body={"items":[{"tags":["react-native","nested","scrollview","gesture","react-native-gesture-handler"],"owner":{"account_id":1968575,"reputation":3733,"user_id":1768179,"user_type":"registered","accept_rate":50,"profile_image":"https://www.gravatar.com/avatar/a8ed54a29fb1321058b8f0e1625c4c0a?s=256&amp;d=identicon&amp;r=PG","display_name":"gentlee","link":"https://stackoverflow.com/users/1768179/gentlee"},"is_answered":false,"view_count":5,"answer_count":0,"score":-1,"last_activity_date":1759840421,"creation_date":1759840421,"question_id":79784544,"content_license":"CC BY-SA 4.0","link":"https://stackoverflow.com/questions/79784544/react-native-how-to-configure-priority-angle-for-nested-horizontal-vertical","title":"React Native: How to configure priority (angle) for nested horizontal / vertical scroll?"},{"tags":["r"],"owner":{"account_id":297886,"reputation":14473,"user_id":603625,"user_type":"registered","accept_rate":100,"profile_image":"https://www.gravatar.com/avatar/7f0367a760575233b45323de70682007?s=256&amp;d=identicon&amp;r=PG","display_name":"johannes","link":"https://stackoverflow.com/users/603625/johannes"},"is_answered":false,"view_count":5,"answer_count":0,"score":0,"last_activity_date":1759840360,"creation_date":1759840360,"question_id":79784542,"content_license":"CC BY-SA 4.0","link":"https://stackoverflow.com/questions/79784542/how-to-keep-the-order-of-terms-in-interactions-in-a-model-matrix","title":"How to keep the order of terms in interactions in a model matrix"},{"tags":["pdf","tagged-pdf","pdf-ua"],"owner":{"account_id":7295,"reputation":24588,"user_id":12631,"user_type":"registered","accept_rate":57,"profile_image":"https://i.sstatic.net/waRg3.png?s=256","display_name":"Horcrux7","link":"https://stackoverflow.com/users/12631/horcrux7"},"is_answered":false,"view_count":5,"answer_count":0,"score":0,"last_activity_date":1759840337,"creation_date":1759840337,"question_id":79784541,"content_license":"CC BY-SA 4.0","link":"https://stackoverflow.com/questions/79784541/newlines-in-taged-pdf-pdf-ua-are-lost","title":"Newlines in taged PDF (PDF/UA) are lost"}],"has_more":true,"quota_max":300,"quota_remaining":166} 
 </msg>
<msg timestamp="20251007 14:41:26.477" level="INFO">${response} = &lt;Response [200]&gt;</msg>
<status status="PASS" starttime="20251007 14:41:25.766" endtime="20251007 14:41:26.477"/>
</kw>
<msg timestamp="20251007 14:41:26.480" level="INFO">${response} = &lt;Response [200]&gt;</msg>
<status status="PASS" starttime="20251007 14:41:25.764" endtime="20251007 14:41:26.480"/>
</kw>
<kw name="Get Time" library="BuiltIn">
<var>${end}</var>
<arg>epoch</arg>
<doc>Returns the given time in the requested format.</doc>
<msg timestamp="20251007 14:41:26.482" level="INFO">${end} = 1759840886</msg>
<status status="PASS" starttime="20251007 14:41:26.481" endtime="20251007 14:41:26.482"/>
</kw>
<kw name="Evaluate" library="BuiltIn">
<var>${duration}</var>
<arg>(${end} - ${start}) * 1000</arg>
<doc>Evaluates the given expression in Python and returns the result.</doc>
<msg timestamp="20251007 14:41:26.484" level="INFO">${duration} = 1000</msg>
<status status="PASS" starttime="20251007 14:41:26.483" endtime="20251007 14:41:26.484"/>
</kw>
<kw name="Append To List" library="Collections">
<arg>${response_times}</arg>
<arg>${duration}</arg>
<doc>Adds ``values`` to the end of ``list``.</doc>
<status status="PASS" starttime="20251007 14:41:26.485" endtime="20251007 14:41:26.485"/>
</kw>
<kw name="Log" library="BuiltIn">
<arg>Utilisateur ${user}: ${duration}ms</arg>
<doc>Logs the given message with the given level.</doc>
<msg timestamp="20251007 14:41:26.486" level="INFO">Utilisateur 3: 1000ms</msg>
<status status="PASS" starttime="20251007 14:41:26.486" endtime="20251007 14:41:26.486"/>
</kw>
<status status="PASS" starttime="20251007 14:41:25.759" endtime="20251007 14:41:26.487"/>
</iter>
<status status="PASS" starttime="20251007 14:41:24.673" endtime="20251007 14:41:26.487"/>
</for>
<kw name="Evaluate" library="BuiltIn">
<var>${avg}</var>
<arg>sum(${response_times}) / len(${response_times})</arg>
<doc>Evaluates the given expression in Python and returns the result.</doc>
<msg timestamp="20251007 14:41:26.489" level="INFO">${avg} = 666.6666666666666</msg>
<status status="PASS" starttime="20251007 14:41:26.488" endtime="20251007 14:41:26.489"/>
</kw>
<kw name="Log" library="BuiltIn">
<arg>📊 Temps moyen: ${avg}ms</arg>
<doc>Logs the given message with the given level.</doc>
<msg timestamp="20251007 14:41:26.491" level="INFO">📊 Temps moyen: 666.6666666666666ms</msg>
<status status="PASS" starttime="20251007 14:41:26.490" endtime="20251007 14:41:26.491"/>
</kw>
<kw name="Set Variable" library="BuiltIn">
<var>${results}</var>
<arg>Performance Test - Average: ${avg}ms - Individual: ${response_times}</arg>
<doc>Returns the given values which can then be assigned to a variables.</doc>
<msg timestamp="20251007 14:41:26.493" level="INFO">${results} = Performance Test - Average: 666.6666666666666ms - Individual: [1000, 0, 1000]</msg>
<status status="PASS" starttime="20251007 14:41:26.492" endtime="20251007 14:41:26.493"/>
</kw>
<kw name="Create File" library="OperatingSystem">
<arg>${EXECDIR}/allure-results/test_results.txt</arg>
<arg>${results}</arg>
<doc>Creates a file with the given content and encoding.</doc>
<msg timestamp="20251007 14:41:26.495" level="INFO" html="true">Created file '&lt;a href="file://c:\Users\Administrateur\Downloads\stackoverflow-robotframework-tests\allure-results\test_results.txt"&gt;c:\Users\Administrateur\Downloads\stackoverflow-robotframework-tests\allure-results\test_results.txt&lt;/a&gt;'.</msg>
<status status="PASS" starttime="20251007 14:41:26.494" endtime="20251007 14:41:26.495"/>
</kw>
<kw name="Teardown API Test" library="config">
<kw name="Delete All Sessions" library="RequestsLibrary">
<doc>Removes all the session objects</doc>
<msg timestamp="20251007 14:41:26.497" level="INFO">Deleting All Sessions</msg>
<status status="PASS" starttime="20251007 14:41:26.497" endtime="20251007 14:41:26.498"/>
</kw>
<status status="PASS" starttime="20251007 14:41:26.497" endtime="20251007 14:41:26.499"/>
</kw>
<tag>api</tag>
<tag>multi-user</tag>
<tag>performance</tag>
<status status="PASS" starttime="20251007 14:41:24.670" endtime="20251007 14:41:26.500"/>
</test>
<status status="PASS" starttime="20251007 14:41:24.259" endtime="20251007 14:41:27.617"/>
</suite>
<statistics>
<total>
<stat pass="1" fail="0" skip="0">All Tests</stat>
</total>
<tag>
<stat pass="1" fail="0" skip="0">api</stat>
<stat pass="1" fail="0" skip="0">multi-user</stat>
<stat pass="1" fail="0" skip="0">performance</stat>
</tag>
<suite>
<stat pass="1" fail="0" skip="0" id="s1" name="Multi User Tests">Multi User Tests</stat>
</suite>
</statistics>
<errors>
</errors>
</robot>
