<?xml version="1.0" encoding="UTF-8"?>
<robot generator="Robot 6.1.1 (Python 3.13.7 on win32)" generated="20251001 22:12:27.582" rpa="false" schemaversion="4">
<suite id="s1" name="Multi User Tests" source="c:\Users\Administrateur\Downloads\stackoverflow-test-project\tests\multi_user_tests.robot">
<test id="s1-t1" name="Test Multiple Users Simulation" line="10">
<kw name="Create List" library="BuiltIn">
<var>@{response_times}</var>
<doc>Returns a list containing given items.</doc>
<msg timestamp="20251001 22:12:28.022" level="INFO">@{response_times} = [ ]</msg>
<status status="PASS" starttime="20251001 22:12:28.022" endtime="20251001 22:12:28.022"/>
</kw>
<for flavor="IN RANGE">
<var>${user}</var>
<value>1</value>
<value>4</value>
<iter>
<var name="${user}">1</var>
<kw name="Get Time" library="BuiltIn">
<var>${start}</var>
<arg>epoch</arg>
<doc>Returns the given time in the requested format.</doc>
<msg timestamp="20251001 22:12:28.026" level="INFO">${start} = 1759349548</msg>
<status status="PASS" starttime="20251001 22:12:28.025" endtime="20251001 22:12:28.026"/>
</kw>
<kw name="Setup API Test" library="config">
<kw name="Create Session" library="RequestsLibrary">
<arg>stackoverflow</arg>
<arg>${API_BASE_URL}</arg>
<doc>Create Session: create a HTTP session to a server</doc>
<msg timestamp="20251001 22:12:28.029" level="INFO">Creating Session using : alias=stackoverflow, url=https://api.stackexchange.com/2.3, headers={},                     cookies={}, auth=None, timeout=None, proxies=None, verify=False,                     debug=0 </msg>
<status status="PASS" starttime="20251001 22:12:28.028" endtime="20251001 22:12:28.029"/>
</kw>
<status status="PASS" starttime="20251001 22:12:28.028" endtime="20251001 22:12:28.030"/>
</kw>
<kw name="Get Latest Questions" library="stackoverflow_api">
<var>${response}</var>
<arg>pagesize=3</arg>
<kw name="Create Dictionary" library="BuiltIn">
<var>&amp;{params}</var>
<arg>order=desc</arg>
<arg>sort=${sort}</arg>
<arg>site=stackoverflow</arg>
<arg>pagesize=${pagesize}</arg>
<doc>Creates and returns a dictionary based on the given ``items``.</doc>
<msg timestamp="20251001 22:12:28.032" level="INFO">&amp;{params} = { order=desc | sort=creation | site=stackoverflow | pagesize=3 }</msg>
<status status="PASS" starttime="20251001 22:12:28.031" endtime="20251001 22:12:28.032"/>
</kw>
<kw name="GET" library="RequestsLibrary">
<var>${response}</var>
<arg>${API_BASE_URL}${QUESTIONS_ENDPOINT}</arg>
<arg>params=${params}</arg>
<doc>Sends a GET request.</doc>
<msg timestamp="20251001 22:12:28.567" level="INFO">GET Request : url=https://api.stackexchange.com/2.3/questions?order=desc&amp;sort=creation&amp;site=stackoverflow&amp;pagesize=3 
 path_url=/2.3/questions?order=desc&amp;sort=creation&amp;site=stackoverflow&amp;pagesize=3 
 headers={'User-Agent': 'python-requests/2.31.0', 'Accept-Encoding': 'gzip, deflate', 'Accept': '*/*', 'Connection': 'keep-alive'} 
 body=None 
 </msg>
<msg timestamp="20251001 22:12:28.568" level="INFO">GET Response : url=https://api.stackexchange.com/2.3/questions?order=desc&amp;sort=creation&amp;site=stackoverflow&amp;pagesize=3 
 status=200, reason=OK 
 headers={'Date': 'Wed, 01 Oct 2025 20:12:28 GMT', 'Content-Type': 'application/json; charset=utf-8', 'Content-Length': '904', 'Connection': 'keep-alive', 'Server': 'cloudflare', 'CF-Ray': '987e9d736ccde1e5-MRS', 'CF-Cache-Status': 'DYNAMIC', 'Access-Control-Allow-Origin': '*', 'Cache-Control': 'private', 'Content-Encoding': 'gzip', 'Set-Cookie': 'prov=30b7497d-4d6e-4246-a301-b57a0274229a; expires=Thu, 01 Oct 2026 20:12:28 GMT; domain=.stackexchange.com; path=/; secure; samesite=none; httponly, __cflb=02DiuEqtkS4jGaTk6jRLVowZ76Z4qeo48ovpmo7KbeXKJ; SameSite=Lax; path=/; expires=Thu, 02-Oct-25 19:12:28 GMT; HttpOnly, prov=30b7497d-4d6e-4246-a301-b57a0274229a; Path=/; HttpOnly; Domain=stackexchange.com, __cf_bm=B2bHEdp7cpQhiIqun7FTFqy3cFmPU3phbz_hkHP4VhY-1759349548-1.0.1.1-D5bCTnsN6iFgkdJeFpyHdTFl826USlAvas8pRGLeEt2k0i.PdV05uQSQitQX4UJkRaMoCiRL6zjlJ9WJMrDTeb5Ob7.dpE2bJWnPvZL8hAc; path=/; expires=Wed, 01-Oct-25 20:42:28 GMT; domain=.api.stackexchange.com; HttpOnly; Secure; SameSite=None, _cfuvid=Fvlr14fwhfRQnfY99iaNjpwcIzgmb78sFCywdwaXv1g-1759349548249-0.0.1.1-604800000; path=/; domain=.api.stackexchange.com; HttpOnly; Secure; SameSite=None', 'Strict-Transport-Security': 'max-age=31536000; includeSubDomains', 'Vary': 'accept-encoding', 'access-control-allow-credentials': 'false', 'access-control-allow-methods': 'GET, POST', 'content-security-policy': "upgrade-insecure-requests; frame-ancestors 'self' https://stackexchange.com", 'x-clacks-overhead': 'GNU Terry Pratchett', 'x-content-type-options': 'nosniff', 'x-providence-cookie': '30b7497d-4d6e-4246-a301-b57a0274229a', 'x-request-guid': '07fa9d8c-57c8-4ee9-bf37-153e7fbff8af', 'x-worker-origin-response-time': '137000000'} 
 body={"items":[{"tags":["ios","payment","apple-developer","apple-developer-enterprise"],"owner":{"account_id":11568709,"reputation":71,"user_id":8476100,"user_type":"registered","profile_image":"https://lh5.googleusercontent.com/-h2R-rosfcgg/AAAAAAAAAAI/AAAAAAAAAOY/bwawONOnBKs/s256-rj/photo.jpg","display_name":"IMAD UL-HASSAN","link":"https://stackoverflow.com/users/8476100/imad-ul-hassan"},"is_answered":false,"view_count":2,"answer_count":0,"score":0,"last_activity_date":1759349442,"creation_date":1759349442,"question_id":79780434,"content_license":"CC BY-SA 4.0","link":"https://stackoverflow.com/questions/79780434/apple-developer-membership-renewal-issue","title":"Apple developer memberShip Renewal Issue"},{"tags":["r","gtsummary"],"owner":{"account_id":40973609,"reputation":157,"user_id":30055639,"user_type":"registered","profile_image":"https://www.gravatar.com/avatar/7cb0ab297214ae7085a898dabfaeb640?s=256&amp;d=identicon&amp;r=PG&amp;f=y&amp;so-version=2","display_name":"Ranjan Karmakar","link":"https://stackoverflow.com/users/30055639/ranjan-karmakar"},"is_answered":false,"view_count":5,"answer_count":0,"score":0,"last_activity_date":1759349174,"creation_date":1759349174,"question_id":79780432,"content_license":"CC BY-SA 4.0","link":"https://stackoverflow.com/questions/79780432/gtsummary-header-counts-with-tbl-strata-nested-stack","title":"GTSUMMARY Header counts with TBL_STRATA_NESTED_STACK"},{"tags":["docker","automation","n8n"],"owner":{"account_id":44165059,"reputation":1,"user_id":31611150,"user_type":"registered","profile_image":"https://www.gravatar.com/avatar/472ceba0d489ce7bd2b1e39f7790c274?s=256&amp;d=identicon&amp;r=PG&amp;f=y&amp;so-version=2","display_name":"PFL","link":"https://stackoverflow.com/users/31611150/pfl"},"is_answered":false,"view_count":3,"answer_count":0,"score":0,"last_activity_date":1759349068,"creation_date":1759349068,"question_id":79780431,"content_license":"CC BY-SA 4.0","link":"https://stackoverflow.com/questions/79780431/n8n-rest-api-always-returns-401-unauthorized-ce-docker-desktop-on-windows-11","title":"n8n REST API always returns 401 Unauthorized (CE, Docker Desktop on Windows 11)"}],"has_more":true,"quota_max":300,"quota_remaining":126} 
 </msg>
<msg timestamp="20251001 22:12:28.568" level="INFO">${response} = &lt;Response [200]&gt;</msg>
<status status="PASS" starttime="20251001 22:12:28.033" endtime="20251001 22:12:28.569"/>
</kw>
<msg timestamp="20251001 22:12:28.572" level="INFO">${response} = &lt;Response [200]&gt;</msg>
<status status="PASS" starttime="20251001 22:12:28.031" endtime="20251001 22:12:28.572"/>
</kw>
<kw name="Get Time" library="BuiltIn">
<var>${end}</var>
<arg>epoch</arg>
<doc>Returns the given time in the requested format.</doc>
<msg timestamp="20251001 22:12:28.576" level="INFO">${end} = 1759349548</msg>
<status status="PASS" starttime="20251001 22:12:28.575" endtime="20251001 22:12:28.576"/>
</kw>
<kw name="Evaluate" library="BuiltIn">
<var>${duration}</var>
<arg>(${end} - ${start}) * 1000</arg>
<doc>Evaluates the given expression in Python and returns the result.</doc>
<msg timestamp="20251001 22:12:28.578" level="INFO">${duration} = 0</msg>
<status status="PASS" starttime="20251001 22:12:28.577" endtime="20251001 22:12:28.578"/>
</kw>
<kw name="Append To List" library="Collections">
<arg>${response_times}</arg>
<arg>${duration}</arg>
<doc>Adds ``values`` to the end of ``list``.</doc>
<status status="PASS" starttime="20251001 22:12:28.579" endtime="20251001 22:12:28.580"/>
</kw>
<kw name="Log" library="BuiltIn">
<arg>Utilisateur ${user}: ${duration}ms</arg>
<doc>Logs the given message with the given level.</doc>
<msg timestamp="20251001 22:12:28.580" level="INFO">Utilisateur 1: 0ms</msg>
<status status="PASS" starttime="20251001 22:12:28.580" endtime="20251001 22:12:28.580"/>
</kw>
<status status="PASS" starttime="20251001 22:12:28.024" endtime="20251001 22:12:28.581"/>
</iter>
<iter>
<var name="${user}">2</var>
<kw name="Get Time" library="BuiltIn">
<var>${start}</var>
<arg>epoch</arg>
<doc>Returns the given time in the requested format.</doc>
<msg timestamp="20251001 22:12:28.583" level="INFO">${start} = 1759349548</msg>
<status status="PASS" starttime="20251001 22:12:28.582" endtime="20251001 22:12:28.583"/>
</kw>
<kw name="Setup API Test" library="config">
<kw name="Create Session" library="RequestsLibrary">
<arg>stackoverflow</arg>
<arg>${API_BASE_URL}</arg>
<doc>Create Session: create a HTTP session to a server</doc>
<msg timestamp="20251001 22:12:28.585" level="INFO">Creating Session using : alias=stackoverflow, url=https://api.stackexchange.com/2.3, headers={},                     cookies={}, auth=None, timeout=None, proxies=None, verify=False,                     debug=0 </msg>
<status status="PASS" starttime="20251001 22:12:28.585" endtime="20251001 22:12:28.586"/>
</kw>
<status status="PASS" starttime="20251001 22:12:28.584" endtime="20251001 22:12:28.587"/>
</kw>
<kw name="Get Latest Questions" library="stackoverflow_api">
<var>${response}</var>
<arg>pagesize=3</arg>
<kw name="Create Dictionary" library="BuiltIn">
<var>&amp;{params}</var>
<arg>order=desc</arg>
<arg>sort=${sort}</arg>
<arg>site=stackoverflow</arg>
<arg>pagesize=${pagesize}</arg>
<doc>Creates and returns a dictionary based on the given ``items``.</doc>
<msg timestamp="20251001 22:12:28.588" level="INFO">&amp;{params} = { order=desc | sort=creation | site=stackoverflow | pagesize=3 }</msg>
<status status="PASS" starttime="20251001 22:12:28.588" endtime="20251001 22:12:28.588"/>
</kw>
<kw name="GET" library="RequestsLibrary">
<var>${response}</var>
<arg>${API_BASE_URL}${QUESTIONS_ENDPOINT}</arg>
<arg>params=${params}</arg>
<doc>Sends a GET request.</doc>
<msg timestamp="20251001 22:12:29.139" level="INFO">GET Request : url=https://api.stackexchange.com/2.3/questions?order=desc&amp;sort=creation&amp;site=stackoverflow&amp;pagesize=3 
 path_url=/2.3/questions?order=desc&amp;sort=creation&amp;site=stackoverflow&amp;pagesize=3 
 headers={'User-Agent': 'python-requests/2.31.0', 'Accept-Encoding': 'gzip, deflate', 'Accept': '*/*', 'Connection': 'keep-alive'} 
 body=None 
 </msg>
<msg timestamp="20251001 22:12:29.140" level="INFO">GET Response : url=https://api.stackexchange.com/2.3/questions?order=desc&amp;sort=creation&amp;site=stackoverflow&amp;pagesize=3 
 status=200, reason=OK 
 headers={'Date': 'Wed, 01 Oct 2025 20:12:28 GMT', 'Content-Type': 'application/json; charset=utf-8', 'Content-Length': '904', 'Connection': 'keep-alive', 'Server': 'cloudflare', 'CF-Ray': '987e9d770f09e163-MRS', 'CF-Cache-Status': 'DYNAMIC', 'Access-Control-Allow-Origin': '*', 'Cache-Control': 'private', 'Content-Encoding': 'gzip', 'Set-Cookie': 'prov=6a0ccd47-ff25-41aa-a8b5-ba12c2d915de; expires=Thu, 01 Oct 2026 20:12:28 GMT; domain=.stackexchange.com; path=/; secure; samesite=none; httponly, __cflb=02DiuEqtkS4jGaTk6jRLVowZ76Z4qeo48ovpmo7KbeXKJ; SameSite=Lax; path=/; expires=Thu, 02-Oct-25 19:12:28 GMT; HttpOnly, prov=6a0ccd47-ff25-41aa-a8b5-ba12c2d915de; Path=/; HttpOnly; Domain=stackexchange.com, __cf_bm=mkrwsqi99DrfvmYytmZsbBKOzUsFU2bA_Ayp3vrPShk-1759349548-1.0.1.1-4h5GocacmMw7y5aqpf8Ix7lve6pRdWCTd_h0bNR2DLkx_VPd_ngUbocLbRPNLbC1J26EH3BDy7tzgsejAwHlZdMeWYPqcwJR1um44BKemOQ; path=/; expires=Wed, 01-Oct-25 20:42:28 GMT; domain=.api.stackexchange.com; HttpOnly; Secure; SameSite=None, _cfuvid=0Ho80Z3odQubDPvwdzPjaEs71kk2ZVulLUuVV1b8JOk-1759349548798-0.0.1.1-604800000; path=/; domain=.api.stackexchange.com; HttpOnly; Secure; SameSite=None', 'Strict-Transport-Security': 'max-age=31536000; includeSubDomains', 'Vary': 'accept-encoding', 'access-control-allow-credentials': 'false', 'access-control-allow-methods': 'GET, POST', 'content-security-policy': "upgrade-insecure-requests; frame-ancestors 'self' https://stackexchange.com", 'x-clacks-overhead': 'GNU Terry Pratchett', 'x-content-type-options': 'nosniff', 'x-providence-cookie': '6a0ccd47-ff25-41aa-a8b5-ba12c2d915de', 'x-request-guid': 'c5c6ec73-aec6-46f8-a57b-ca9843f28585', 'x-worker-origin-response-time': '139000000'} 
 body={"items":[{"tags":["ios","payment","apple-developer","apple-developer-enterprise"],"owner":{"account_id":11568709,"reputation":71,"user_id":8476100,"user_type":"registered","profile_image":"https://lh5.googleusercontent.com/-h2R-rosfcgg/AAAAAAAAAAI/AAAAAAAAAOY/bwawONOnBKs/s256-rj/photo.jpg","display_name":"IMAD UL-HASSAN","link":"https://stackoverflow.com/users/8476100/imad-ul-hassan"},"is_answered":false,"view_count":2,"answer_count":0,"score":0,"last_activity_date":1759349442,"creation_date":1759349442,"question_id":79780434,"content_license":"CC BY-SA 4.0","link":"https://stackoverflow.com/questions/79780434/apple-developer-membership-renewal-issue","title":"Apple developer memberShip Renewal Issue"},{"tags":["r","gtsummary"],"owner":{"account_id":40973609,"reputation":157,"user_id":30055639,"user_type":"registered","profile_image":"https://www.gravatar.com/avatar/7cb0ab297214ae7085a898dabfaeb640?s=256&amp;d=identicon&amp;r=PG&amp;f=y&amp;so-version=2","display_name":"Ranjan Karmakar","link":"https://stackoverflow.com/users/30055639/ranjan-karmakar"},"is_answered":false,"view_count":5,"answer_count":0,"score":0,"last_activity_date":1759349174,"creation_date":1759349174,"question_id":79780432,"content_license":"CC BY-SA 4.0","link":"https://stackoverflow.com/questions/79780432/gtsummary-header-counts-with-tbl-strata-nested-stack","title":"GTSUMMARY Header counts with TBL_STRATA_NESTED_STACK"},{"tags":["docker","automation","n8n"],"owner":{"account_id":44165059,"reputation":1,"user_id":31611150,"user_type":"registered","profile_image":"https://www.gravatar.com/avatar/472ceba0d489ce7bd2b1e39f7790c274?s=256&amp;d=identicon&amp;r=PG&amp;f=y&amp;so-version=2","display_name":"PFL","link":"https://stackoverflow.com/users/31611150/pfl"},"is_answered":false,"view_count":3,"answer_count":0,"score":0,"last_activity_date":1759349068,"creation_date":1759349068,"question_id":79780431,"content_license":"CC BY-SA 4.0","link":"https://stackoverflow.com/questions/79780431/n8n-rest-api-always-returns-401-unauthorized-ce-docker-desktop-on-windows-11","title":"n8n REST API always returns 401 Unauthorized (CE, Docker Desktop on Windows 11)"}],"has_more":true,"quota_max":300,"quota_remaining":126} 
 </msg>
<msg timestamp="20251001 22:12:29.140" level="INFO">${response} = &lt;Response [200]&gt;</msg>
<status status="PASS" starttime="20251001 22:12:28.589" endtime="20251001 22:12:29.140"/>
</kw>
<msg timestamp="20251001 22:12:29.150" level="INFO">${response} = &lt;Response [200]&gt;</msg>
<status status="PASS" starttime="20251001 22:12:28.587" endtime="20251001 22:12:29.150"/>
</kw>
<kw name="Get Time" library="BuiltIn">
<var>${end}</var>
<arg>epoch</arg>
<doc>Returns the given time in the requested format.</doc>
<msg timestamp="20251001 22:12:29.152" level="INFO">${end} = 1759349549</msg>
<status status="PASS" starttime="20251001 22:12:29.151" endtime="20251001 22:12:29.152"/>
</kw>
<kw name="Evaluate" library="BuiltIn">
<var>${duration}</var>
<arg>(${end} - ${start}) * 1000</arg>
<doc>Evaluates the given expression in Python and returns the result.</doc>
<msg timestamp="20251001 22:12:29.154" level="INFO">${duration} = 1000</msg>
<status status="PASS" starttime="20251001 22:12:29.153" endtime="20251001 22:12:29.154"/>
</kw>
<kw name="Append To List" library="Collections">
<arg>${response_times}</arg>
<arg>${duration}</arg>
<doc>Adds ``values`` to the end of ``list``.</doc>
<status status="PASS" starttime="20251001 22:12:29.155" endtime="20251001 22:12:29.155"/>
</kw>
<kw name="Log" library="BuiltIn">
<arg>Utilisateur ${user}: ${duration}ms</arg>
<doc>Logs the given message with the given level.</doc>
<msg timestamp="20251001 22:12:29.156" level="INFO">Utilisateur 2: 1000ms</msg>
<status status="PASS" starttime="20251001 22:12:29.156" endtime="20251001 22:12:29.156"/>
</kw>
<status status="PASS" starttime="20251001 22:12:28.582" endtime="20251001 22:12:29.157"/>
</iter>
<iter>
<var name="${user}">3</var>
<kw name="Get Time" library="BuiltIn">
<var>${start}</var>
<arg>epoch</arg>
<doc>Returns the given time in the requested format.</doc>
<msg timestamp="20251001 22:12:29.158" level="INFO">${start} = 1759349549</msg>
<status status="PASS" starttime="20251001 22:12:29.158" endtime="20251001 22:12:29.158"/>
</kw>
<kw name="Setup API Test" library="config">
<kw name="Create Session" library="RequestsLibrary">
<arg>stackoverflow</arg>
<arg>${API_BASE_URL}</arg>
<doc>Create Session: create a HTTP session to a server</doc>
<msg timestamp="20251001 22:12:29.160" level="INFO">Creating Session using : alias=stackoverflow, url=https://api.stackexchange.com/2.3, headers={},                     cookies={}, auth=None, timeout=None, proxies=None, verify=False,                     debug=0 </msg>
<status status="PASS" starttime="20251001 22:12:29.160" endtime="20251001 22:12:29.161"/>
</kw>
<status status="PASS" starttime="20251001 22:12:29.160" endtime="20251001 22:12:29.162"/>
</kw>
<kw name="Get Latest Questions" library="stackoverflow_api">
<var>${response}</var>
<arg>pagesize=3</arg>
<kw name="Create Dictionary" library="BuiltIn">
<var>&amp;{params}</var>
<arg>order=desc</arg>
<arg>sort=${sort}</arg>
<arg>site=stackoverflow</arg>
<arg>pagesize=${pagesize}</arg>
<doc>Creates and returns a dictionary based on the given ``items``.</doc>
<msg timestamp="20251001 22:12:29.163" level="INFO">&amp;{params} = { order=desc | sort=creation | site=stackoverflow | pagesize=3 }</msg>
<status status="PASS" starttime="20251001 22:12:29.162" endtime="20251001 22:12:29.163"/>
</kw>
<kw name="GET" library="RequestsLibrary">
<var>${response}</var>
<arg>${API_BASE_URL}${QUESTIONS_ENDPOINT}</arg>
<arg>params=${params}</arg>
<doc>Sends a GET request.</doc>
<msg timestamp="20251001 22:12:29.650" level="INFO">GET Request : url=https://api.stackexchange.com/2.3/questions?order=desc&amp;sort=creation&amp;site=stackoverflow&amp;pagesize=3 
 path_url=/2.3/questions?order=desc&amp;sort=creation&amp;site=stackoverflow&amp;pagesize=3 
 headers={'User-Agent': 'python-requests/2.31.0', 'Accept-Encoding': 'gzip, deflate', 'Accept': '*/*', 'Connection': 'keep-alive'} 
 body=None 
 </msg>
<msg timestamp="20251001 22:12:29.651" level="INFO">GET Response : url=https://api.stackexchange.com/2.3/questions?order=desc&amp;sort=creation&amp;site=stackoverflow&amp;pagesize=3 
 status=200, reason=OK 
 headers={'Date': 'Wed, 01 Oct 2025 20:12:29 GMT', 'Content-Type': 'application/json; charset=utf-8', 'Content-Length': '904', 'Connection': 'keep-alive', 'Server': 'cloudflare', 'CF-Ray': '987e9d7a5c05e1ba-MRS', 'CF-Cache-Status': 'DYNAMIC', 'Access-Control-Allow-Origin': '*', 'Cache-Control': 'private', 'Content-Encoding': 'gzip', 'Set-Cookie': 'prov=572a8b2d-98b0-4b9e-85ed-a7126b08ae60; expires=Thu, 01 Oct 2026 20:12:29 GMT; domain=.stackexchange.com; path=/; secure; samesite=none; httponly, __cflb=02DiuEqtkS4jGaTk6jRLVowZ76Z4qeo48pfeHzfyDvBoi; SameSite=Lax; path=/; expires=Thu, 02-Oct-25 19:12:29 GMT; HttpOnly, prov=572a8b2d-98b0-4b9e-85ed-a7126b08ae60; Path=/; HttpOnly; Domain=stackexchange.com, __cf_bm=HZAAiMwmTehF_hdkf9jcTKeCigdjozNmswbonvvckSY-1759349549-1.0.1.1-inqisL0IbLmGqfvLxrxmuPSqiac0FUjssSj8bJrloVaVaV.pZqp0uxwswIycRrmjVD0CrJd9Z8MInmNjECkoqVa2gOdPOUNJw6GTaHZfs4Y; path=/; expires=Wed, 01-Oct-25 20:42:29 GMT; domain=.api.stackexchange.com; HttpOnly; Secure; SameSite=None, _cfuvid=AayUloHtsAAGsFTqoaS4lGPshQmyawIzsgioC1Zu3oQ-1759349549336-0.0.1.1-604800000; path=/; domain=.api.stackexchange.com; HttpOnly; Secure; SameSite=None', 'Strict-Transport-Security': 'max-age=31536000; includeSubDomains', 'Vary': 'accept-encoding', 'access-control-allow-credentials': 'false', 'access-control-allow-methods': 'GET, POST', 'content-security-policy': "upgrade-insecure-requests; frame-ancestors 'self' https://stackexchange.com", 'x-clacks-overhead': 'GNU Terry Pratchett', 'x-content-type-options': 'nosniff', 'x-providence-cookie': '572a8b2d-98b0-4b9e-85ed-a7126b08ae60', 'x-request-guid': '89769072-8cb7-489b-9287-e70d7805b885', 'x-worker-origin-response-time': '130000000'} 
 body={"items":[{"tags":["ios","payment","apple-developer","apple-developer-enterprise"],"owner":{"account_id":11568709,"reputation":71,"user_id":8476100,"user_type":"registered","profile_image":"https://lh5.googleusercontent.com/-h2R-rosfcgg/AAAAAAAAAAI/AAAAAAAAAOY/bwawONOnBKs/s256-rj/photo.jpg","display_name":"IMAD UL-HASSAN","link":"https://stackoverflow.com/users/8476100/imad-ul-hassan"},"is_answered":false,"view_count":2,"answer_count":0,"score":0,"last_activity_date":1759349442,"creation_date":1759349442,"question_id":79780434,"content_license":"CC BY-SA 4.0","link":"https://stackoverflow.com/questions/79780434/apple-developer-membership-renewal-issue","title":"Apple developer memberShip Renewal Issue"},{"tags":["r","gtsummary"],"owner":{"account_id":40973609,"reputation":157,"user_id":30055639,"user_type":"registered","profile_image":"https://www.gravatar.com/avatar/7cb0ab297214ae7085a898dabfaeb640?s=256&amp;d=identicon&amp;r=PG&amp;f=y&amp;so-version=2","display_name":"Ranjan Karmakar","link":"https://stackoverflow.com/users/30055639/ranjan-karmakar"},"is_answered":false,"view_count":5,"answer_count":0,"score":0,"last_activity_date":1759349174,"creation_date":1759349174,"question_id":79780432,"content_license":"CC BY-SA 4.0","link":"https://stackoverflow.com/questions/79780432/gtsummary-header-counts-with-tbl-strata-nested-stack","title":"GTSUMMARY Header counts with TBL_STRATA_NESTED_STACK"},{"tags":["docker","automation","n8n"],"owner":{"account_id":44165059,"reputation":1,"user_id":31611150,"user_type":"registered","profile_image":"https://www.gravatar.com/avatar/472ceba0d489ce7bd2b1e39f7790c274?s=256&amp;d=identicon&amp;r=PG&amp;f=y&amp;so-version=2","display_name":"PFL","link":"https://stackoverflow.com/users/31611150/pfl"},"is_answered":false,"view_count":3,"answer_count":0,"score":0,"last_activity_date":1759349068,"creation_date":1759349068,"question_id":79780431,"content_license":"CC BY-SA 4.0","link":"https://stackoverflow.com/questions/79780431/n8n-rest-api-always-returns-401-unauthorized-ce-docker-desktop-on-windows-11","title":"n8n REST API always returns 401 Unauthorized (CE, Docker Desktop on Windows 11)"}],"has_more":true,"quota_max":300,"quota_remaining":124} 
 </msg>
<msg timestamp="20251001 22:12:29.651" level="INFO">${response} = &lt;Response [200]&gt;</msg>
<status status="PASS" starttime="20251001 22:12:29.164" endtime="20251001 22:12:29.651"/>
</kw>
<msg timestamp="20251001 22:12:29.654" level="INFO">${response} = &lt;Response [200]&gt;</msg>
<status status="PASS" starttime="20251001 22:12:29.162" endtime="20251001 22:12:29.654"/>
</kw>
<kw name="Get Time" library="BuiltIn">
<var>${end}</var>
<arg>epoch</arg>
<doc>Returns the given time in the requested format.</doc>
<msg timestamp="20251001 22:12:29.656" level="INFO">${end} = 1759349549</msg>
<status status="PASS" starttime="20251001 22:12:29.655" endtime="20251001 22:12:29.656"/>
</kw>
<kw name="Evaluate" library="BuiltIn">
<var>${duration}</var>
<arg>(${end} - ${start}) * 1000</arg>
<doc>Evaluates the given expression in Python and returns the result.</doc>
<msg timestamp="20251001 22:12:29.658" level="INFO">${duration} = 0</msg>
<status status="PASS" starttime="20251001 22:12:29.657" endtime="20251001 22:12:29.658"/>
</kw>
<kw name="Append To List" library="Collections">
<arg>${response_times}</arg>
<arg>${duration}</arg>
<doc>Adds ``values`` to the end of ``list``.</doc>
<status status="PASS" starttime="20251001 22:12:29.659" endtime="20251001 22:12:29.660"/>
</kw>
<kw name="Log" library="BuiltIn">
<arg>Utilisateur ${user}: ${duration}ms</arg>
<doc>Logs the given message with the given level.</doc>
<msg timestamp="20251001 22:12:29.660" level="INFO">Utilisateur 3: 0ms</msg>
<status status="PASS" starttime="20251001 22:12:29.660" endtime="20251001 22:12:29.660"/>
</kw>
<status status="PASS" starttime="20251001 22:12:29.157" endtime="20251001 22:12:29.661"/>
</iter>
<status status="PASS" starttime="20251001 22:12:28.024" endtime="20251001 22:12:29.662"/>
</for>
<kw name="Evaluate" library="BuiltIn">
<var>${avg}</var>
<arg>sum(${response_times}) / len(${response_times})</arg>
<doc>Evaluates the given expression in Python and returns the result.</doc>
<msg timestamp="20251001 22:12:29.663" level="INFO">${avg} = 333.3333333333333</msg>
<status status="PASS" starttime="20251001 22:12:29.662" endtime="20251001 22:12:29.663"/>
</kw>
<kw name="Log" library="BuiltIn">
<arg>📊 Temps moyen: ${avg}ms</arg>
<doc>Logs the given message with the given level.</doc>
<msg timestamp="20251001 22:12:29.665" level="INFO">📊 Temps moyen: 333.3333333333333ms</msg>
<status status="PASS" starttime="20251001 22:12:29.664" endtime="20251001 22:12:29.665"/>
</kw>
<kw name="Set Variable" library="BuiltIn">
<var>${results}</var>
<arg>Performance Test - Average: ${avg}ms - Individual: ${response_times}</arg>
<doc>Returns the given values which can then be assigned to a variables.</doc>
<msg timestamp="20251001 22:12:29.666" level="INFO">${results} = Performance Test - Average: 333.3333333333333ms - Individual: [0, 1000, 0]</msg>
<status status="PASS" starttime="20251001 22:12:29.666" endtime="20251001 22:12:29.667"/>
</kw>
<kw name="Create File" library="OperatingSystem">
<arg>${EXECDIR}/allure-results/test_results.txt</arg>
<arg>${results}</arg>
<doc>Creates a file with the given content and encoding.</doc>
<msg timestamp="20251001 22:12:29.668" level="INFO" html="true">Created file '&lt;a href="file://c:\Users\Administrateur\Downloads\stackoverflow-test-project\allure-results\test_results.txt"&gt;c:\Users\Administrateur\Downloads\stackoverflow-test-project\allure-results\test_results.txt&lt;/a&gt;'.</msg>
<status status="PASS" starttime="20251001 22:12:29.668" endtime="20251001 22:12:29.669"/>
</kw>
<kw name="Teardown API Test" library="config">
<kw name="Delete All Sessions" library="RequestsLibrary">
<doc>Removes all the session objects</doc>
<msg timestamp="20251001 22:12:29.670" level="INFO">Deleting All Sessions</msg>
<status status="PASS" starttime="20251001 22:12:29.670" endtime="20251001 22:12:29.671"/>
</kw>
<status status="PASS" starttime="20251001 22:12:29.670" endtime="20251001 22:12:29.672"/>
</kw>
<tag>api</tag>
<tag>multi-user</tag>
<tag>performance</tag>
<status status="PASS" starttime="20251001 22:12:28.021" endtime="20251001 22:12:29.672"/>
</test>
<status status="PASS" starttime="20251001 22:12:27.653" endtime="20251001 22:12:30.797"/>
</suite>
<statistics>
<total>
<stat pass="1" fail="0" skip="0">All Tests</stat>
</total>
<tag>
<stat pass="1" fail="0" skip="0">api</stat>
<stat pass="1" fail="0" skip="0">multi-user</stat>
<stat pass="1" fail="0" skip="0">performance</stat>
</tag>
<suite>
<stat pass="1" fail="0" skip="0" id="s1" name="Multi User Tests">Multi User Tests</stat>
</suite>
</statistics>
<errors>
</errors>
</robot>
