<?xml version="1.0" encoding="UTF-8"?>
<robot generator="Robot 6.1.1 (Python 3.13.7 on win32)" generated="20251007 14:41:01.507" rpa="false" schemaversion="4">
<suite id="s1" name="Tests" source="c:\Users\Administrateur\Downloads\stackoverflow-robotframework-tests\tests">
<suite id="s1-s1" name="Api Tests" source="c:\Users\Administrateur\Downloads\stackoverflow-robotframework-tests\tests\api_tests.robot">
<test id="s1-s1-t1" name="Test API Returns Success" line="9">
<kw name="Setup API Test" library="config" type="SETUP">
<kw name="Create Session" library="RequestsLibrary">
<arg>stackoverflow</arg>
<arg>${API_BASE_URL}</arg>
<doc>Create Session: create a HTTP session to a server</doc>
<msg timestamp="20251007 14:41:02.286" level="INFO">Creating Session using : alias=stackoverflow, url=https://api.stackexchange.com/2.3, headers={},                     cookies={}, auth=None, timeout=None, proxies=None, verify=False,                     debug=0 </msg>
<status status="PASS" starttime="20251007 14:41:02.285" endtime="20251007 14:41:02.286"/>
</kw>
<status status="PASS" starttime="20251007 14:41:02.285" endtime="20251007 14:41:02.286"/>
</kw>
<kw name="Get Latest Questions" library="stackoverflow_api">
<var>${response}</var>
<kw name="Create Dictionary" library="BuiltIn">
<var>&amp;{params}</var>
<arg>order=desc</arg>
<arg>sort=${sort}</arg>
<arg>site=stackoverflow</arg>
<arg>pagesize=${pagesize}</arg>
<doc>Creates and returns a dictionary based on the given ``items``.</doc>
<msg timestamp="20251007 14:41:02.289" level="INFO">&amp;{params} = { order=desc | sort=creation | site=stackoverflow | pagesize=10 }</msg>
<status status="PASS" starttime="20251007 14:41:02.288" endtime="20251007 14:41:02.289"/>
</kw>
<kw name="GET" library="RequestsLibrary">
<var>${response}</var>
<arg>${API_BASE_URL}${QUESTIONS_ENDPOINT}</arg>
<arg>params=${params}</arg>
<doc>Sends a GET request.</doc>
<msg timestamp="20251007 14:41:02.876" level="INFO">GET Request : url=https://api.stackexchange.com/2.3/questions?order=desc&amp;sort=creation&amp;site=stackoverflow&amp;pagesize=10 
 path_url=/2.3/questions?order=desc&amp;sort=creation&amp;site=stackoverflow&amp;pagesize=10 
 headers={'User-Agent': 'python-requests/2.31.0', 'Accept-Encoding': 'gzip, deflate', 'Accept': '*/*', 'Connection': 'keep-alive'} 
 body=None 
 </msg>
<msg timestamp="20251007 14:41:02.877" level="INFO">GET Response : url=https://api.stackexchange.com/2.3/questions?order=desc&amp;sort=creation&amp;site=stackoverflow&amp;pagesize=10 
 status=200, reason=OK 
 headers={'Date': 'Tue, 07 Oct 2025 12:40:56 GMT', 'Content-Type': 'application/json; charset=utf-8', 'Content-Length': '2109', 'Connection': 'keep-alive', 'Server': 'cloudflare', 'CF-Ray': '98ad7848389be23f-MRS', 'CF-Cache-Status': 'DYNAMIC', 'Access-Control-Allow-Origin': '*', 'Cache-Control': 'private', 'Content-Encoding': 'gzip', 'Set-Cookie': 'prov=fe8f3056-1c0d-4e23-b838-7b5046bfc345; expires=Wed, 07 Oct 2026 12:40:56 GMT; domain=.stackexchange.com; path=/; secure; samesite=none; httponly, __cflb=02DiuEqtkS4jGaTk6jRLVowZ76Z4qeo49NQUZqFqdfBqE; SameSite=Lax; path=/; expires=Wed, 08-Oct-25 11:40:56 GMT; HttpOnly, prov=fe8f3056-1c0d-4e23-b838-7b5046bfc345; Path=/; HttpOnly; Domain=stackexchange.com, __cf_bm=mBFaR0QOc7x_uYxhRkv.UD.Lw9ql6duXY7YCFKY6xW4-1759840856-1.0.1.1-uj3kWnwDUSj3oe01Fyb0gDhAF_ZgBEIyJjGLc2GhCkqKlQxlPaqNwChGQ7jNM2y25adJ1H_GnFV78psmrQyXZr0HhoT4ZG2Hc1axW4aBEPQ; path=/; expires=Tue, 07-Oct-25 13:10:56 GMT; domain=.api.stackexchange.com; HttpOnly; Secure; SameSite=None, _cfuvid=gFbOdvKv0BH5mpurUMPShhWovybqCfsvXF62Nkc_Y44-1759840856517-0.0.1.1-604800000; path=/; domain=.api.stackexchange.com; HttpOnly; Secure; SameSite=None', 'Strict-Transport-Security': 'max-age=31536000; includeSubDomains', 'Vary': 'accept-encoding', 'access-control-allow-credentials': 'false', 'access-control-allow-methods': 'GET, POST', 'content-security-policy': "upgrade-insecure-requests; frame-ancestors 'self' https://stackexchange.com", 'x-clacks-overhead': 'GNU Terry Pratchett', 'x-content-type-options': 'nosniff', 'x-providence-cookie': 'fe8f3056-1c0d-4e23-b838-7b5046bfc345', 'x-request-guid': '53c79838-62aa-45be-a036-4cd26d543f30', 'x-worker-origin-response-time': '148000000'} 
 body={"items":[{"tags":["react-native","nested","scrollview","gesture","react-native-gesture-handler"],"owner":{"account_id":1968575,"reputation":3735,"user_id":1768179,"user_type":"registered","accept_rate":50,"profile_image":"https://www.gravatar.com/avatar/a8ed54a29fb1321058b8f0e1625c4c0a?s=256&amp;d=identicon&amp;r=PG","display_name":"gentlee","link":"https://stackoverflow.com/users/1768179/gentlee"},"is_answered":false,"view_count":3,"answer_count":0,"score":0,"last_activity_date":1759840421,"creation_date":1759840421,"question_id":79784544,"content_license":"CC BY-SA 4.0","link":"https://stackoverflow.com/questions/79784544/react-native-how-to-configure-priority-angle-for-nested-horizontal-vertical","title":"React Native: How to configure priority (angle) for nested horizontal / vertical scroll?"},{"tags":["r"],"owner":{"account_id":297886,"reputation":14473,"user_id":603625,"user_type":"registered","accept_rate":100,"profile_image":"https://www.gravatar.com/avatar/7f0367a760575233b45323de70682007?s=256&amp;d=identicon&amp;r=PG","display_name":"johannes","link":"https://stackoverflow.com/users/603625/johannes"},"is_answered":false,"view_count":5,"answer_count":0,"score":0,"last_activity_date":1759840360,"creation_date":1759840360,"question_id":79784542,"content_license":"CC BY-SA 4.0","link":"https://stackoverflow.com/questions/79784542/how-to-keep-the-order-of-terms-in-interactions-in-a-model-matrix","title":"How to keep the order of terms in interactions in a model matrix"},{"tags":["pdf","tagged-pdf","pdf-ua"],"owner":{"account_id":7295,"reputation":24588,"user_id":12631,"user_type":"registered","accept_rate":57,"profile_image":"https://i.sstatic.net/waRg3.png?s=256","display_name":"Horcrux7","link":"https://stackoverflow.com/users/12631/horcrux7"},"is_answered":false,"view_count":5,"answer_count":0,"score":0,"last_activity_date":1759840337,"creation_date":1759840337,"question_id":79784541,"content_license":"CC BY-SA 4.0","link":"https://stackoverflow.com/questions/79784541/newlines-in-taged-pdf-pdf-ua-are-lost","title":"Newlines in taged PDF (PDF/UA) are lost"},{"tags":["unity-game-engine","libvlcsharp","vlc-unity"],"owner":{"account_id":303771,"reputation":9187,"user_id":612912,"user_type":"registered","accept_rate":82,"profile_image":"https://www.gravatar.com/avatar/45dcec2049e280a1bef1275c18992b0f?s=256&amp;d=identicon&amp;r=PG","display_name":"jptsetung","link":"https://stackoverflow.com/users/612912/jptsetung"},"is_answered":false,"view_count":7,"answer_count":0,"score":0,"last_activity_date":1759840129,"creation_date":1759840129,"question_id":79784537,"content_license":"CC BY-SA 4.0","link":"https://stackoverflow.com/questions/79784537/vlc-for-unity-trial-version-the-type-or-namespace-name-libvlc-could-not-be-fo","title":"VLC for unity trial version, the type or namespace name &amp;#39;LibVLC&amp;#39; could not be found"},{"tags":["guidewire","gosu"],"owner":{"account_id":1631862,"reputation":181,"user_id":1506226,"user_type":"registered","accept_rate":0,"profile_image":"https://www.gravatar.com/avatar/6b57e8cc6336f4828ec4222281b8c741?s=256&amp;d=identicon&amp;r=PG","display_name":"Dragan Jovanović","link":"https://stackoverflow.com/users/1506226/dragan-jovanovi%c4%87"},"is_answered":false,"view_count":4,"answer_count":0,"score":0,"last_activity_date":1759840112,"creation_date":1759840112,"question_id":79784536,"content_license":"CC BY-SA 4.0","link":"https://stackoverflow.com/questions/79784536/calling-contactutil-unlinkcmcontact-from-batch","title":"calling ContactUtil.unlinkCMContact() from batch"},{"tags":["next.js","server-side-rendering","react-server-components","nextjs-server-actions"],"owner":{"account_id":23978946,"reputation":1,"user_id":17966687,"user_type":"registered","profile_image":"https://www.gravatar.com/avatar/2100f50b4a3242c36d459be366ecce2b?s=256&amp;d=identicon&amp;r=PG","display_name":"lukeac123","link":"https://stackoverflow.com/users/17966687/lukeac123"},"is_answered":false,"view_count":6,"answer_count":0,"score":0,"last_activity_date":1759840146,"creation_date":1759840099,"last_edit_date":1759840146,"question_id":79784535,"content_license":"CC BY-SA 4.0","link":"https://stackoverflow.com/questions/79784535/update-data-in-a-server-component-based-on-a-client-interaction-in-next-js","title":"Update data in a server component based on a client interaction in next.js?"},{"tags":["javascript","node.js","express","server","http-status-code-403"],"owner":{"account_id":44226097,"reputation":1,"user_id":31642673,"user_type":"registered","profile_image":"https://www.gravatar.com/avatar/c5e14bdf23ef8d3fe51bd531d0cea27a?s=256&amp;d=identicon&amp;r=PG&amp;f=y&amp;so-version=2","display_name":"ai ka","link":"https://stackoverflow.com/users/31642673/ai-ka"},"is_answered":false,"view_count":12,"answer_count":0,"score":-3,"last_activity_date":1759840363,"creation_date":1759839909,"last_edit_date":1759840363,"question_id":79784533,"content_license":"CC BY-SA 4.0","link":"https://stackoverflow.com/questions/79784533/node-js-fetch-to-boardgamegeek-api-always-returns-403-forbidden-despite-using-ap","title":"Node.js fetch to BoardGameGeek API always returns 403 Forbidden despite using API token"},{"tags":["redis","go-redis","redistimeseries"],"owner":{"account_id":5450810,"reputation":115,"user_id":4493137,"user_type":"registered","profile_image":"https://www.gravatar.com/avatar/dc423a8c12ea9d3301bf0fc8c462bd65?s=256&amp;d=identicon&amp;r=PG","display_name":"gingin","link":"https://stackoverflow.com/users/4493137/gingin"},"is_answered":false,"view_count":4,"answer_count":0,"score":0,"last_activity_date":1759839878,"creation_date":1759839878,"question_id":79784532,"content_license":"CC BY-SA 4.0","link":"https://stackoverflow.com/questions/79784532/how-to-use-timeseries-in-go-redis","title":"How to use Timeseries in go-redis?"},{"tags":["javascript","python","json","http","url"],"owner":{"account_id":44228303,"reputation":1,"user_id":31643970,"user_type":"registered","profile_image":"https://www.gravatar.com/avatar/43c792d480e353b3e183d2af40a103d1?s=256&amp;d=identicon&amp;r=PG&amp;f=y&amp;so-version=2","display_name":"Liviu Cortac","link":"https://stackoverflow.com/users/31643970/liviu-cortac"},"is_answered":false,"view_count":12,"closed_date":1759840406,"answer_count":0,"score":-4,"last_activity_date":1759839822,"creation_date":1759839822,"question_id":79784530,"link":"https://stackoverflow.com/questions/79784530/js-slow-http-request","closed_reason":"Needs details or clarity","title":"JS Slow http request"},{"tags":["excel","office-scripts"],"owner":{"account_id":12028785,"reputation":13,"user_id":8799684,"user_type":"registered","profile_image":"https://www.gravatar.com/avatar/a9e3a7814599bef407dfdfaabbb60468?s=256&amp;d=identicon&amp;r=PG&amp;f=y&amp;so-version=2","display_name":"Zirynx","link":"https://stackoverflow.com/users/8799684/zirynx"},"is_answered":false,"view_count":9,"answer_count":0,"score":0,"last_activity_date":1759839626,"creation_date":1759839626,"question_id":79784528,"content_license":"CC BY-SA 4.0","link":"https://stackoverflow.com/questions/79784528/excel-office-script-not-vba-to-hide-show-columns-depending-on-cell-value-o","title":"Excel Office Script (not VBA!) to hide / show columns, depending on cell value or filtered table"}],"has_more":true,"quota_max":300,"quota_remaining":183} 
 </msg>
<msg timestamp="20251007 14:41:02.877" level="INFO">${response} = &lt;Response [200]&gt;</msg>
<status status="PASS" starttime="20251007 14:41:02.289" endtime="20251007 14:41:02.877"/>
</kw>
<msg timestamp="20251007 14:41:02.878" level="INFO">${response} = &lt;Response [200]&gt;</msg>
<status status="PASS" starttime="20251007 14:41:02.287" endtime="20251007 14:41:02.878"/>
</kw>
<kw name="Should Be Equal As Numbers" library="BuiltIn">
<arg>${response.status_code}</arg>
<arg>200</arg>
<doc>Fails if objects are unequal after converting them to real numbers.</doc>
<msg timestamp="20251007 14:41:02.880" level="INFO">Argument types are:
&lt;class 'int'&gt;
&lt;class 'str'&gt;</msg>
<status status="PASS" starttime="20251007 14:41:02.878" endtime="20251007 14:41:02.880"/>
</kw>
<kw name="Teardown API Test" library="config" type="TEARDOWN">
<kw name="Delete All Sessions" library="RequestsLibrary">
<doc>Removes all the session objects</doc>
<msg timestamp="20251007 14:41:02.882" level="INFO">Deleting All Sessions</msg>
<status status="PASS" starttime="20251007 14:41:02.881" endtime="20251007 14:41:02.882"/>
</kw>
<status status="PASS" starttime="20251007 14:41:02.881" endtime="20251007 14:41:02.882"/>
</kw>
<tag>api</tag>
<status status="PASS" starttime="20251007 14:41:02.283" endtime="20251007 14:41:02.909"/>
</test>
<test id="s1-s1-t2" name="Test API Returns Questions" line="14">
<kw name="Setup API Test" library="config" type="SETUP">
<kw name="Create Session" library="RequestsLibrary">
<arg>stackoverflow</arg>
<arg>${API_BASE_URL}</arg>
<doc>Create Session: create a HTTP session to a server</doc>
<msg timestamp="20251007 14:41:05.639" level="INFO">Creating Session using : alias=stackoverflow, url=https://api.stackexchange.com/2.3, headers={},                     cookies={}, auth=None, timeout=None, proxies=None, verify=False,                     debug=0 </msg>
<status status="PASS" starttime="20251007 14:41:05.639" endtime="20251007 14:41:05.640"/>
</kw>
<status status="PASS" starttime="20251007 14:41:05.639" endtime="20251007 14:41:05.640"/>
</kw>
<kw name="Get Latest Questions" library="stackoverflow_api">
<var>${response}</var>
<arg>pagesize=5</arg>
<kw name="Create Dictionary" library="BuiltIn">
<var>&amp;{params}</var>
<arg>order=desc</arg>
<arg>sort=${sort}</arg>
<arg>site=stackoverflow</arg>
<arg>pagesize=${pagesize}</arg>
<doc>Creates and returns a dictionary based on the given ``items``.</doc>
<msg timestamp="20251007 14:41:05.641" level="INFO">&amp;{params} = { order=desc | sort=creation | site=stackoverflow | pagesize=5 }</msg>
<status status="PASS" starttime="20251007 14:41:05.641" endtime="20251007 14:41:05.641"/>
</kw>
<kw name="GET" library="RequestsLibrary">
<var>${response}</var>
<arg>${API_BASE_URL}${QUESTIONS_ENDPOINT}</arg>
<arg>params=${params}</arg>
<doc>Sends a GET request.</doc>
<msg timestamp="20251007 14:41:06.152" level="INFO">GET Request : url=https://api.stackexchange.com/2.3/questions?order=desc&amp;sort=creation&amp;site=stackoverflow&amp;pagesize=5 
 path_url=/2.3/questions?order=desc&amp;sort=creation&amp;site=stackoverflow&amp;pagesize=5 
 headers={'User-Agent': 'python-requests/2.31.0', 'Accept-Encoding': 'gzip, deflate', 'Accept': '*/*', 'Connection': 'keep-alive'} 
 body=None 
 </msg>
<msg timestamp="20251007 14:41:06.152" level="INFO">GET Response : url=https://api.stackexchange.com/2.3/questions?order=desc&amp;sort=creation&amp;site=stackoverflow&amp;pagesize=5 
 status=200, reason=OK 
 headers={'Date': 'Tue, 07 Oct 2025 12:40:59 GMT', 'Content-Type': 'application/json; charset=utf-8', 'Content-Length': '1199', 'Connection': 'keep-alive', 'Server': 'cloudflare', 'CF-Ray': '98ad785ca94de1c0-MRS', 'CF-Cache-Status': 'DYNAMIC', 'Access-Control-Allow-Origin': '*', 'Cache-Control': 'private', 'Content-Encoding': 'gzip', 'Set-Cookie': 'prov=4e1ed55c-fdda-4697-8700-b6861d1320d9; expires=Wed, 07 Oct 2026 12:40:59 GMT; domain=.stackexchange.com; path=/; secure; samesite=none; httponly, __cflb=02DiuEqtkS4jGaTk6jRLVowZ76Z4qeo49Qcw8RwnWUBJU; SameSite=Lax; path=/; expires=Wed, 08-Oct-25 11:40:59 GMT; HttpOnly, prov=4e1ed55c-fdda-4697-8700-b6861d1320d9; Path=/; HttpOnly; Domain=stackexchange.com, __cf_bm=FF9vzkSK0n10gwcPfbQz.foCS5hkGti8kTIjNqc9kuA-1759840859-1.0.1.1-TJXDuh1qGyoTYcISEYIfolT_Q8I.J25qOLYNGP7VFzQIhJZxmbxNh0vDsIvm9Z7eZaCBz7BIat0ag0NIUEVZx1Aeu9Gidl2rNQ70z50wpG8; path=/; expires=Tue, 07-Oct-25 13:10:59 GMT; domain=.api.stackexchange.com; HttpOnly; Secure; SameSite=None, _cfuvid=lma_.7.ElwrQ1oSCCzYhVW311lOeS55BXvUViCvSp1Y-1759840859796-0.0.1.1-604800000; path=/; domain=.api.stackexchange.com; HttpOnly; Secure; SameSite=None', 'Strict-Transport-Security': 'max-age=31536000; includeSubDomains', 'Vary': 'accept-encoding', 'access-control-allow-credentials': 'false', 'access-control-allow-methods': 'GET, POST', 'content-security-policy': "upgrade-insecure-requests; frame-ancestors 'self' https://stackexchange.com", 'x-clacks-overhead': 'GNU Terry Pratchett', 'x-content-type-options': 'nosniff', 'x-providence-cookie': '4e1ed55c-fdda-4697-8700-b6861d1320d9', 'x-request-guid': 'ebe7cfbd-6249-434b-8b4e-4390ef5d25ff', 'x-worker-origin-response-time': '138000000'} 
 body={"items":[{"tags":["react-native","nested","scrollview","gesture","react-native-gesture-handler"],"owner":{"account_id":1968575,"reputation":3735,"user_id":1768179,"user_type":"registered","accept_rate":50,"profile_image":"https://www.gravatar.com/avatar/a8ed54a29fb1321058b8f0e1625c4c0a?s=256&amp;d=identicon&amp;r=PG","display_name":"gentlee","link":"https://stackoverflow.com/users/1768179/gentlee"},"is_answered":false,"view_count":3,"answer_count":0,"score":0,"last_activity_date":1759840421,"creation_date":1759840421,"question_id":79784544,"content_license":"CC BY-SA 4.0","link":"https://stackoverflow.com/questions/79784544/react-native-how-to-configure-priority-angle-for-nested-horizontal-vertical","title":"React Native: How to configure priority (angle) for nested horizontal / vertical scroll?"},{"tags":["r"],"owner":{"account_id":297886,"reputation":14473,"user_id":603625,"user_type":"registered","accept_rate":100,"profile_image":"https://www.gravatar.com/avatar/7f0367a760575233b45323de70682007?s=256&amp;d=identicon&amp;r=PG","display_name":"johannes","link":"https://stackoverflow.com/users/603625/johannes"},"is_answered":false,"view_count":5,"answer_count":0,"score":0,"last_activity_date":1759840360,"creation_date":1759840360,"question_id":79784542,"content_license":"CC BY-SA 4.0","link":"https://stackoverflow.com/questions/79784542/how-to-keep-the-order-of-terms-in-interactions-in-a-model-matrix","title":"How to keep the order of terms in interactions in a model matrix"},{"tags":["pdf","tagged-pdf","pdf-ua"],"owner":{"account_id":7295,"reputation":24588,"user_id":12631,"user_type":"registered","accept_rate":57,"profile_image":"https://i.sstatic.net/waRg3.png?s=256","display_name":"Horcrux7","link":"https://stackoverflow.com/users/12631/horcrux7"},"is_answered":false,"view_count":5,"answer_count":0,"score":0,"last_activity_date":1759840337,"creation_date":1759840337,"question_id":79784541,"content_license":"CC BY-SA 4.0","link":"https://stackoverflow.com/questions/79784541/newlines-in-taged-pdf-pdf-ua-are-lost","title":"Newlines in taged PDF (PDF/UA) are lost"},{"tags":["unity-game-engine","libvlcsharp","vlc-unity"],"owner":{"account_id":303771,"reputation":9187,"user_id":612912,"user_type":"registered","accept_rate":82,"profile_image":"https://www.gravatar.com/avatar/45dcec2049e280a1bef1275c18992b0f?s=256&amp;d=identicon&amp;r=PG","display_name":"jptsetung","link":"https://stackoverflow.com/users/612912/jptsetung"},"is_answered":false,"view_count":7,"answer_count":0,"score":0,"last_activity_date":1759840129,"creation_date":1759840129,"question_id":79784537,"content_license":"CC BY-SA 4.0","link":"https://stackoverflow.com/questions/79784537/vlc-for-unity-trial-version-the-type-or-namespace-name-libvlc-could-not-be-fo","title":"VLC for unity trial version, the type or namespace name &amp;#39;LibVLC&amp;#39; could not be found"},{"tags":["guidewire","gosu"],"owner":{"account_id":1631862,"reputation":181,"user_id":1506226,"user_type":"registered","accept_rate":0,"profile_image":"https://www.gravatar.com/avatar/6b57e8cc6336f4828ec4222281b8c741?s=256&amp;d=identicon&amp;r=PG","display_name":"Dragan Jovanović","link":"https://stackoverflow.com/users/1506226/dragan-jovanovi%c4%87"},"is_answered":false,"view_count":4,"answer_count":0,"score":0,"last_activity_date":1759840112,"creation_date":1759840112,"question_id":79784536,"content_license":"CC BY-SA 4.0","link":"https://stackoverflow.com/questions/79784536/calling-contactutil-unlinkcmcontact-from-batch","title":"calling ContactUtil.unlinkCMContact() from batch"}],"has_more":true,"quota_max":300,"quota_remaining":182} 
 </msg>
<msg timestamp="20251007 14:41:06.152" level="INFO">${response} = &lt;Response [200]&gt;</msg>
<status status="PASS" starttime="20251007 14:41:05.641" endtime="20251007 14:41:06.152"/>
</kw>
<msg timestamp="20251007 14:41:06.152" level="INFO">${response} = &lt;Response [200]&gt;</msg>
<status status="PASS" starttime="20251007 14:41:05.640" endtime="20251007 14:41:06.152"/>
</kw>
<kw name="Get Length" library="BuiltIn">
<var>${count}</var>
<arg>${response.json()['items']}</arg>
<doc>Returns and logs the length of the given item as an integer.</doc>
<msg timestamp="20251007 14:41:06.156" level="INFO">Length is 5</msg>
<msg timestamp="20251007 14:41:06.156" level="INFO">${count} = 5</msg>
<status status="PASS" starttime="20251007 14:41:06.153" endtime="20251007 14:41:06.156"/>
</kw>
<kw name="Should Be True" library="BuiltIn">
<arg>${count} &gt; 0</arg>
<doc>Fails if the given condition is not true.</doc>
<status status="PASS" starttime="20251007 14:41:06.156" endtime="20251007 14:41:06.157"/>
</kw>
<kw name="Teardown API Test" library="config" type="TEARDOWN">
<kw name="Delete All Sessions" library="RequestsLibrary">
<doc>Removes all the session objects</doc>
<msg timestamp="20251007 14:41:06.158" level="INFO">Deleting All Sessions</msg>
<status status="PASS" starttime="20251007 14:41:06.158" endtime="20251007 14:41:06.158"/>
</kw>
<status status="PASS" starttime="20251007 14:41:06.157" endtime="20251007 14:41:06.158"/>
</kw>
<tag>api</tag>
<status status="PASS" starttime="20251007 14:41:05.636" endtime="20251007 14:41:06.158"/>
</test>
<test id="s1-s1-t3" name="Pagination Parameterized Test" line="21">
<kw name="Setup API Test" library="config" type="SETUP">
<kw name="Create Session" library="RequestsLibrary">
<arg>stackoverflow</arg>
<arg>${API_BASE_URL}</arg>
<doc>Create Session: create a HTTP session to a server</doc>
<msg timestamp="20251007 14:41:06.169" level="INFO">Creating Session using : alias=stackoverflow, url=https://api.stackexchange.com/2.3, headers={},                     cookies={}, auth=None, timeout=None, proxies=None, verify=False,                     debug=0 </msg>
<status status="PASS" starttime="20251007 14:41:06.168" endtime="20251007 14:41:06.169"/>
</kw>
<status status="PASS" starttime="20251007 14:41:06.168" endtime="20251007 14:41:06.169"/>
</kw>
<kw name="Check PageSize Returns ExpectedCount">
<arg>1</arg>
<kw name="Get Latest Questions" library="stackoverflow_api">
<var>${response}</var>
<arg>pagesize=${pagesize}</arg>
<kw name="Create Dictionary" library="BuiltIn">
<var>&amp;{params}</var>
<arg>order=desc</arg>
<arg>sort=${sort}</arg>
<arg>site=stackoverflow</arg>
<arg>pagesize=${pagesize}</arg>
<doc>Creates and returns a dictionary based on the given ``items``.</doc>
<msg timestamp="20251007 14:41:06.171" level="INFO">&amp;{params} = { order=desc | sort=creation | site=stackoverflow | pagesize=1 }</msg>
<status status="PASS" starttime="20251007 14:41:06.170" endtime="20251007 14:41:06.171"/>
</kw>
<kw name="GET" library="RequestsLibrary">
<var>${response}</var>
<arg>${API_BASE_URL}${QUESTIONS_ENDPOINT}</arg>
<arg>params=${params}</arg>
<doc>Sends a GET request.</doc>
<msg timestamp="20251007 14:41:06.646" level="INFO">GET Request : url=https://api.stackexchange.com/2.3/questions?order=desc&amp;sort=creation&amp;site=stackoverflow&amp;pagesize=1 
 path_url=/2.3/questions?order=desc&amp;sort=creation&amp;site=stackoverflow&amp;pagesize=1 
 headers={'User-Agent': 'python-requests/2.31.0', 'Accept-Encoding': 'gzip, deflate', 'Accept': '*/*', 'Connection': 'keep-alive'} 
 body=None 
 </msg>
<msg timestamp="20251007 14:41:06.646" level="INFO">GET Response : url=https://api.stackexchange.com/2.3/questions?order=desc&amp;sort=creation&amp;site=stackoverflow&amp;pagesize=1 
 status=200, reason=OK 
 headers={'Date': 'Tue, 07 Oct 2025 12:41:00 GMT', 'Content-Type': 'application/json; charset=utf-8', 'Content-Length': '528', 'Connection': 'keep-alive', 'Server': 'cloudflare', 'CF-Ray': '98ad785fde9b11c1-MRS', 'CF-Cache-Status': 'DYNAMIC', 'Access-Control-Allow-Origin': '*', 'Cache-Control': 'private', 'Content-Encoding': 'gzip', 'Set-Cookie': 'prov=1fa28501-31b6-4117-a9d8-f643476bc93b; expires=Wed, 07 Oct 2026 12:41:00 GMT; domain=.stackexchange.com; path=/; secure; samesite=none; httponly, __cflb=02DiuEqtkS4jGaTk6jRLVowZ76Z4qeo49RMkedWS8jqnt; SameSite=Lax; path=/; expires=Wed, 08-Oct-25 11:41:00 GMT; HttpOnly, prov=1fa28501-31b6-4117-a9d8-f643476bc93b; Path=/; HttpOnly; Domain=stackexchange.com, __cf_bm=.TLe0JKfp9pDP8Y0MylZXoxDY0tYGkVBIPa2tzAzJo0-1759840860-1.0.1.1-V2hBNvoD1OP1rM_.RypX8VyKVuzo41OEzArKvc3Cxz5GE4KzcNnIbDcgR.W_M_u94cYAxN_O.TzZOwTIWSdz25KdjbQBKMAxglQkO1rNTqs; path=/; expires=Tue, 07-Oct-25 13:11:00 GMT; domain=.api.stackexchange.com; HttpOnly; Secure; SameSite=None, _cfuvid=7R_WECwSSrDr22Ca9Zax.CzMLnQbVoDisH1WOHx9dY4-1759840860289-0.0.1.1-604800000; path=/; domain=.api.stackexchange.com; HttpOnly; Secure; SameSite=None', 'Strict-Transport-Security': 'max-age=31536000; includeSubDomains', 'Vary': 'accept-encoding', 'access-control-allow-credentials': 'false', 'access-control-allow-methods': 'GET, POST', 'content-security-policy': "upgrade-insecure-requests; frame-ancestors 'self' https://stackexchange.com", 'x-clacks-overhead': 'GNU Terry Pratchett', 'x-content-type-options': 'nosniff', 'x-providence-cookie': '1fa28501-31b6-4117-a9d8-f643476bc93b', 'x-request-guid': '15b1b1e5-bcab-4943-9705-0da623652580', 'x-worker-origin-response-time': '142000000'} 
 body={"items":[{"tags":["react-native","nested","scrollview","gesture","react-native-gesture-handler"],"owner":{"account_id":1968575,"reputation":3735,"user_id":1768179,"user_type":"registered","accept_rate":50,"profile_image":"https://www.gravatar.com/avatar/a8ed54a29fb1321058b8f0e1625c4c0a?s=256&amp;d=identicon&amp;r=PG","display_name":"gentlee","link":"https://stackoverflow.com/users/1768179/gentlee"},"is_answered":false,"view_count":3,"answer_count":0,"score":0,"last_activity_date":1759840421,"creation_date":1759840421,"question_id":79784544,"content_license":"CC BY-SA 4.0","link":"https://stackoverflow.com/questions/79784544/react-native-how-to-configure-priority-angle-for-nested-horizontal-vertical","title":"React Native: How to configure priority (angle) for nested horizontal / vertical scroll?"}],"has_more":true,"quota_max":300,"quota_remaining":182} 
 </msg>
<msg timestamp="20251007 14:41:06.646" level="INFO">${response} = &lt;Response [200]&gt;</msg>
<status status="PASS" starttime="20251007 14:41:06.171" endtime="20251007 14:41:06.646"/>
</kw>
<msg timestamp="20251007 14:41:06.646" level="INFO">${response} = &lt;Response [200]&gt;</msg>
<status status="PASS" starttime="20251007 14:41:06.170" endtime="20251007 14:41:06.646"/>
</kw>
<kw name="Get Latest Questions Json" library="stackoverflow_api">
<var>${json}</var>
<arg>${response}</arg>
<arg>pagesize=${pagesize}</arg>
<kw name="Get Latest Questions" library="stackoverflow_api">
<var>${response}</var>
<arg>${pagesize}</arg>
<arg>creation</arg>
<kw name="Create Dictionary" library="BuiltIn">
<var>&amp;{params}</var>
<arg>order=desc</arg>
<arg>sort=${sort}</arg>
<arg>site=stackoverflow</arg>
<arg>pagesize=${pagesize}</arg>
<doc>Creates and returns a dictionary based on the given ``items``.</doc>
<msg timestamp="20251007 14:41:06.648" level="INFO">&amp;{params} = { order=desc | sort=creation | site=stackoverflow | pagesize=1 }</msg>
<status status="PASS" starttime="20251007 14:41:06.648" endtime="20251007 14:41:06.648"/>
</kw>
<kw name="GET" library="RequestsLibrary">
<var>${response}</var>
<arg>${API_BASE_URL}${QUESTIONS_ENDPOINT}</arg>
<arg>params=${params}</arg>
<doc>Sends a GET request.</doc>
<msg timestamp="20251007 14:41:07.131" level="INFO">GET Request : url=https://api.stackexchange.com/2.3/questions?order=desc&amp;sort=creation&amp;site=stackoverflow&amp;pagesize=1 
 path_url=/2.3/questions?order=desc&amp;sort=creation&amp;site=stackoverflow&amp;pagesize=1 
 headers={'User-Agent': 'python-requests/2.31.0', 'Accept-Encoding': 'gzip, deflate', 'Accept': '*/*', 'Connection': 'keep-alive'} 
 body=None 
 </msg>
<msg timestamp="20251007 14:41:07.131" level="INFO">GET Response : url=https://api.stackexchange.com/2.3/questions?order=desc&amp;sort=creation&amp;site=stackoverflow&amp;pagesize=1 
 status=200, reason=OK 
 headers={'Date': 'Tue, 07 Oct 2025 12:41:00 GMT', 'Content-Type': 'application/json; charset=utf-8', 'Content-Length': '528', 'Connection': 'keep-alive', 'Server': 'cloudflare', 'CF-Ray': '98ad7862d84fe18f-MRS', 'CF-Cache-Status': 'DYNAMIC', 'Access-Control-Allow-Origin': '*', 'Cache-Control': 'private', 'Content-Encoding': 'gzip', 'Set-Cookie': 'prov=81fb33db-bfb9-45f1-b307-9d0bb4c8cbc7; expires=Wed, 07 Oct 2026 12:41:00 GMT; domain=.stackexchange.com; path=/; secure; samesite=none; httponly, __cflb=02DiuEqtkS4jGaTk6jRLVowZ76Z4qeo49RMkedWS8jqnt; SameSite=Lax; path=/; expires=Wed, 08-Oct-25 11:41:00 GMT; HttpOnly, prov=81fb33db-bfb9-45f1-b307-9d0bb4c8cbc7; Path=/; HttpOnly; Domain=stackexchange.com, __cf_bm=Lo.8YIs9e60bnFv7ms6_6E99Dp9z9sB0rGRLa09_uYM-1759840860-1.0.1.1-XMkzt0eC3wphrtE2Enm6u7yNXdoSOnQ_PDZroov98xPzBOrbBS9w2zQWApq1BoCUgtIXTTbvdvAUKbkAVncbqiG9qcLvJbX.ppouG3kPi1E; path=/; expires=Tue, 07-Oct-25 13:11:00 GMT; domain=.api.stackexchange.com; HttpOnly; Secure; SameSite=None, _cfuvid=BG_rgKNg2MsFNHTH03Lwf3KCQm6SBWRy7MR4co1MHdM-1759840860775-0.0.1.1-604800000; path=/; domain=.api.stackexchange.com; HttpOnly; Secure; SameSite=None', 'Strict-Transport-Security': 'max-age=31536000; includeSubDomains', 'Vary': 'accept-encoding', 'access-control-allow-credentials': 'false', 'access-control-allow-methods': 'GET, POST', 'content-security-policy': "upgrade-insecure-requests; frame-ancestors 'self' https://stackexchange.com", 'x-clacks-overhead': 'GNU Terry Pratchett', 'x-content-type-options': 'nosniff', 'x-providence-cookie': '81fb33db-bfb9-45f1-b307-9d0bb4c8cbc7', 'x-request-guid': '978b8b32-a578-4e7d-989f-3e1e82beb5ee', 'x-worker-origin-response-time': '148000000'} 
 body={"items":[{"tags":["react-native","nested","scrollview","gesture","react-native-gesture-handler"],"owner":{"account_id":1968575,"reputation":3735,"user_id":1768179,"user_type":"registered","accept_rate":50,"profile_image":"https://www.gravatar.com/avatar/a8ed54a29fb1321058b8f0e1625c4c0a?s=256&amp;d=identicon&amp;r=PG","display_name":"gentlee","link":"https://stackoverflow.com/users/1768179/gentlee"},"is_answered":false,"view_count":3,"answer_count":0,"score":0,"last_activity_date":1759840421,"creation_date":1759840421,"question_id":79784544,"content_license":"CC BY-SA 4.0","link":"https://stackoverflow.com/questions/79784544/react-native-how-to-configure-priority-angle-for-nested-horizontal-vertical","title":"React Native: How to configure priority (angle) for nested horizontal / vertical scroll?"}],"has_more":true,"quota_max":300,"quota_remaining":182} 
 </msg>
<msg timestamp="20251007 14:41:07.131" level="INFO">${response} = &lt;Response [200]&gt;</msg>
<status status="PASS" starttime="20251007 14:41:06.648" endtime="20251007 14:41:07.131"/>
</kw>
<msg timestamp="20251007 14:41:07.131" level="INFO">${response} = &lt;Response [200]&gt;</msg>
<status status="PASS" starttime="20251007 14:41:06.647" endtime="20251007 14:41:07.131"/>
</kw>
<kw name="To Json" library="RequestsLibrary">
<var>${json}</var>
<arg>${response.text}</arg>
<doc>*DEPRECATED* Please use ${resp.json()} instead. Have a look at the improved HTML output as pretty printing replacement.</doc>
<msg timestamp="20251007 14:41:07.132" level="WARN">Keyword 'RequestsLibrary.To Json' is deprecated. Please use ${resp.json()} instead. Have a look at the improved HTML output as pretty printing replacement.</msg>
<msg timestamp="20251007 14:41:07.133" level="INFO">To JSON using : content={"items":[{"tags":["react-native","nested","scrollview","gesture","react-native-gesture-handler"],"owner":{"account_id":1968575,"reputation":3735,"user_id":1768179,"user_type":"registered","accept_rate":50,"profile_image":"https://www.gravatar.com/avatar/a8ed54a29fb1321058b8f0e1625c4c0a?s=256&amp;d=identicon&amp;r=PG","display_name":"gentlee","link":"https://stackoverflow.com/users/1768179/gentlee"},"is_answered":false,"view_count":3,"answer_count":0,"score":0,"last_activity_date":1759840421,"creation_date":1759840421,"question_id":79784544,"content_license":"CC BY-SA 4.0","link":"https://stackoverflow.com/questions/79784544/react-native-how-to-configure-priority-angle-for-nested-horizontal-vertical","title":"React Native: How to configure priority (angle) for nested horizontal / vertical scroll?"}],"has_more":true,"quota_max":300,"quota_remaining":182} </msg>
<msg timestamp="20251007 14:41:07.133" level="INFO">To JSON using : pretty_print=False </msg>
<msg timestamp="20251007 14:41:07.133" level="INFO">${json} = {'items': [{'tags': ['react-native', 'nested', 'scrollview', 'gesture', 'react-native-gesture-handler'], 'owner': {'account_id': 1968575, 'reputation': 3735, 'user_id': 1768179, 'user_type': 'register...</msg>
<status status="PASS" starttime="20251007 14:41:07.132" endtime="20251007 14:41:07.133"/>
</kw>
<msg timestamp="20251007 14:41:07.134" level="INFO">${json} = {'items': [{'tags': ['react-native', 'nested', 'scrollview', 'gesture', 'react-native-gesture-handler'], 'owner': {'account_id': 1968575, 'reputation': 3735, 'user_id': 1768179, 'user_type': 'register...</msg>
<status status="PASS" starttime="20251007 14:41:06.647" endtime="20251007 14:41:07.134"/>
</kw>
<kw name="Set Variable" library="BuiltIn">
<var>${items}</var>
<arg>${json["items"]}</arg>
<doc>Returns the given values which can then be assigned to a variables.</doc>
<msg timestamp="20251007 14:41:07.135" level="INFO">${items} = [{'tags': ['react-native', 'nested', 'scrollview', 'gesture', 'react-native-gesture-handler'], 'owner': {'account_id': 1968575, 'reputation': 3735, 'user_id': 1768179, 'user_type': 'registered', 'acce...</msg>
<status status="PASS" starttime="20251007 14:41:07.134" endtime="20251007 14:41:07.135"/>
</kw>
<kw name="Get Length" library="BuiltIn">
<var>${len}</var>
<arg>${items}</arg>
<doc>Returns and logs the length of the given item as an integer.</doc>
<msg timestamp="20251007 14:41:07.135" level="INFO">Length is 1</msg>
<msg timestamp="20251007 14:41:07.135" level="INFO">${len} = 1</msg>
<status status="PASS" starttime="20251007 14:41:07.135" endtime="20251007 14:41:07.135"/>
</kw>
<kw name="Should Be True" library="BuiltIn">
<arg>${len} &lt;= ${pagesize}</arg>
<doc>Fails if the given condition is not true.</doc>
<status status="PASS" starttime="20251007 14:41:07.135" endtime="20251007 14:41:07.136"/>
</kw>
<status status="PASS" starttime="20251007 14:41:06.170" endtime="20251007 14:41:07.136"/>
</kw>
<kw name="Check PageSize Returns ExpectedCount">
<arg>5</arg>
<kw name="Get Latest Questions" library="stackoverflow_api">
<var>${response}</var>
<arg>pagesize=${pagesize}</arg>
<kw name="Create Dictionary" library="BuiltIn">
<var>&amp;{params}</var>
<arg>order=desc</arg>
<arg>sort=${sort}</arg>
<arg>site=stackoverflow</arg>
<arg>pagesize=${pagesize}</arg>
<doc>Creates and returns a dictionary based on the given ``items``.</doc>
<msg timestamp="20251007 14:41:07.137" level="INFO">&amp;{params} = { order=desc | sort=creation | site=stackoverflow | pagesize=5 }</msg>
<status status="PASS" starttime="20251007 14:41:07.137" endtime="20251007 14:41:07.137"/>
</kw>
<kw name="GET" library="RequestsLibrary">
<var>${response}</var>
<arg>${API_BASE_URL}${QUESTIONS_ENDPOINT}</arg>
<arg>params=${params}</arg>
<doc>Sends a GET request.</doc>
<msg timestamp="20251007 14:41:07.632" level="INFO">GET Request : url=https://api.stackexchange.com/2.3/questions?order=desc&amp;sort=creation&amp;site=stackoverflow&amp;pagesize=5 
 path_url=/2.3/questions?order=desc&amp;sort=creation&amp;site=stackoverflow&amp;pagesize=5 
 headers={'User-Agent': 'python-requests/2.31.0', 'Accept-Encoding': 'gzip, deflate', 'Accept': '*/*', 'Connection': 'keep-alive'} 
 body=None 
 </msg>
<msg timestamp="20251007 14:41:07.632" level="INFO">GET Response : url=https://api.stackexchange.com/2.3/questions?order=desc&amp;sort=creation&amp;site=stackoverflow&amp;pagesize=5 
 status=200, reason=OK 
 headers={'Date': 'Tue, 07 Oct 2025 12:41:01 GMT', 'Content-Type': 'application/json; charset=utf-8', 'Content-Length': '1200', 'Connection': 'keep-alive', 'Server': 'cloudflare', 'CF-Ray': '98ad7865ffbc73af-MRS', 'CF-Cache-Status': 'DYNAMIC', 'Access-Control-Allow-Origin': '*', 'Cache-Control': 'private', 'Content-Encoding': 'gzip', 'Set-Cookie': 'prov=e8b98b90-f760-4156-a8c9-94f66f9d0c57; expires=Wed, 07 Oct 2026 12:41:01 GMT; domain=.stackexchange.com; path=/; secure; samesite=none; httponly, __cflb=02DiuEqtkS4jGaTk6jRLVowZ76Z4qeo49S6aAq55m1WHJ; SameSite=Lax; path=/; expires=Wed, 08-Oct-25 11:41:01 GMT; HttpOnly, prov=e8b98b90-f760-4156-a8c9-94f66f9d0c57; Path=/; HttpOnly; Domain=stackexchange.com, __cf_bm=vJ5lig38EJI6UpQSodkMz3PHN623IujfntBnPMYcQD0-1759840861-1.0.1.1-BtnTT4eWm9eha8Geca.FZKbdd9UqZplSNyslg2hHdBue8G7wCaksaAbkg_BCrxS.vVMKqsRGwHd9bifNl2dPAs5od94gyKFuqAtB9tCWTso; path=/; expires=Tue, 07-Oct-25 13:11:01 GMT; domain=.api.stackexchange.com; HttpOnly; Secure; SameSite=None, _cfuvid=D.T2uzmdYKPqWQWGRRGJp7iS98SN.j2_6DcCHvn05Xs-1759840861275-0.0.1.1-604800000; path=/; domain=.api.stackexchange.com; HttpOnly; Secure; SameSite=None', 'Strict-Transport-Security': 'max-age=31536000; includeSubDomains', 'Vary': 'accept-encoding', 'access-control-allow-credentials': 'false', 'access-control-allow-methods': 'GET, POST', 'content-security-policy': "upgrade-insecure-requests; frame-ancestors 'self' https://stackexchange.com", 'x-clacks-overhead': 'GNU Terry Pratchett', 'x-content-type-options': 'nosniff', 'x-providence-cookie': 'e8b98b90-f760-4156-a8c9-94f66f9d0c57', 'x-request-guid': '07b52850-9443-43be-81cf-fb4c4fe24dc4', 'x-worker-origin-response-time': '131000000'} 
 body={"items":[{"tags":["react-native","nested","scrollview","gesture","react-native-gesture-handler"],"owner":{"account_id":1968575,"reputation":3735,"user_id":1768179,"user_type":"registered","accept_rate":50,"profile_image":"https://www.gravatar.com/avatar/a8ed54a29fb1321058b8f0e1625c4c0a?s=256&amp;d=identicon&amp;r=PG","display_name":"gentlee","link":"https://stackoverflow.com/users/1768179/gentlee"},"is_answered":false,"view_count":3,"answer_count":0,"score":0,"last_activity_date":1759840421,"creation_date":1759840421,"question_id":79784544,"content_license":"CC BY-SA 4.0","link":"https://stackoverflow.com/questions/79784544/react-native-how-to-configure-priority-angle-for-nested-horizontal-vertical","title":"React Native: How to configure priority (angle) for nested horizontal / vertical scroll?"},{"tags":["r"],"owner":{"account_id":297886,"reputation":14473,"user_id":603625,"user_type":"registered","accept_rate":100,"profile_image":"https://www.gravatar.com/avatar/7f0367a760575233b45323de70682007?s=256&amp;d=identicon&amp;r=PG","display_name":"johannes","link":"https://stackoverflow.com/users/603625/johannes"},"is_answered":false,"view_count":5,"answer_count":0,"score":0,"last_activity_date":1759840360,"creation_date":1759840360,"question_id":79784542,"content_license":"CC BY-SA 4.0","link":"https://stackoverflow.com/questions/79784542/how-to-keep-the-order-of-terms-in-interactions-in-a-model-matrix","title":"How to keep the order of terms in interactions in a model matrix"},{"tags":["pdf","tagged-pdf","pdf-ua"],"owner":{"account_id":7295,"reputation":24588,"user_id":12631,"user_type":"registered","accept_rate":57,"profile_image":"https://i.sstatic.net/waRg3.png?s=256","display_name":"Horcrux7","link":"https://stackoverflow.com/users/12631/horcrux7"},"is_answered":false,"view_count":5,"answer_count":0,"score":0,"last_activity_date":1759840337,"creation_date":1759840337,"question_id":79784541,"content_license":"CC BY-SA 4.0","link":"https://stackoverflow.com/questions/79784541/newlines-in-taged-pdf-pdf-ua-are-lost","title":"Newlines in taged PDF (PDF/UA) are lost"},{"tags":["unity-game-engine","libvlcsharp","vlc-unity"],"owner":{"account_id":303771,"reputation":9187,"user_id":612912,"user_type":"registered","accept_rate":82,"profile_image":"https://www.gravatar.com/avatar/45dcec2049e280a1bef1275c18992b0f?s=256&amp;d=identicon&amp;r=PG","display_name":"jptsetung","link":"https://stackoverflow.com/users/612912/jptsetung"},"is_answered":false,"view_count":7,"answer_count":0,"score":0,"last_activity_date":1759840129,"creation_date":1759840129,"question_id":79784537,"content_license":"CC BY-SA 4.0","link":"https://stackoverflow.com/questions/79784537/vlc-for-unity-trial-version-the-type-or-namespace-name-libvlc-could-not-be-fo","title":"VLC for unity trial version, the type or namespace name &amp;#39;LibVLC&amp;#39; could not be found"},{"tags":["guidewire","gosu"],"owner":{"account_id":1631862,"reputation":181,"user_id":1506226,"user_type":"registered","accept_rate":0,"profile_image":"https://www.gravatar.com/avatar/6b57e8cc6336f4828ec4222281b8c741?s=256&amp;d=identicon&amp;r=PG","display_name":"Dragan Jovanović","link":"https://stackoverflow.com/users/1506226/dragan-jovanovi%c4%87"},"is_answered":false,"view_count":4,"answer_count":0,"score":0,"last_activity_date":1759840112,"creation_date":1759840112,"question_id":79784536,"content_license":"CC BY-SA 4.0","link":"https://stackoverflow.com/questions/79784536/calling-contactutil-unlinkcmcontact-from-batch","title":"calling ContactUtil.unlinkCMContact() from batch"}],"has_more":true,"quota_max":300,"quota_remaining":179} 
 </msg>
<msg timestamp="20251007 14:41:07.632" level="INFO">${response} = &lt;Response [200]&gt;</msg>
<status status="PASS" starttime="20251007 14:41:07.138" endtime="20251007 14:41:07.632"/>
</kw>
<msg timestamp="20251007 14:41:07.632" level="INFO">${response} = &lt;Response [200]&gt;</msg>
<status status="PASS" starttime="20251007 14:41:07.137" endtime="20251007 14:41:07.632"/>
</kw>
<kw name="Get Latest Questions Json" library="stackoverflow_api">
<var>${json}</var>
<arg>${response}</arg>
<arg>pagesize=${pagesize}</arg>
<kw name="Get Latest Questions" library="stackoverflow_api">
<var>${response}</var>
<arg>${pagesize}</arg>
<arg>creation</arg>
<kw name="Create Dictionary" library="BuiltIn">
<var>&amp;{params}</var>
<arg>order=desc</arg>
<arg>sort=${sort}</arg>
<arg>site=stackoverflow</arg>
<arg>pagesize=${pagesize}</arg>
<doc>Creates and returns a dictionary based on the given ``items``.</doc>
<msg timestamp="20251007 14:41:07.633" level="INFO">&amp;{params} = { order=desc | sort=creation | site=stackoverflow | pagesize=5 }</msg>
<status status="PASS" starttime="20251007 14:41:07.633" endtime="20251007 14:41:07.633"/>
</kw>
<kw name="GET" library="RequestsLibrary">
<var>${response}</var>
<arg>${API_BASE_URL}${QUESTIONS_ENDPOINT}</arg>
<arg>params=${params}</arg>
<doc>Sends a GET request.</doc>
<msg timestamp="20251007 14:41:08.146" level="INFO">GET Request : url=https://api.stackexchange.com/2.3/questions?order=desc&amp;sort=creation&amp;site=stackoverflow&amp;pagesize=5 
 path_url=/2.3/questions?order=desc&amp;sort=creation&amp;site=stackoverflow&amp;pagesize=5 
 headers={'User-Agent': 'python-requests/2.31.0', 'Accept-Encoding': 'gzip, deflate', 'Accept': '*/*', 'Connection': 'keep-alive'} 
 body=None 
 </msg>
<msg timestamp="20251007 14:41:08.146" level="INFO">GET Response : url=https://api.stackexchange.com/2.3/questions?order=desc&amp;sort=creation&amp;site=stackoverflow&amp;pagesize=5 
 status=200, reason=OK 
 headers={'Date': 'Tue, 07 Oct 2025 12:41:01 GMT', 'Content-Type': 'application/json; charset=utf-8', 'Content-Length': '1200', 'Connection': 'keep-alive', 'Server': 'cloudflare', 'CF-Ray': '98ad7868f9370c20-MRS', 'CF-Cache-Status': 'DYNAMIC', 'Access-Control-Allow-Origin': '*', 'Cache-Control': 'private', 'Content-Encoding': 'gzip', 'Set-Cookie': 'prov=3b7ecff9-cf9e-47a2-8ce9-a3653f5c17fb; expires=Wed, 07 Oct 2026 12:41:01 GMT; domain=.stackexchange.com; path=/; secure; samesite=none; httponly, __cflb=02DiuEqtkS4jGaTk6jRLVowZ76Z4qeo49S6aAq55m1WHJ; SameSite=Lax; path=/; expires=Wed, 08-Oct-25 11:41:01 GMT; HttpOnly, prov=3b7ecff9-cf9e-47a2-8ce9-a3653f5c17fb; Path=/; HttpOnly; Domain=stackexchange.com, __cf_bm=oogGF1AcxLts96gnMV5i_WvE6GC4MA7bJhpdWyjgKcc-1759840861-1.0.1.1-m4v4mYEAGp4zMz8XF6uOp4vqU7Lb0myHSLAzACfnln_3i9tGSZVbQQlsbZLdxnCtQv84ftNXEJWLee.9JnxR2yb9KANe6jb2VTy7gHwCFh4; path=/; expires=Tue, 07-Oct-25 13:11:01 GMT; domain=.api.stackexchange.com; HttpOnly; Secure; SameSite=None, _cfuvid=3VrXhGP6b29ncOUSfhbaqxpQkhA_Bo9XuTRUVd426uk-1759840861789-0.0.1.1-604800000; path=/; domain=.api.stackexchange.com; HttpOnly; Secure; SameSite=None', 'Strict-Transport-Security': 'max-age=31536000; includeSubDomains', 'Vary': 'accept-encoding', 'access-control-allow-credentials': 'false', 'access-control-allow-methods': 'GET, POST', 'content-security-policy': "upgrade-insecure-requests; frame-ancestors 'self' https://stackexchange.com", 'x-clacks-overhead': 'GNU Terry Pratchett', 'x-content-type-options': 'nosniff', 'x-providence-cookie': '3b7ecff9-cf9e-47a2-8ce9-a3653f5c17fb', 'x-request-guid': '228d98b2-66cf-4a3d-870c-745cae7cd7ac', 'x-worker-origin-response-time': '151000000'} 
 body={"items":[{"tags":["react-native","nested","scrollview","gesture","react-native-gesture-handler"],"owner":{"account_id":1968575,"reputation":3735,"user_id":1768179,"user_type":"registered","accept_rate":50,"profile_image":"https://www.gravatar.com/avatar/a8ed54a29fb1321058b8f0e1625c4c0a?s=256&amp;d=identicon&amp;r=PG","display_name":"gentlee","link":"https://stackoverflow.com/users/1768179/gentlee"},"is_answered":false,"view_count":3,"answer_count":0,"score":0,"last_activity_date":1759840421,"creation_date":1759840421,"question_id":79784544,"content_license":"CC BY-SA 4.0","link":"https://stackoverflow.com/questions/79784544/react-native-how-to-configure-priority-angle-for-nested-horizontal-vertical","title":"React Native: How to configure priority (angle) for nested horizontal / vertical scroll?"},{"tags":["r"],"owner":{"account_id":297886,"reputation":14473,"user_id":603625,"user_type":"registered","accept_rate":100,"profile_image":"https://www.gravatar.com/avatar/7f0367a760575233b45323de70682007?s=256&amp;d=identicon&amp;r=PG","display_name":"johannes","link":"https://stackoverflow.com/users/603625/johannes"},"is_answered":false,"view_count":5,"answer_count":0,"score":0,"last_activity_date":1759840360,"creation_date":1759840360,"question_id":79784542,"content_license":"CC BY-SA 4.0","link":"https://stackoverflow.com/questions/79784542/how-to-keep-the-order-of-terms-in-interactions-in-a-model-matrix","title":"How to keep the order of terms in interactions in a model matrix"},{"tags":["pdf","tagged-pdf","pdf-ua"],"owner":{"account_id":7295,"reputation":24588,"user_id":12631,"user_type":"registered","accept_rate":57,"profile_image":"https://i.sstatic.net/waRg3.png?s=256","display_name":"Horcrux7","link":"https://stackoverflow.com/users/12631/horcrux7"},"is_answered":false,"view_count":5,"answer_count":0,"score":0,"last_activity_date":1759840337,"creation_date":1759840337,"question_id":79784541,"content_license":"CC BY-SA 4.0","link":"https://stackoverflow.com/questions/79784541/newlines-in-taged-pdf-pdf-ua-are-lost","title":"Newlines in taged PDF (PDF/UA) are lost"},{"tags":["unity-game-engine","libvlcsharp","vlc-unity"],"owner":{"account_id":303771,"reputation":9187,"user_id":612912,"user_type":"registered","accept_rate":82,"profile_image":"https://www.gravatar.com/avatar/45dcec2049e280a1bef1275c18992b0f?s=256&amp;d=identicon&amp;r=PG","display_name":"jptsetung","link":"https://stackoverflow.com/users/612912/jptsetung"},"is_answered":false,"view_count":7,"answer_count":0,"score":0,"last_activity_date":1759840129,"creation_date":1759840129,"question_id":79784537,"content_license":"CC BY-SA 4.0","link":"https://stackoverflow.com/questions/79784537/vlc-for-unity-trial-version-the-type-or-namespace-name-libvlc-could-not-be-fo","title":"VLC for unity trial version, the type or namespace name &amp;#39;LibVLC&amp;#39; could not be found"},{"tags":["guidewire","gosu"],"owner":{"account_id":1631862,"reputation":181,"user_id":1506226,"user_type":"registered","accept_rate":0,"profile_image":"https://www.gravatar.com/avatar/6b57e8cc6336f4828ec4222281b8c741?s=256&amp;d=identicon&amp;r=PG","display_name":"Dragan Jovanović","link":"https://stackoverflow.com/users/1506226/dragan-jovanovi%c4%87"},"is_answered":false,"view_count":4,"answer_count":0,"score":0,"last_activity_date":1759840112,"creation_date":1759840112,"question_id":79784536,"content_license":"CC BY-SA 4.0","link":"https://stackoverflow.com/questions/79784536/calling-contactutil-unlinkcmcontact-from-batch","title":"calling ContactUtil.unlinkCMContact() from batch"}],"has_more":true,"quota_max":300,"quota_remaining":179} 
 </msg>
<msg timestamp="20251007 14:41:08.146" level="INFO">${response} = &lt;Response [200]&gt;</msg>
<status status="PASS" starttime="20251007 14:41:07.634" endtime="20251007 14:41:08.146"/>
</kw>
<msg timestamp="20251007 14:41:08.146" level="INFO">${response} = &lt;Response [200]&gt;</msg>
<status status="PASS" starttime="20251007 14:41:07.633" endtime="20251007 14:41:08.146"/>
</kw>
<kw name="To Json" library="RequestsLibrary">
<var>${json}</var>
<arg>${response.text}</arg>
<doc>*DEPRECATED* Please use ${resp.json()} instead. Have a look at the improved HTML output as pretty printing replacement.</doc>
<msg timestamp="20251007 14:41:08.147" level="WARN">Keyword 'RequestsLibrary.To Json' is deprecated. Please use ${resp.json()} instead. Have a look at the improved HTML output as pretty printing replacement.</msg>
<msg timestamp="20251007 14:41:08.149" level="INFO">To JSON using : content={"items":[{"tags":["react-native","nested","scrollview","gesture","react-native-gesture-handler"],"owner":{"account_id":1968575,"reputation":3735,"user_id":1768179,"user_type":"registered","accept_rate":50,"profile_image":"https://www.gravatar.com/avatar/a8ed54a29fb1321058b8f0e1625c4c0a?s=256&amp;d=identicon&amp;r=PG","display_name":"gentlee","link":"https://stackoverflow.com/users/1768179/gentlee"},"is_answered":false,"view_count":3,"answer_count":0,"score":0,"last_activity_date":1759840421,"creation_date":1759840421,"question_id":79784544,"content_license":"CC BY-SA 4.0","link":"https://stackoverflow.com/questions/79784544/react-native-how-to-configure-priority-angle-for-nested-horizontal-vertical","title":"React Native: How to configure priority (angle) for nested horizontal / vertical scroll?"},{"tags":["r"],"owner":{"account_id":297886,"reputation":14473,"user_id":603625,"user_type":"registered","accept_rate":100,"profile_image":"https://www.gravatar.com/avatar/7f0367a760575233b45323de70682007?s=256&amp;d=identicon&amp;r=PG","display_name":"johannes","link":"https://stackoverflow.com/users/603625/johannes"},"is_answered":false,"view_count":5,"answer_count":0,"score":0,"last_activity_date":1759840360,"creation_date":1759840360,"question_id":79784542,"content_license":"CC BY-SA 4.0","link":"https://stackoverflow.com/questions/79784542/how-to-keep-the-order-of-terms-in-interactions-in-a-model-matrix","title":"How to keep the order of terms in interactions in a model matrix"},{"tags":["pdf","tagged-pdf","pdf-ua"],"owner":{"account_id":7295,"reputation":24588,"user_id":12631,"user_type":"registered","accept_rate":57,"profile_image":"https://i.sstatic.net/waRg3.png?s=256","display_name":"Horcrux7","link":"https://stackoverflow.com/users/12631/horcrux7"},"is_answered":false,"view_count":5,"answer_count":0,"score":0,"last_activity_date":1759840337,"creation_date":1759840337,"question_id":79784541,"content_license":"CC BY-SA 4.0","link":"https://stackoverflow.com/questions/79784541/newlines-in-taged-pdf-pdf-ua-are-lost","title":"Newlines in taged PDF (PDF/UA) are lost"},{"tags":["unity-game-engine","libvlcsharp","vlc-unity"],"owner":{"account_id":303771,"reputation":9187,"user_id":612912,"user_type":"registered","accept_rate":82,"profile_image":"https://www.gravatar.com/avatar/45dcec2049e280a1bef1275c18992b0f?s=256&amp;d=identicon&amp;r=PG","display_name":"jptsetung","link":"https://stackoverflow.com/users/612912/jptsetung"},"is_answered":false,"view_count":7,"answer_count":0,"score":0,"last_activity_date":1759840129,"creation_date":1759840129,"question_id":79784537,"content_license":"CC BY-SA 4.0","link":"https://stackoverflow.com/questions/79784537/vlc-for-unity-trial-version-the-type-or-namespace-name-libvlc-could-not-be-fo","title":"VLC for unity trial version, the type or namespace name &amp;#39;LibVLC&amp;#39; could not be found"},{"tags":["guidewire","gosu"],"owner":{"account_id":1631862,"reputation":181,"user_id":1506226,"user_type":"registered","accept_rate":0,"profile_image":"https://www.gravatar.com/avatar/6b57e8cc6336f4828ec4222281b8c741?s=256&amp;d=identicon&amp;r=PG","display_name":"Dragan Jovanović","link":"https://stackoverflow.com/users/1506226/dragan-jovanovi%c4%87"},"is_answered":false,"view_count":4,"answer_count":0,"score":0,"last_activity_date":1759840112,"creation_date":1759840112,"question_id":79784536,"content_license":"CC BY-SA 4.0","link":"https://stackoverflow.com/questions/79784536/calling-contactutil-unlinkcmcontact-from-batch","title":"calling ContactUtil.unlinkCMContact() from batch"}],"has_more":true,"quota_max":300,"quota_remaining":179} </msg>
<msg timestamp="20251007 14:41:08.149" level="INFO">To JSON using : pretty_print=False </msg>
<msg timestamp="20251007 14:41:08.150" level="INFO">${json} = {'items': [{'tags': ['react-native', 'nested', 'scrollview', 'gesture', 'react-native-gesture-handler'], 'owner': {'account_id': 1968575, 'reputation': 3735, 'user_id': 1768179, 'user_type': 'register...</msg>
<status status="PASS" starttime="20251007 14:41:08.147" endtime="20251007 14:41:08.150"/>
</kw>
<msg timestamp="20251007 14:41:08.150" level="INFO">${json} = {'items': [{'tags': ['react-native', 'nested', 'scrollview', 'gesture', 'react-native-gesture-handler'], 'owner': {'account_id': 1968575, 'reputation': 3735, 'user_id': 1768179, 'user_type': 'register...</msg>
<status status="PASS" starttime="20251007 14:41:07.632" endtime="20251007 14:41:08.150"/>
</kw>
<kw name="Set Variable" library="BuiltIn">
<var>${items}</var>
<arg>${json["items"]}</arg>
<doc>Returns the given values which can then be assigned to a variables.</doc>
<msg timestamp="20251007 14:41:08.151" level="INFO">${items} = [{'tags': ['react-native', 'nested', 'scrollview', 'gesture', 'react-native-gesture-handler'], 'owner': {'account_id': 1968575, 'reputation': 3735, 'user_id': 1768179, 'user_type': 'registered', 'acce...</msg>
<status status="PASS" starttime="20251007 14:41:08.150" endtime="20251007 14:41:08.151"/>
</kw>
<kw name="Get Length" library="BuiltIn">
<var>${len}</var>
<arg>${items}</arg>
<doc>Returns and logs the length of the given item as an integer.</doc>
<msg timestamp="20251007 14:41:08.151" level="INFO">Length is 5</msg>
<msg timestamp="20251007 14:41:08.151" level="INFO">${len} = 5</msg>
<status status="PASS" starttime="20251007 14:41:08.151" endtime="20251007 14:41:08.151"/>
</kw>
<kw name="Should Be True" library="BuiltIn">
<arg>${len} &lt;= ${pagesize}</arg>
<doc>Fails if the given condition is not true.</doc>
<status status="PASS" starttime="20251007 14:41:08.151" endtime="20251007 14:41:08.152"/>
</kw>
<status status="PASS" starttime="20251007 14:41:07.136" endtime="20251007 14:41:08.152"/>
</kw>
<kw name="Check PageSize Returns ExpectedCount">
<arg>10</arg>
<kw name="Get Latest Questions" library="stackoverflow_api">
<var>${response}</var>
<arg>pagesize=${pagesize}</arg>
<kw name="Create Dictionary" library="BuiltIn">
<var>&amp;{params}</var>
<arg>order=desc</arg>
<arg>sort=${sort}</arg>
<arg>site=stackoverflow</arg>
<arg>pagesize=${pagesize}</arg>
<doc>Creates and returns a dictionary based on the given ``items``.</doc>
<msg timestamp="20251007 14:41:08.153" level="INFO">&amp;{params} = { order=desc | sort=creation | site=stackoverflow | pagesize=10 }</msg>
<status status="PASS" starttime="20251007 14:41:08.153" endtime="20251007 14:41:08.153"/>
</kw>
<kw name="GET" library="RequestsLibrary">
<var>${response}</var>
<arg>${API_BASE_URL}${QUESTIONS_ENDPOINT}</arg>
<arg>params=${params}</arg>
<doc>Sends a GET request.</doc>
<msg timestamp="20251007 14:41:08.664" level="INFO">GET Request : url=https://api.stackexchange.com/2.3/questions?order=desc&amp;sort=creation&amp;site=stackoverflow&amp;pagesize=10 
 path_url=/2.3/questions?order=desc&amp;sort=creation&amp;site=stackoverflow&amp;pagesize=10 
 headers={'User-Agent': 'python-requests/2.31.0', 'Accept-Encoding': 'gzip, deflate', 'Accept': '*/*', 'Connection': 'keep-alive'} 
 body=None 
 </msg>
<msg timestamp="20251007 14:41:08.664" level="INFO">GET Response : url=https://api.stackexchange.com/2.3/questions?order=desc&amp;sort=creation&amp;site=stackoverflow&amp;pagesize=10 
 status=200, reason=OK 
 headers={'Date': 'Tue, 07 Oct 2025 12:41:02 GMT', 'Content-Type': 'application/json; charset=utf-8', 'Content-Length': '2108', 'Connection': 'keep-alive', 'Server': 'cloudflare', 'CF-Ray': '98ad786c486d1856-MRS', 'CF-Cache-Status': 'DYNAMIC', 'Access-Control-Allow-Origin': '*', 'Cache-Control': 'private', 'Content-Encoding': 'gzip', 'Set-Cookie': 'prov=22b16f98-d20b-4ca2-9127-ab0deb3d2a10; expires=Wed, 07 Oct 2026 12:41:02 GMT; domain=.stackexchange.com; path=/; secure; samesite=none; httponly, __cflb=02DiuEqtkS4jGaTk6jRLVowZ76Z4qeo49SqPh2djPHAmi; SameSite=Lax; path=/; expires=Wed, 08-Oct-25 11:41:02 GMT; HttpOnly, prov=22b16f98-d20b-4ca2-9127-ab0deb3d2a10; Path=/; HttpOnly; Domain=stackexchange.com, __cf_bm=PxQ7PvYGFNm1yfWd_9HeSDe_10w5_IgMhz5ihUwgZUs-1759840862-1.0.1.1-OZ0rcQyFCzVXdFBmxtvv35_yvJs0wLUsUQTe7GIhqy5q8tp1L5iB881A651dXWIb_KBtBNZZ1JlWPi_GwELdexNGAxv5ORoS7qoOBp7Jafw; path=/; expires=Tue, 07-Oct-25 13:11:02 GMT; domain=.api.stackexchange.com; HttpOnly; Secure; SameSite=None, _cfuvid=jSUwAWCVB7r38BtT6QYK7zQc1cg2_3Lf0EK9VbRZIGs-1759840862305-0.0.1.1-604800000; path=/; domain=.api.stackexchange.com; HttpOnly; Secure; SameSite=None', 'Strict-Transport-Security': 'max-age=31536000; includeSubDomains', 'Vary': 'accept-encoding', 'access-control-allow-credentials': 'false', 'access-control-allow-methods': 'GET, POST', 'content-security-policy': "upgrade-insecure-requests; frame-ancestors 'self' https://stackexchange.com", 'x-clacks-overhead': 'GNU Terry Pratchett', 'x-content-type-options': 'nosniff', 'x-providence-cookie': '22b16f98-d20b-4ca2-9127-ab0deb3d2a10', 'x-request-guid': 'a6dc84d7-29e0-4351-8871-cf1f0f613bc0', 'x-worker-origin-response-time': '160000000'} 
 body={"items":[{"tags":["react-native","nested","scrollview","gesture","react-native-gesture-handler"],"owner":{"account_id":1968575,"reputation":3735,"user_id":1768179,"user_type":"registered","accept_rate":50,"profile_image":"https://www.gravatar.com/avatar/a8ed54a29fb1321058b8f0e1625c4c0a?s=256&amp;d=identicon&amp;r=PG","display_name":"gentlee","link":"https://stackoverflow.com/users/1768179/gentlee"},"is_answered":false,"view_count":3,"answer_count":0,"score":0,"last_activity_date":1759840421,"creation_date":1759840421,"question_id":79784544,"content_license":"CC BY-SA 4.0","link":"https://stackoverflow.com/questions/79784544/react-native-how-to-configure-priority-angle-for-nested-horizontal-vertical","title":"React Native: How to configure priority (angle) for nested horizontal / vertical scroll?"},{"tags":["r"],"owner":{"account_id":297886,"reputation":14473,"user_id":603625,"user_type":"registered","accept_rate":100,"profile_image":"https://www.gravatar.com/avatar/7f0367a760575233b45323de70682007?s=256&amp;d=identicon&amp;r=PG","display_name":"johannes","link":"https://stackoverflow.com/users/603625/johannes"},"is_answered":false,"view_count":5,"answer_count":0,"score":0,"last_activity_date":1759840360,"creation_date":1759840360,"question_id":79784542,"content_license":"CC BY-SA 4.0","link":"https://stackoverflow.com/questions/79784542/how-to-keep-the-order-of-terms-in-interactions-in-a-model-matrix","title":"How to keep the order of terms in interactions in a model matrix"},{"tags":["pdf","tagged-pdf","pdf-ua"],"owner":{"account_id":7295,"reputation":24588,"user_id":12631,"user_type":"registered","accept_rate":57,"profile_image":"https://i.sstatic.net/waRg3.png?s=256","display_name":"Horcrux7","link":"https://stackoverflow.com/users/12631/horcrux7"},"is_answered":false,"view_count":5,"answer_count":0,"score":0,"last_activity_date":1759840337,"creation_date":1759840337,"question_id":79784541,"content_license":"CC BY-SA 4.0","link":"https://stackoverflow.com/questions/79784541/newlines-in-taged-pdf-pdf-ua-are-lost","title":"Newlines in taged PDF (PDF/UA) are lost"},{"tags":["unity-game-engine","libvlcsharp","vlc-unity"],"owner":{"account_id":303771,"reputation":9187,"user_id":612912,"user_type":"registered","accept_rate":82,"profile_image":"https://www.gravatar.com/avatar/45dcec2049e280a1bef1275c18992b0f?s=256&amp;d=identicon&amp;r=PG","display_name":"jptsetung","link":"https://stackoverflow.com/users/612912/jptsetung"},"is_answered":false,"view_count":7,"answer_count":0,"score":0,"last_activity_date":1759840129,"creation_date":1759840129,"question_id":79784537,"content_license":"CC BY-SA 4.0","link":"https://stackoverflow.com/questions/79784537/vlc-for-unity-trial-version-the-type-or-namespace-name-libvlc-could-not-be-fo","title":"VLC for unity trial version, the type or namespace name &amp;#39;LibVLC&amp;#39; could not be found"},{"tags":["guidewire","gosu"],"owner":{"account_id":1631862,"reputation":181,"user_id":1506226,"user_type":"registered","accept_rate":0,"profile_image":"https://www.gravatar.com/avatar/6b57e8cc6336f4828ec4222281b8c741?s=256&amp;d=identicon&amp;r=PG","display_name":"Dragan Jovanović","link":"https://stackoverflow.com/users/1506226/dragan-jovanovi%c4%87"},"is_answered":false,"view_count":4,"answer_count":0,"score":0,"last_activity_date":1759840112,"creation_date":1759840112,"question_id":79784536,"content_license":"CC BY-SA 4.0","link":"https://stackoverflow.com/questions/79784536/calling-contactutil-unlinkcmcontact-from-batch","title":"calling ContactUtil.unlinkCMContact() from batch"},{"tags":["next.js","server-side-rendering","react-server-components","nextjs-server-actions"],"owner":{"account_id":23978946,"reputation":1,"user_id":17966687,"user_type":"registered","profile_image":"https://www.gravatar.com/avatar/2100f50b4a3242c36d459be366ecce2b?s=256&amp;d=identicon&amp;r=PG","display_name":"lukeac123","link":"https://stackoverflow.com/users/17966687/lukeac123"},"is_answered":false,"view_count":6,"answer_count":0,"score":0,"last_activity_date":1759840146,"creation_date":1759840099,"last_edit_date":1759840146,"question_id":79784535,"content_license":"CC BY-SA 4.0","link":"https://stackoverflow.com/questions/79784535/update-data-in-a-server-component-based-on-a-client-interaction-in-next-js","title":"Update data in a server component based on a client interaction in next.js?"},{"tags":["javascript","node.js","express","server","http-status-code-403"],"owner":{"account_id":44226097,"reputation":1,"user_id":31642673,"user_type":"registered","profile_image":"https://www.gravatar.com/avatar/c5e14bdf23ef8d3fe51bd531d0cea27a?s=256&amp;d=identicon&amp;r=PG&amp;f=y&amp;so-version=2","display_name":"ai ka","link":"https://stackoverflow.com/users/31642673/ai-ka"},"is_answered":false,"view_count":12,"answer_count":0,"score":-3,"last_activity_date":1759840363,"creation_date":1759839909,"last_edit_date":1759840363,"question_id":79784533,"content_license":"CC BY-SA 4.0","link":"https://stackoverflow.com/questions/79784533/node-js-fetch-to-boardgamegeek-api-always-returns-403-forbidden-despite-using-ap","title":"Node.js fetch to BoardGameGeek API always returns 403 Forbidden despite using API token"},{"tags":["redis","go-redis","redistimeseries"],"owner":{"account_id":5450810,"reputation":115,"user_id":4493137,"user_type":"registered","profile_image":"https://www.gravatar.com/avatar/dc423a8c12ea9d3301bf0fc8c462bd65?s=256&amp;d=identicon&amp;r=PG","display_name":"gingin","link":"https://stackoverflow.com/users/4493137/gingin"},"is_answered":false,"view_count":4,"answer_count":0,"score":0,"last_activity_date":1759839878,"creation_date":1759839878,"question_id":79784532,"content_license":"CC BY-SA 4.0","link":"https://stackoverflow.com/questions/79784532/how-to-use-timeseries-in-go-redis","title":"How to use Timeseries in go-redis?"},{"tags":["javascript","python","json","http","url"],"owner":{"account_id":44228303,"reputation":1,"user_id":31643970,"user_type":"registered","profile_image":"https://www.gravatar.com/avatar/43c792d480e353b3e183d2af40a103d1?s=256&amp;d=identicon&amp;r=PG&amp;f=y&amp;so-version=2","display_name":"Liviu Cortac","link":"https://stackoverflow.com/users/31643970/liviu-cortac"},"is_answered":false,"view_count":12,"closed_date":1759840406,"answer_count":0,"score":-4,"last_activity_date":1759839822,"creation_date":1759839822,"question_id":79784530,"link":"https://stackoverflow.com/questions/79784530/js-slow-http-request","closed_reason":"Needs details or clarity","title":"JS Slow http request"},{"tags":["excel","office-scripts"],"owner":{"account_id":12028785,"reputation":13,"user_id":8799684,"user_type":"registered","profile_image":"https://www.gravatar.com/avatar/a9e3a7814599bef407dfdfaabbb60468?s=256&amp;d=identicon&amp;r=PG&amp;f=y&amp;so-version=2","display_name":"Zirynx","link":"https://stackoverflow.com/users/8799684/zirynx"},"is_answered":false,"view_count":9,"answer_count":0,"score":0,"last_activity_date":1759839626,"creation_date":1759839626,"question_id":79784528,"content_license":"CC BY-SA 4.0","link":"https://stackoverflow.com/questions/79784528/excel-office-script-not-vba-to-hide-show-columns-depending-on-cell-value-o","title":"Excel Office Script (not VBA!) to hide / show columns, depending on cell value or filtered table"}],"has_more":true,"quota_max":300,"quota_remaining":177} 
 </msg>
<msg timestamp="20251007 14:41:08.665" level="INFO">${response} = &lt;Response [200]&gt;</msg>
<status status="PASS" starttime="20251007 14:41:08.154" endtime="20251007 14:41:08.665"/>
</kw>
<msg timestamp="20251007 14:41:08.665" level="INFO">${response} = &lt;Response [200]&gt;</msg>
<status status="PASS" starttime="20251007 14:41:08.153" endtime="20251007 14:41:08.665"/>
</kw>
<kw name="Get Latest Questions Json" library="stackoverflow_api">
<var>${json}</var>
<arg>${response}</arg>
<arg>pagesize=${pagesize}</arg>
<kw name="Get Latest Questions" library="stackoverflow_api">
<var>${response}</var>
<arg>${pagesize}</arg>
<arg>creation</arg>
<kw name="Create Dictionary" library="BuiltIn">
<var>&amp;{params}</var>
<arg>order=desc</arg>
<arg>sort=${sort}</arg>
<arg>site=stackoverflow</arg>
<arg>pagesize=${pagesize}</arg>
<doc>Creates and returns a dictionary based on the given ``items``.</doc>
<msg timestamp="20251007 14:41:08.667" level="INFO">&amp;{params} = { order=desc | sort=creation | site=stackoverflow | pagesize=10 }</msg>
<status status="PASS" starttime="20251007 14:41:08.667" endtime="20251007 14:41:08.667"/>
</kw>
<kw name="GET" library="RequestsLibrary">
<var>${response}</var>
<arg>${API_BASE_URL}${QUESTIONS_ENDPOINT}</arg>
<arg>params=${params}</arg>
<doc>Sends a GET request.</doc>
<msg timestamp="20251007 14:41:09.214" level="INFO">GET Request : url=https://api.stackexchange.com/2.3/questions?order=desc&amp;sort=creation&amp;site=stackoverflow&amp;pagesize=10 
 path_url=/2.3/questions?order=desc&amp;sort=creation&amp;site=stackoverflow&amp;pagesize=10 
 headers={'User-Agent': 'python-requests/2.31.0', 'Accept-Encoding': 'gzip, deflate', 'Accept': '*/*', 'Connection': 'keep-alive'} 
 body=None 
 </msg>
<msg timestamp="20251007 14:41:09.215" level="INFO">GET Response : url=https://api.stackexchange.com/2.3/questions?order=desc&amp;sort=creation&amp;site=stackoverflow&amp;pagesize=10 
 status=200, reason=OK 
 headers={'Date': 'Tue, 07 Oct 2025 12:41:02 GMT', 'Content-Type': 'application/json; charset=utf-8', 'Content-Length': '2108', 'Connection': 'keep-alive', 'Server': 'cloudflare', 'CF-Ray': '98ad786fdea3e278-MRS', 'CF-Cache-Status': 'DYNAMIC', 'Access-Control-Allow-Origin': '*', 'Cache-Control': 'private', 'Content-Encoding': 'gzip', 'Set-Cookie': 'prov=e9c1f5b8-8a46-4a20-b357-29683c1e5b55; expires=Wed, 07 Oct 2026 12:41:02 GMT; domain=.stackexchange.com; path=/; secure; samesite=none; httponly, __cflb=02DiuEqtkS4jGaTk6jRLVowZ76Z4qeo49SqPh2djPHAmi; SameSite=Lax; path=/; expires=Wed, 08-Oct-25 11:41:02 GMT; HttpOnly, prov=e9c1f5b8-8a46-4a20-b357-29683c1e5b55; Path=/; HttpOnly; Domain=stackexchange.com, __cf_bm=NsAKc0LVSs.zcN_8Cwo1g_NvGtpfieEqLvq2oVNN6V0-1759840862-1.0.1.1-m8ILQGVxSjHy7QytW3YuV0XvPRSB.JmFG.zEIRZAE2d3N4bQQAjp86_D8Oy62o79Wm4apwS0lPspp0pfBlIk0utGA0OIMMnZAORXuEwayWQ; path=/; expires=Tue, 07-Oct-25 13:11:02 GMT; domain=.api.stackexchange.com; HttpOnly; Secure; SameSite=None, _cfuvid=KsGHG6QKNOVjG3umPS0nVwn7iTIzYi7eZAPouZJQAt4-1759840862858-0.0.1.1-604800000; path=/; domain=.api.stackexchange.com; HttpOnly; Secure; SameSite=None', 'Strict-Transport-Security': 'max-age=31536000; includeSubDomains', 'Vary': 'accept-encoding', 'access-control-allow-credentials': 'false', 'access-control-allow-methods': 'GET, POST', 'content-security-policy': "upgrade-insecure-requests; frame-ancestors 'self' https://stackexchange.com", 'x-clacks-overhead': 'GNU Terry Pratchett', 'x-content-type-options': 'nosniff', 'x-providence-cookie': 'e9c1f5b8-8a46-4a20-b357-29683c1e5b55', 'x-request-guid': 'b6278d8e-b031-463b-adfa-e45509242061', 'x-worker-origin-response-time': '146000000'} 
 body={"items":[{"tags":["react-native","nested","scrollview","gesture","react-native-gesture-handler"],"owner":{"account_id":1968575,"reputation":3735,"user_id":1768179,"user_type":"registered","accept_rate":50,"profile_image":"https://www.gravatar.com/avatar/a8ed54a29fb1321058b8f0e1625c4c0a?s=256&amp;d=identicon&amp;r=PG","display_name":"gentlee","link":"https://stackoverflow.com/users/1768179/gentlee"},"is_answered":false,"view_count":3,"answer_count":0,"score":0,"last_activity_date":1759840421,"creation_date":1759840421,"question_id":79784544,"content_license":"CC BY-SA 4.0","link":"https://stackoverflow.com/questions/79784544/react-native-how-to-configure-priority-angle-for-nested-horizontal-vertical","title":"React Native: How to configure priority (angle) for nested horizontal / vertical scroll?"},{"tags":["r"],"owner":{"account_id":297886,"reputation":14473,"user_id":603625,"user_type":"registered","accept_rate":100,"profile_image":"https://www.gravatar.com/avatar/7f0367a760575233b45323de70682007?s=256&amp;d=identicon&amp;r=PG","display_name":"johannes","link":"https://stackoverflow.com/users/603625/johannes"},"is_answered":false,"view_count":5,"answer_count":0,"score":0,"last_activity_date":1759840360,"creation_date":1759840360,"question_id":79784542,"content_license":"CC BY-SA 4.0","link":"https://stackoverflow.com/questions/79784542/how-to-keep-the-order-of-terms-in-interactions-in-a-model-matrix","title":"How to keep the order of terms in interactions in a model matrix"},{"tags":["pdf","tagged-pdf","pdf-ua"],"owner":{"account_id":7295,"reputation":24588,"user_id":12631,"user_type":"registered","accept_rate":57,"profile_image":"https://i.sstatic.net/waRg3.png?s=256","display_name":"Horcrux7","link":"https://stackoverflow.com/users/12631/horcrux7"},"is_answered":false,"view_count":5,"answer_count":0,"score":0,"last_activity_date":1759840337,"creation_date":1759840337,"question_id":79784541,"content_license":"CC BY-SA 4.0","link":"https://stackoverflow.com/questions/79784541/newlines-in-taged-pdf-pdf-ua-are-lost","title":"Newlines in taged PDF (PDF/UA) are lost"},{"tags":["unity-game-engine","libvlcsharp","vlc-unity"],"owner":{"account_id":303771,"reputation":9187,"user_id":612912,"user_type":"registered","accept_rate":82,"profile_image":"https://www.gravatar.com/avatar/45dcec2049e280a1bef1275c18992b0f?s=256&amp;d=identicon&amp;r=PG","display_name":"jptsetung","link":"https://stackoverflow.com/users/612912/jptsetung"},"is_answered":false,"view_count":7,"answer_count":0,"score":0,"last_activity_date":1759840129,"creation_date":1759840129,"question_id":79784537,"content_license":"CC BY-SA 4.0","link":"https://stackoverflow.com/questions/79784537/vlc-for-unity-trial-version-the-type-or-namespace-name-libvlc-could-not-be-fo","title":"VLC for unity trial version, the type or namespace name &amp;#39;LibVLC&amp;#39; could not be found"},{"tags":["guidewire","gosu"],"owner":{"account_id":1631862,"reputation":181,"user_id":1506226,"user_type":"registered","accept_rate":0,"profile_image":"https://www.gravatar.com/avatar/6b57e8cc6336f4828ec4222281b8c741?s=256&amp;d=identicon&amp;r=PG","display_name":"Dragan Jovanović","link":"https://stackoverflow.com/users/1506226/dragan-jovanovi%c4%87"},"is_answered":false,"view_count":4,"answer_count":0,"score":0,"last_activity_date":1759840112,"creation_date":1759840112,"question_id":79784536,"content_license":"CC BY-SA 4.0","link":"https://stackoverflow.com/questions/79784536/calling-contactutil-unlinkcmcontact-from-batch","title":"calling ContactUtil.unlinkCMContact() from batch"},{"tags":["next.js","server-side-rendering","react-server-components","nextjs-server-actions"],"owner":{"account_id":23978946,"reputation":1,"user_id":17966687,"user_type":"registered","profile_image":"https://www.gravatar.com/avatar/2100f50b4a3242c36d459be366ecce2b?s=256&amp;d=identicon&amp;r=PG","display_name":"lukeac123","link":"https://stackoverflow.com/users/17966687/lukeac123"},"is_answered":false,"view_count":6,"answer_count":0,"score":0,"last_activity_date":1759840146,"creation_date":1759840099,"last_edit_date":1759840146,"question_id":79784535,"content_license":"CC BY-SA 4.0","link":"https://stackoverflow.com/questions/79784535/update-data-in-a-server-component-based-on-a-client-interaction-in-next-js","title":"Update data in a server component based on a client interaction in next.js?"},{"tags":["javascript","node.js","express","server","http-status-code-403"],"owner":{"account_id":44226097,"reputation":1,"user_id":31642673,"user_type":"registered","profile_image":"https://www.gravatar.com/avatar/c5e14bdf23ef8d3fe51bd531d0cea27a?s=256&amp;d=identicon&amp;r=PG&amp;f=y&amp;so-version=2","display_name":"ai ka","link":"https://stackoverflow.com/users/31642673/ai-ka"},"is_answered":false,"view_count":12,"answer_count":0,"score":-3,"last_activity_date":1759840363,"creation_date":1759839909,"last_edit_date":1759840363,"question_id":79784533,"content_license":"CC BY-SA 4.0","link":"https://stackoverflow.com/questions/79784533/node-js-fetch-to-boardgamegeek-api-always-returns-403-forbidden-despite-using-ap","title":"Node.js fetch to BoardGameGeek API always returns 403 Forbidden despite using API token"},{"tags":["redis","go-redis","redistimeseries"],"owner":{"account_id":5450810,"reputation":115,"user_id":4493137,"user_type":"registered","profile_image":"https://www.gravatar.com/avatar/dc423a8c12ea9d3301bf0fc8c462bd65?s=256&amp;d=identicon&amp;r=PG","display_name":"gingin","link":"https://stackoverflow.com/users/4493137/gingin"},"is_answered":false,"view_count":4,"answer_count":0,"score":0,"last_activity_date":1759839878,"creation_date":1759839878,"question_id":79784532,"content_license":"CC BY-SA 4.0","link":"https://stackoverflow.com/questions/79784532/how-to-use-timeseries-in-go-redis","title":"How to use Timeseries in go-redis?"},{"tags":["javascript","python","json","http","url"],"owner":{"account_id":44228303,"reputation":1,"user_id":31643970,"user_type":"registered","profile_image":"https://www.gravatar.com/avatar/43c792d480e353b3e183d2af40a103d1?s=256&amp;d=identicon&amp;r=PG&amp;f=y&amp;so-version=2","display_name":"Liviu Cortac","link":"https://stackoverflow.com/users/31643970/liviu-cortac"},"is_answered":false,"view_count":12,"closed_date":1759840406,"answer_count":0,"score":-4,"last_activity_date":1759839822,"creation_date":1759839822,"question_id":79784530,"link":"https://stackoverflow.com/questions/79784530/js-slow-http-request","closed_reason":"Needs details or clarity","title":"JS Slow http request"},{"tags":["excel","office-scripts"],"owner":{"account_id":12028785,"reputation":13,"user_id":8799684,"user_type":"registered","profile_image":"https://www.gravatar.com/avatar/a9e3a7814599bef407dfdfaabbb60468?s=256&amp;d=identicon&amp;r=PG&amp;f=y&amp;so-version=2","display_name":"Zirynx","link":"https://stackoverflow.com/users/8799684/zirynx"},"is_answered":false,"view_count":9,"answer_count":0,"score":0,"last_activity_date":1759839626,"creation_date":1759839626,"question_id":79784528,"content_license":"CC BY-SA 4.0","link":"https://stackoverflow.com/questions/79784528/excel-office-script-not-vba-to-hide-show-columns-depending-on-cell-value-o","title":"Excel Office Script (not VBA!) to hide / show columns, depending on cell value or filtered table"}],"has_more":true,"quota_max":300,"quota_remaining":177} 
 </msg>
<msg timestamp="20251007 14:41:09.215" level="INFO">${response} = &lt;Response [200]&gt;</msg>
<status status="PASS" starttime="20251007 14:41:08.668" endtime="20251007 14:41:09.215"/>
</kw>
<msg timestamp="20251007 14:41:09.215" level="INFO">${response} = &lt;Response [200]&gt;</msg>
<status status="PASS" starttime="20251007 14:41:08.666" endtime="20251007 14:41:09.215"/>
</kw>
<kw name="To Json" library="RequestsLibrary">
<var>${json}</var>
<arg>${response.text}</arg>
<doc>*DEPRECATED* Please use ${resp.json()} instead. Have a look at the improved HTML output as pretty printing replacement.</doc>
<msg timestamp="20251007 14:41:09.215" level="WARN">Keyword 'RequestsLibrary.To Json' is deprecated. Please use ${resp.json()} instead. Have a look at the improved HTML output as pretty printing replacement.</msg>
[...]
<status status="PASS" starttime="20251007 14:41:18.360" endtime="20251007 14:41:18.397"/>
</kw>
<msg timestamp="20251007 14:41:18.398" level="INFO">${cookie_banner_visible} = True</msg>
<status status="PASS" starttime="20251007 14:41:18.359" endtime="20251007 14:41:18.398"/>
</kw>
<kw name="Run Keyword If" library="BuiltIn">
<arg>${cookie_banner_visible}</arg>
<arg>Click Accept Cookies</arg>
<doc>Runs the given keyword with the given arguments, if ``condition`` is true.</doc>
<kw name="Click Accept Cookies" library="base_page">
<doc>Clique sur le bouton d'acceptation des cookies</doc>
<kw name="Click" library="Browser">
<arg>${ACCEPT_COOKIES_BUTTON}</arg>
<tag>PageContent</tag>
<tag>Setter</tag>
<doc>Simulates mouse click on the element found by ``selector``.</doc>
<msg timestamp="20251007 14:41:18.400" level="INFO">Clicks the element 'xpath=//button[@id="onetrust-accept-btn-handler"]'.</msg>
<status status="PASS" starttime="20251007 14:41:18.399" endtime="20251007 14:41:18.448"/>
</kw>
<kw name="Log" library="BuiltIn">
<arg>✅ Cookies acceptés</arg>
<doc>Logs the given message with the given level.</doc>
<msg timestamp="20251007 14:41:18.449" level="INFO">✅ Cookies acceptés</msg>
<status status="PASS" starttime="20251007 14:41:18.449" endtime="20251007 14:41:18.449"/>
</kw>
<status status="PASS" starttime="20251007 14:41:18.399" endtime="20251007 14:41:18.449"/>
</kw>
<status status="PASS" starttime="20251007 14:41:18.398" endtime="20251007 14:41:18.450"/>
</kw>
<status status="PASS" starttime="20251007 14:41:18.359" endtime="20251007 14:41:18.450"/>
</kw>
<kw name="Teardown Web Test" library="config" type="TEARDOWN">
<kw name="Close Browser" library="Browser">
<tag>BrowserControl</tag>
<tag>Setter</tag>
<doc>Closes the current browser.</doc>
<msg timestamp="20251007 14:41:18.751" level="INFO">Closed browser</msg>
<status status="PASS" starttime="20251007 14:41:18.451" endtime="20251007 14:41:18.751"/>
</kw>
<status status="PASS" starttime="20251007 14:41:18.450" endtime="20251007 14:41:18.752"/>
</kw>
<doc>Test la gestion de la bannière de cookies</doc>
<tag>cookies</tag>
<tag>web</tag>
<status status="PASS" starttime="20251007 14:41:15.884" endtime="20251007 14:41:18.752"/>
</test>
<test id="s1-s4-t3" name="Test First Question Comparison With Cookies" line="31">
<kw name="Setup Web Test" library="config" type="SETUP">
<kw name="New Browser" library="Browser">
<arg>chromium</arg>
<arg>headless=false</arg>
<tag>BrowserControl</tag>
<tag>Setter</tag>
<doc>Create a new playwright Browser with specified options.</doc>
<msg timestamp="20251007 14:41:18.762" level="INFO">{"browser": "chromium", "headless": false, "chromiumSandbox": false, "devtools": false, "handleSIGHUP": true, "handleSIGINT": true, "handleSIGTERM": true, "slowMo": 0.0, "timeout": 30000.0, "tracesDir": "c:\\Users\\Administrateur\\Downloads\\stackoverflow-robotframework-tests\\results\\browser\\traces\\temp\\752b5d73-c379-4309-8908-20f9697c1e73"}</msg>
<msg timestamp="20251007 14:41:18.997" level="INFO">Successfully created browser with options: {"browser":"chromium","headless":false,"chromiumSandbox":false,"devtools":false,"handleSIGHUP":true,"handleSIGINT":true,"handleSIGTERM":true,"slowMo":0,"timeout":30000,"tracesDir":"c:\\Users\\Administrateur\\Downloads\\stackoverflow-robotframework-tests\\results\\browser\\traces\\temp\\752b5d73-c379-4309-8908-20f9697c1e73"}</msg>
<status status="PASS" starttime="20251007 14:41:18.762" endtime="20251007 14:41:18.998"/>
</kw>
<kw name="New Context" library="Browser">
<arg>viewport={'width': 1920, 'height': 1080}</arg>
<tag>BrowserControl</tag>
<tag>Setter</tag>
<doc>Create a new BrowserContext with specified options.</doc>
<msg timestamp="20251007 14:41:19.001" level="INFO">{
  "acceptDownloads": true,
  "bypassCSP": false,
  "forcedColors": "none",
  "ignoreHTTPSErrors": false,
  "javaScriptEnabled": true,
  "offline": false,
  "reducedMotion": "no-preference",
  "serviceWorkers": "allow",
  "viewport": {
    "height": 1080,
    "width": 1920
  }
}</msg>
<msg timestamp="20251007 14:41:19.013" level="INFO">Successfully created context. </msg>
<msg timestamp="20251007 14:41:19.013" level="INFO">{'acceptDownloads': True, 'bypassCSP': False, 'forcedColors': 'none', 'ignoreHTTPSErrors': False, 'javaScriptEnabled': True, 'offline': False, 'reducedMotion': 'no-preference', 'serviceWorkers': 'allow', 'viewport': {'height': 1080, 'width': 1920}}</msg>
<status status="PASS" starttime="20251007 14:41:18.998" endtime="20251007 14:41:19.014"/>
</kw>
<status status="PASS" starttime="20251007 14:41:18.761" endtime="20251007 14:41:19.014"/>
</kw>
<kw name="Get First Question Title From API" library="stackoverflow_api">
<var>${api_title}</var>
<kw name="Get Latest Questions" library="stackoverflow_api">
<var>${response}</var>
<arg>pagesize=1</arg>
<kw name="Create Dictionary" library="BuiltIn">
<var>&amp;{params}</var>
<arg>order=desc</arg>
<arg>sort=${sort}</arg>
<arg>site=stackoverflow</arg>
<arg>pagesize=${pagesize}</arg>
<doc>Creates and returns a dictionary based on the given ``items``.</doc>
<msg timestamp="20251007 14:41:19.025" level="INFO">&amp;{params} = { order=desc | sort=creation | site=stackoverflow | pagesize=1 }</msg>
<status status="PASS" starttime="20251007 14:41:19.024" endtime="20251007 14:41:19.025"/>
</kw>
<kw name="GET" library="RequestsLibrary">
<var>${response}</var>
<arg>${API_BASE_URL}${QUESTIONS_ENDPOINT}</arg>
<arg>params=${params}</arg>
<doc>Sends a GET request.</doc>
<msg timestamp="20251007 14:41:19.684" level="INFO">GET Request : url=https://api.stackexchange.com/2.3/questions?order=desc&amp;sort=creation&amp;site=stackoverflow&amp;pagesize=1 
 path_url=/2.3/questions?order=desc&amp;sort=creation&amp;site=stackoverflow&amp;pagesize=1 
 headers={'User-Agent': 'python-requests/2.31.0', 'Accept-Encoding': 'gzip, deflate', 'Accept': '*/*', 'Connection': 'keep-alive'} 
 body=None 
 </msg>
<msg timestamp="20251007 14:41:19.684" level="INFO">GET Response : url=https://api.stackexchange.com/2.3/questions?order=desc&amp;sort=creation&amp;site=stackoverflow&amp;pagesize=1 
 status=200, reason=OK 
 headers={'Date': 'Tue, 07 Oct 2025 12:41:13 GMT', 'Content-Type': 'application/json; charset=utf-8', 'Content-Length': '530', 'Connection': 'keep-alive', 'Server': 'cloudflare', 'CF-Ray': '98ad78b14fbee1fc-MRS', 'CF-Cache-Status': 'DYNAMIC', 'Access-Control-Allow-Origin': '*', 'Cache-Control': 'private', 'Content-Encoding': 'gzip', 'Set-Cookie': 'prov=e2e4aa64-b710-4482-850b-2b0a34a92ace; expires=Wed, 07 Oct 2026 12:41:13 GMT; domain=.stackexchange.com; path=/; secure; samesite=none; httponly, __cflb=02DiuEqtkS4jGaTk6jRLVowZ76Z4qeo49axQRDpsGFUAG; SameSite=Lax; path=/; expires=Wed, 08-Oct-25 11:41:13 GMT; HttpOnly, prov=e2e4aa64-b710-4482-850b-2b0a34a92ace; Path=/; HttpOnly; Domain=stackexchange.com, __cf_bm=WjcdIwQBwYED9W.TlF29caer_VDoKIXX6roksF5nrRI-1759840873-1.0.1.1-L4qCEPE5rNPgupYXfec45mdEE45N6TLjE1H0_yPmWbK25X478WWsX4oK4RbUymYi2v8VKfRGYYzXdKK567IPFRTENsVH2WtSelJSgf.01IE; path=/; expires=Tue, 07-Oct-25 13:11:13 GMT; domain=.api.stackexchange.com; HttpOnly; Secure; SameSite=None, _cfuvid=w2WFBs3Kyruq_5Yw.7cxrsgd4u0BSPcO2_i7UevOWog-1759840873328-0.0.1.1-604800000; path=/; domain=.api.stackexchange.com; HttpOnly; Secure; SameSite=None', 'Strict-Transport-Security': 'max-age=31536000; includeSubDomains', 'Vary': 'accept-encoding', 'access-control-allow-credentials': 'false', 'access-control-allow-methods': 'GET, POST', 'content-security-policy': "upgrade-insecure-requests; frame-ancestors 'self' https://stackexchange.com", 'x-clacks-overhead': 'GNU Terry Pratchett', 'x-content-type-options': 'nosniff', 'x-providence-cookie': 'e2e4aa64-b710-4482-850b-2b0a34a92ace', 'x-request-guid': '9dbc5509-c0c2-44ce-9842-3656bd475dd2', 'x-worker-origin-response-time': '137000000'} 
 body={"items":[{"tags":["react-native","nested","scrollview","gesture","react-native-gesture-handler"],"owner":{"account_id":1968575,"reputation":3733,"user_id":1768179,"user_type":"registered","accept_rate":50,"profile_image":"https://www.gravatar.com/avatar/a8ed54a29fb1321058b8f0e1625c4c0a?s=256&amp;d=identicon&amp;r=PG","display_name":"gentlee","link":"https://stackoverflow.com/users/1768179/gentlee"},"is_answered":false,"view_count":4,"answer_count":0,"score":-1,"last_activity_date":1759840421,"creation_date":1759840421,"question_id":79784544,"content_license":"CC BY-SA 4.0","link":"https://stackoverflow.com/questions/79784544/react-native-how-to-configure-priority-angle-for-nested-horizontal-vertical","title":"React Native: How to configure priority (angle) for nested horizontal / vertical scroll?"}],"has_more":true,"quota_max":300,"quota_remaining":169} 
 </msg>
<msg timestamp="20251007 14:41:19.684" level="INFO">${response} = &lt;Response [200]&gt;</msg>
<status status="PASS" starttime="20251007 14:41:19.025" endtime="20251007 14:41:19.684"/>
</kw>
<msg timestamp="20251007 14:41:19.684" level="INFO">${response} = &lt;Response [200]&gt;</msg>
<status status="PASS" starttime="20251007 14:41:19.024" endtime="20251007 14:41:19.684"/>
</kw>
<kw name="Set Variable" library="BuiltIn">
<var>${title}</var>
<arg>${response.json()['items'][0]['title']}</arg>
<doc>Returns the given values which can then be assigned to a variables.</doc>
<msg timestamp="20251007 14:41:19.686" level="INFO">${title} = React Native: How to configure priority (angle) for nested horizontal / vertical scroll?</msg>
<status status="PASS" starttime="20251007 14:41:19.685" endtime="20251007 14:41:19.686"/>
</kw>
<msg timestamp="20251007 14:41:19.686" level="INFO">${api_title} = React Native: How to configure priority (angle) for nested horizontal / vertical scroll?</msg>
<status status="PASS" starttime="20251007 14:41:19.023" endtime="20251007 14:41:19.686"/>
</kw>
<kw name="Log" library="BuiltIn">
<arg>API Title: ${api_title}</arg>
<doc>Logs the given message with the given level.</doc>
<msg timestamp="20251007 14:41:19.687" level="INFO">API Title: React Native: How to configure priority (angle) for nested horizontal / vertical scroll?</msg>
<status status="PASS" starttime="20251007 14:41:19.686" endtime="20251007 14:41:19.687"/>
</kw>
<kw name="Open StackOverflow Questions" library="base_page">
<arg>Newest</arg>
<kw name="New Page" library="Browser">
<arg>${WEB_BASE_URL}/questions?tab=${tab}</arg>
<tag>BrowserControl</tag>
<tag>Setter</tag>
<doc>Open a new Page.</doc>
<msg timestamp="20251007 14:41:22.068" level="INFO">Successfully initialized new page object and opened url: https://stackoverflow.com/questions?tab=Newest</msg>
<status status="PASS" starttime="20251007 14:41:19.688" endtime="20251007 14:41:22.068"/>
</kw>
<kw name="Handle Cookie Banner" library="base_page">
<doc>Gère la bannière de cookies si elle est présente</doc>
<kw name="Run Keyword And Return Status" library="BuiltIn">
<var>${cookie_banner_visible}</var>
<arg>Wait For Elements State</arg>
<arg>${ACCEPT_COOKIES_BUTTON}</arg>
<arg>visible</arg>
<arg>timeout=5s</arg>
<doc>Runs the given keyword with given arguments and returns the status as a Boolean value.</doc>
<kw name="Wait For Elements State" library="Browser">
<arg>${ACCEPT_COOKIES_BUTTON}</arg>
<arg>visible</arg>
<arg>timeout=5s</arg>
<tag>PageContent</tag>
<tag>Wait</tag>
<doc>Waits for the element found by ``selector`` to satisfy state option.</doc>
<msg timestamp="20251007 14:41:22.108" level="INFO">Waited for Element with selector xpath=//button[@id="onetrust-accept-btn-handler"] at state visible</msg>
<status status="PASS" starttime="20251007 14:41:22.069" endtime="20251007 14:41:22.108"/>
</kw>
<msg timestamp="20251007 14:41:22.108" level="INFO">${cookie_banner_visible} = True</msg>
<status status="PASS" starttime="20251007 14:41:22.069" endtime="20251007 14:41:22.108"/>
</kw>
<kw name="Run Keyword If" library="BuiltIn">
<arg>${cookie_banner_visible}</arg>
<arg>Click Accept Cookies</arg>
<doc>Runs the given keyword with the given arguments, if ``condition`` is true.</doc>
<kw name="Click Accept Cookies" library="base_page">
<doc>Clique sur le bouton d'acceptation des cookies</doc>
<kw name="Click" library="Browser">
<arg>${ACCEPT_COOKIES_BUTTON}</arg>
<tag>PageContent</tag>
<tag>Setter</tag>
<doc>Simulates mouse click on the element found by ``selector``.</doc>
<msg timestamp="20251007 14:41:22.109" level="INFO">Clicks the element 'xpath=//button[@id="onetrust-accept-btn-handler"]'.</msg>
<status status="PASS" starttime="20251007 14:41:22.109" endtime="20251007 14:41:22.317"/>
</kw>
<kw name="Log" library="BuiltIn">
<arg>✅ Cookies acceptés</arg>
<doc>Logs the given message with the given level.</doc>
<msg timestamp="20251007 14:41:22.317" level="INFO">✅ Cookies acceptés</msg>
<status status="PASS" starttime="20251007 14:41:22.317" endtime="20251007 14:41:22.318"/>
</kw>
<status status="PASS" starttime="20251007 14:41:22.109" endtime="20251007 14:41:22.318"/>
</kw>
<status status="PASS" starttime="20251007 14:41:22.108" endtime="20251007 14:41:22.318"/>
</kw>
<status status="PASS" starttime="20251007 14:41:22.068" endtime="20251007 14:41:22.318"/>
</kw>
<kw name="Wait For Elements State" library="Browser">
<arg>${QUESTION_TITLE_SELECTOR}</arg>
<arg>visible</arg>
<arg>timeout=10s</arg>
<tag>PageContent</tag>
<tag>Wait</tag>
<doc>Waits for the element found by ``selector`` to satisfy state option.</doc>
<msg timestamp="20251007 14:41:22.348" level="INFO">Waited for Element with selector xpath=//div[@id="questions"] at state visible</msg>
<status status="PASS" starttime="20251007 14:41:22.319" endtime="20251007 14:41:22.348"/>
</kw>
<status status="PASS" starttime="20251007 14:41:19.687" endtime="20251007 14:41:22.348"/>
</kw>
<kw name="Get First Question Title" library="questions_page">
<var>${web_title}</var>
<kw name="Wait For Elements State" library="Browser">
<arg>${FIRST_QUESTION_TITLE_SELECTOR}</arg>
<arg>visible</arg>
<arg>timeout=500s</arg>
<tag>PageContent</tag>
<tag>Wait</tag>
<doc>Waits for the element found by ``selector`` to satisfy state option.</doc>
<msg timestamp="20251007 14:41:22.358" level="INFO">Waited for Element with selector xpath=/html/body/div[5]/div[3]/div[1]/div[3]/div[1]/div[2]/h3 at state visible</msg>
<status status="PASS" starttime="20251007 14:41:22.349" endtime="20251007 14:41:22.358"/>
</kw>
<kw name="Get Text" library="Browser">
<var>${title}</var>
<arg>${FIRST_QUESTION_TITLE_SELECTOR}</arg>
<tag>Assertion</tag>
<tag>Getter</tag>
<tag>PageContent</tag>
<doc>Returns text attribute of the element found by ``selector``.</doc>
<msg timestamp="20251007 14:41:22.403" level="INFO">Text: 'React Native: How to configure priority (angle) for nested horizontal / vertical scroll?'</msg>
<msg timestamp="20251007 14:41:22.403" level="INFO">${title} = React Native: How to configure priority (angle) for nested horizontal / vertical scroll?</msg>
<status status="PASS" starttime="20251007 14:41:22.359" endtime="20251007 14:41:22.403"/>
</kw>
<msg timestamp="20251007 14:41:22.404" level="INFO">${web_title} = React Native: How to configure priority (angle) for nested horizontal / vertical scroll?</msg>
<status status="PASS" starttime="20251007 14:41:22.349" endtime="20251007 14:41:22.404"/>
</kw>
<kw name="Log" library="BuiltIn">
<arg>Web Title: ${web_title}</arg>
<doc>Logs the given message with the given level.</doc>
<msg timestamp="20251007 14:41:22.405" level="INFO">Web Title: React Native: How to configure priority (angle) for nested horizontal / vertical scroll?</msg>
<status status="PASS" starttime="20251007 14:41:22.404" endtime="20251007 14:41:22.405"/>
</kw>
<kw name="Evaluate" library="BuiltIn">
<var>${clean_api}</var>
<arg>' '.join('''${api_title}'''.split())</arg>
<doc>Evaluates the given expression in Python and returns the result.</doc>
<msg timestamp="20251007 14:41:22.406" level="INFO">${clean_api} = React Native: How to configure priority (angle) for nested horizontal / vertical scroll?</msg>
<status status="PASS" starttime="20251007 14:41:22.406" endtime="20251007 14:41:22.406"/>
</kw>
<kw name="Evaluate" library="BuiltIn">
<var>${clean_web}</var>
<arg>' '.join('''${web_title}'''.split())</arg>
<doc>Evaluates the given expression in Python and returns the result.</doc>
<msg timestamp="20251007 14:41:22.408" level="INFO">${clean_web} = React Native: How to configure priority (angle) for nested horizontal / vertical scroll?</msg>
<status status="PASS" starttime="20251007 14:41:22.407" endtime="20251007 14:41:22.408"/>
</kw>
<kw name="Should Be Equal" library="BuiltIn">
<arg>${clean_api}</arg>
<arg>${clean_web}</arg>
<arg>msg= Les titres ne correspondent pas! API: '${clean_api}' vs WEB: '${clean_web}'</arg>
<doc>Fails if the given objects are unequal.</doc>
<status status="PASS" starttime="20251007 14:41:22.408" endtime="20251007 14:41:22.409"/>
</kw>
<kw name="Teardown Web Test" library="config" type="TEARDOWN">
<kw name="Close Browser" library="Browser">
<tag>BrowserControl</tag>
<tag>Setter</tag>
<doc>Closes the current browser.</doc>
<msg timestamp="20251007 14:41:22.714" level="INFO">Closed browser</msg>
<status status="PASS" starttime="20251007 14:41:22.410" endtime="20251007 14:41:22.714"/>
</kw>
<status status="PASS" starttime="20251007 14:41:22.410" endtime="20251007 14:41:22.714"/>
</kw>
<doc>Compare la première question entre l'API et le Web avec gestion des cookies</doc>
<tag>api</tag>
<tag>cookies</tag>
<tag>integration</tag>
<tag>web</tag>
<status status="PASS" starttime="20251007 14:41:18.759" endtime="20251007 14:41:22.714"/>
</test>
<kw name="Suite Teardown" type="TEARDOWN">
<kw name="Log" library="BuiltIn">
<arg>Fin de la suite de tests Web</arg>
<doc>Logs the given message with the given level.</doc>
<msg timestamp="20251007 14:41:22.721" level="INFO">Fin de la suite de tests Web</msg>
<status status="PASS" starttime="20251007 14:41:22.720" endtime="20251007 14:41:22.721"/>
</kw>
<status status="PASS" starttime="20251007 14:41:22.720" endtime="20251007 14:41:22.721"/>
</kw>
<status status="PASS" starttime="20251007 14:41:12.473" endtime="20251007 14:41:22.721"/>
</suite>
<status status="PASS" starttime="20251007 14:41:01.508" endtime="20251007 14:41:22.728"/>
</suite>
<statistics>
<total>
<stat pass="8" fail="0" skip="0">All Tests</stat>
</total>
<tag>
<stat pass="4" fail="0" skip="0">api</stat>
<stat pass="2" fail="0" skip="0">cookies</stat>
<stat pass="1" fail="0" skip="0">integration</stat>
<stat pass="1" fail="0" skip="0">multi-user</stat>
<stat pass="2" fail="0" skip="0">performance</stat>
<stat pass="1" fail="0" skip="0">smoke</stat>
<stat pass="3" fail="0" skip="0">web</stat>
</tag>
<suite>
<stat pass="8" fail="0" skip="0" id="s1" name="Tests">Tests</stat>
<stat pass="3" fail="0" skip="0" id="s1-s1" name="Api Tests">Tests.Api Tests</stat>
<stat pass="1" fail="0" skip="0" id="s1-s2" name="Multi User Tests">Tests.Multi User Tests</stat>
<stat pass="1" fail="0" skip="0" id="s1-s3" name="Performance Tests">Tests.Performance Tests</stat>
<stat pass="3" fail="0" skip="0" id="s1-s4" name="Web Tests">Tests.Web Tests</stat>
</suite>
</statistics>
<errors>
<msg timestamp="20251007 14:41:07.132" level="WARN">Keyword 'RequestsLibrary.To Json' is deprecated. Please use ${resp.json()} instead. Have a look at the improved HTML output as pretty printing replacement.</msg>
<msg timestamp="20251007 14:41:08.147" level="WARN">Keyword 'RequestsLibrary.To Json' is deprecated. Please use ${resp.json()} instead. Have a look at the improved HTML output as pretty printing replacement.</msg>
<msg timestamp="20251007 14:41:09.215" level="WARN">Keyword 'RequestsLibrary.To Json' is deprecated. Please use ${resp.json()} instead. Have a look at the improved HTML output as pretty printing replacement.</msg>
<msg timestamp="20251007 14:41:10.348" level="WARN">Keyword 'RequestsLibrary.To Json' is deprecated. Please use ${resp.json()} instead. Have a look at the improved HTML output as pretty printing replacement.</msg>
</errors>
</robot>
