<?xml version="1.0" encoding="UTF-8"?>
<robot generator="Robot 6.1.1 (Python 3.13.7 on win32)" generated="20251001 22:12:07.901" rpa="false" schemaversion="4">
<suite id="s1" name="Tests" source="c:\Users\Administrateur\Downloads\stackoverflow-test-project\tests">
<suite id="s1-s1" name="Api Tests" source="c:\Users\Administrateur\Downloads\stackoverflow-test-project\tests\api_tests.robot">
<test id="s1-s1-t1" name="Test API Returns Success" line="9">
<kw name="Setup API Test" library="config" type="SETUP">
<kw name="Create Session" library="RequestsLibrary">
<arg>stackoverflow</arg>
<arg>${API_BASE_URL}</arg>
<doc>Create Session: create a HTTP session to a server</doc>
<msg timestamp="20251001 22:12:08.267" level="INFO">Creating Session using : alias=stackoverflow, url=https://api.stackexchange.com/2.3, headers={},                     cookies={}, auth=None, timeout=None, proxies=None, verify=False,                     debug=0 </msg>
<status status="PASS" starttime="20251001 22:12:08.266" endtime="20251001 22:12:08.267"/>
</kw>
<status status="PASS" starttime="20251001 22:12:08.266" endtime="20251001 22:12:08.267"/>
</kw>
<kw name="Get Latest Questions" library="stackoverflow_api">
<var>${response}</var>
<kw name="Create Dictionary" library="BuiltIn">
<var>&amp;{params}</var>
<arg>order=desc</arg>
<arg>sort=${sort}</arg>
<arg>site=stackoverflow</arg>
<arg>pagesize=${pagesize}</arg>
<doc>Creates and returns a dictionary based on the given ``items``.</doc>
<msg timestamp="20251001 22:12:08.269" level="INFO">&amp;{params} = { order=desc | sort=creation | site=stackoverflow | pagesize=10 }</msg>
<status status="PASS" starttime="20251001 22:12:08.268" endtime="20251001 22:12:08.269"/>
</kw>
<kw name="GET" library="RequestsLibrary">
<var>${response}</var>
<arg>${API_BASE_URL}${QUESTIONS_ENDPOINT}</arg>
<arg>params=${params}</arg>
<doc>Sends a GET request.</doc>
<msg timestamp="20251001 22:12:08.841" level="INFO">GET Request : url=https://api.stackexchange.com/2.3/questions?order=desc&amp;sort=creation&amp;site=stackoverflow&amp;pagesize=10 
 path_url=/2.3/questions?order=desc&amp;sort=creation&amp;site=stackoverflow&amp;pagesize=10 
 headers={'User-Agent': 'python-requests/2.31.0', 'Accept-Encoding': 'gzip, deflate', 'Accept': '*/*', 'Connection': 'keep-alive'} 
 body=None 
 </msg>
<msg timestamp="20251001 22:12:08.841" level="INFO">GET Response : url=https://api.stackexchange.com/2.3/questions?order=desc&amp;sort=creation&amp;site=stackoverflow&amp;pagesize=10 
 status=200, reason=OK 
 headers={'Date': 'Wed, 01 Oct 2025 20:12:08 GMT', 'Content-Type': 'application/json; charset=utf-8', 'Content-Length': '2155', 'Connection': 'keep-alive', 'Server': 'cloudflare', 'CF-Ray': '987e9cf80fb82ace-MRS', 'CF-Cache-Status': 'DYNAMIC', 'Access-Control-Allow-Origin': '*', 'Cache-Control': 'private', 'Content-Encoding': 'gzip', 'Set-Cookie': 'prov=9c17184c-34b8-4892-8596-78ef9563c24c; expires=Thu, 01 Oct 2026 20:12:08 GMT; domain=.stackexchange.com; path=/; secure; samesite=none; httponly, __cflb=02DiuEqtkS4jGaTk6jRLVowZ76Z4qeo48ZASMorM6FFX2; SameSite=Lax; path=/; expires=Thu, 02-Oct-25 19:12:08 GMT; HttpOnly, prov=9c17184c-34b8-4892-8596-78ef9563c24c; Path=/; HttpOnly; Domain=stackexchange.com, __cf_bm=yd3ZOf4Fw33INJRr_rwsJKN6lbiz8lJ7_unh6MYgL6s-1759349528-1.0.1.1-uESJIOcLMdKapnILfJ0tVN.HAQS_fU67qxbpvvEc4pKZb1h_XMc.Gum_sLndYNNIQ_ltxbEzPdXUIKsklECccAh_pwAosqUrsWwWwWOBZls; path=/; expires=Wed, 01-Oct-25 20:42:08 GMT; domain=.api.stackexchange.com; HttpOnly; Secure; SameSite=None, _cfuvid=8Mz_EcLCs6OfasPeMTGTVyQIFU0_whmxZwTkGeMhtUo-1759349528525-0.0.1.1-604800000; path=/; domain=.api.stackexchange.com; HttpOnly; Secure; SameSite=None', 'Strict-Transport-Security': 'max-age=31536000; includeSubDomains', 'Vary': 'accept-encoding', 'access-control-allow-credentials': 'false', 'access-control-allow-methods': 'GET, POST', 'content-security-policy': "upgrade-insecure-requests; frame-ancestors 'self' https://stackexchange.com", 'x-clacks-overhead': 'GNU Terry Pratchett', 'x-content-type-options': 'nosniff', 'x-providence-cookie': '9c17184c-34b8-4892-8596-78ef9563c24c', 'x-request-guid': '7cc7d4cd-953c-436a-ad37-b639d68a06ee', 'x-worker-origin-response-time': '188000000'} 
 body={"items":[{"tags":["ios","payment","apple-developer","apple-developer-enterprise"],"owner":{"account_id":11568709,"reputation":71,"user_id":8476100,"user_type":"registered","profile_image":"https://lh5.googleusercontent.com/-h2R-rosfcgg/AAAAAAAAAAI/AAAAAAAAAOY/bwawONOnBKs/s256-rj/photo.jpg","display_name":"IMAD UL-HASSAN","link":"https://stackoverflow.com/users/8476100/imad-ul-hassan"},"is_answered":false,"view_count":2,"answer_count":0,"score":0,"last_activity_date":1759349442,"creation_date":1759349442,"question_id":79780434,"content_license":"CC BY-SA 4.0","link":"https://stackoverflow.com/questions/79780434/apple-developer-membership-renewal-issue","title":"Apple developer memberShip Renewal Issue"},{"tags":["r","gtsummary"],"owner":{"account_id":40973609,"reputation":157,"user_id":30055639,"user_type":"registered","profile_image":"https://www.gravatar.com/avatar/7cb0ab297214ae7085a898dabfaeb640?s=256&amp;d=identicon&amp;r=PG&amp;f=y&amp;so-version=2","display_name":"Ranjan Karmakar","link":"https://stackoverflow.com/users/30055639/ranjan-karmakar"},"is_answered":false,"view_count":5,"answer_count":0,"score":0,"last_activity_date":1759349174,"creation_date":1759349174,"question_id":79780432,"content_license":"CC BY-SA 4.0","link":"https://stackoverflow.com/questions/79780432/gtsummary-header-counts-with-tbl-strata-nested-stack","title":"GTSUMMARY Header counts with TBL_STRATA_NESTED_STACK"},{"tags":["docker","automation","n8n"],"owner":{"account_id":44165059,"reputation":1,"user_id":31611150,"user_type":"registered","profile_image":"https://www.gravatar.com/avatar/472ceba0d489ce7bd2b1e39f7790c274?s=256&amp;d=identicon&amp;r=PG&amp;f=y&amp;so-version=2","display_name":"PFL","link":"https://stackoverflow.com/users/31611150/pfl"},"is_answered":false,"view_count":3,"answer_count":0,"score":0,"last_activity_date":1759349068,"creation_date":1759349068,"question_id":79780431,"content_license":"CC BY-SA 4.0","link":"https://stackoverflow.com/questions/79780431/n8n-rest-api-always-returns-401-unauthorized-ce-docker-desktop-on-windows-11","title":"n8n REST API always returns 401 Unauthorized (CE, Docker Desktop on Windows 11)"},{"tags":["sql","regex","oracle-database"],"owner":{"account_id":15343311,"reputation":392,"user_id":11069614,"user_type":"registered","profile_image":"https://graph.facebook.com/314687309394719/picture?type=large","display_name":"Ben Smith","link":"https://stackoverflow.com/users/11069614/ben-smith"},"is_answered":false,"view_count":8,"answer_count":0,"score":0,"last_activity_date":1759349130,"creation_date":1759349043,"last_edit_date":1759349130,"question_id":79780430,"content_license":"CC BY-SA 4.0","link":"https://stackoverflow.com/questions/79780430/get-the-8th-element-of-a-string-divided-by-character","title":"Get the 8th element of a string divided by &amp;quot;/&amp;quot; character"},{"tags":["javascript","jquery"],"owner":{"account_id":14989385,"reputation":31,"user_id":10821035,"user_type":"registered","profile_image":"https://www.gravatar.com/avatar/5d63a1be8d8115d825d74bad99b4e2b9?s=256&amp;d=identicon&amp;r=PG&amp;f=y&amp;so-version=2","display_name":"tomcaptain","link":"https://stackoverflow.com/users/10821035/tomcaptain"},"is_answered":false,"view_count":7,"answer_count":0,"score":0,"last_activity_date":1759349043,"creation_date":1759349043,"question_id":79780429,"content_license":"CC BY-SA 4.0","link":"https://stackoverflow.com/questions/79780429/copy-and-cut-selected-text-using-javascript-and-paste-all-3-functions-on-button","title":"Copy and Cut Selected Text using Javascript and Paste, all 3 functions on button clicks"},{"tags":["windows","rust","ms-media-foundation","virtual-camera"],"owner":{"account_id":21153321,"reputation":1,"user_id":15553138,"user_type":"registered","profile_image":"https://www.gravatar.com/avatar/03cab7f9ce6f886b3388b59533d349d6?s=256&amp;d=identicon&amp;r=PG&amp;f=y&amp;so-version=2","display_name":"Marko19907","link":"https://stackoverflow.com/users/15553138/marko19907"},"is_answered":false,"view_count":3,"answer_count":0,"score":0,"last_activity_date":1759349039,"creation_date":1759349039,"question_id":79780428,"content_license":"CC BY-SA 4.0","link":"https://stackoverflow.com/questions/79780428/rust-windows-media-foundation-virtual-camera-fires-events-and-sample-but-no-vide","title":"Rust Windows Media Foundation virtual camera fires events and sample but no video out is shown"},{"tags":["java","spring-boot","jsp"],"owner":{"account_id":10642398,"reputation":7536,"user_id":7836976,"user_type":"registered","accept_rate":95,"profile_image":"https://www.gravatar.com/avatar/a57c0f1a2af768690957df659cc28f0f?s=256&amp;d=identicon&amp;r=PG&amp;f=y&amp;so-version=2","display_name":"runnerpaul","link":"https://stackoverflow.com/users/7836976/runnerpaul"},"is_answered":false,"view_count":5,"answer_count":0,"score":0,"last_activity_date":1759348605,"creation_date":1759348605,"question_id":79780426,"content_license":"CC BY-SA 4.0","link":"https://stackoverflow.com/questions/79780426/jsp-page-not-found-in-spring-boot-application","title":"JSP page not found in Spring Boot application"},{"tags":["javascript","html","css"],"owner":{"account_id":44142771,"reputation":1,"user_id":31599006,"user_type":"registered","profile_image":"https://www.gravatar.com/avatar/b38150fcc52628c69058360df584dfb2?s=256&amp;d=identicon&amp;r=PG&amp;f=y&amp;so-version=2","display_name":"0bsolete","link":"https://stackoverflow.com/users/31599006/0bsolete"},"is_answered":false,"view_count":13,"closed_date":1759348852,"answer_count":0,"score":-2,"last_activity_date":1759348481,"creation_date":1759348481,"question_id":79780425,"link":"https://stackoverflow.com/questions/79780425/trying-to-make-a-quick-time-event","closed_reason":"Needs details or clarity","title":"Trying to make a quick time event"},{"tags":["google-sheets-api"],"owner":{"account_id":3534581,"reputation":71,"user_id":2953216,"user_type":"registered","profile_image":"https://i.sstatic.net/Ag4Zp.png?s=256","display_name":"Lexe.Elf","link":"https://stackoverflow.com/users/2953216/lexe-elf"},"is_answered":false,"view_count":7,"answer_count":0,"score":0,"last_activity_date":1759348421,"creation_date":1759348421,"question_id":79780423,"content_license":"CC BY-SA 4.0","link":"https://stackoverflow.com/questions/79780423/how-to-insert-an-image-from-google-drive-inside-a-google-sheet-cell-programmatic","title":"How to insert an image from Google Drive inside a Google Sheet Cell programmatically (via API)?"},{"tags":["realitykit","reality-composer-pro","usd","vision-pro"],"owner":{"account_id":2619360,"reputation":531,"user_id":2730528,"user_type":"registered","accept_rate":88,"profile_image":"https://i.sstatic.net/OE0SH.jpg?s=256","display_name":"Alfonso Santiago","link":"https://stackoverflow.com/users/2730528/alfonso-santiago"},"is_answered":false,"view_count":3,"answer_count":0,"score":0,"last_activity_date":1759348420,"creation_date":1759348420,"question_id":79780422,"content_license":"CC BY-SA 4.0","link":"https://stackoverflow.com/questions/79780422/multiple-frames-blendshape-failed-animation-in-reality-composer-pro","title":"Multiple-frames BlendShape (failed) Animation in Reality Composer Pro"}],"has_more":true,"quota_max":300,"quota_remaining":141} 
 </msg>
<msg timestamp="20251001 22:12:08.842" level="INFO">${response} = &lt;Response [200]&gt;</msg>
<status status="PASS" starttime="20251001 22:12:08.269" endtime="20251001 22:12:08.842"/>
</kw>
<msg timestamp="20251001 22:12:08.842" level="INFO">${response} = &lt;Response [200]&gt;</msg>
<status status="PASS" starttime="20251001 22:12:08.268" endtime="20251001 22:12:08.842"/>
</kw>
<kw name="Should Be Equal As Numbers" library="BuiltIn">
<arg>${response.status_code}</arg>
<arg>200</arg>
<doc>Fails if objects are unequal after converting them to real numbers.</doc>
<msg timestamp="20251001 22:12:08.843" level="INFO">Argument types are:
&lt;class 'int'&gt;
&lt;class 'str'&gt;</msg>
<status status="PASS" starttime="20251001 22:12:08.843" endtime="20251001 22:12:08.843"/>
</kw>
<kw name="Teardown API Test" library="config" type="TEARDOWN">
<kw name="Delete All Sessions" library="RequestsLibrary">
<doc>Removes all the session objects</doc>
<msg timestamp="20251001 22:12:08.844" level="INFO">Deleting All Sessions</msg>
<status status="PASS" starttime="20251001 22:12:08.844" endtime="20251001 22:12:08.844"/>
</kw>
<status status="PASS" starttime="20251001 22:12:08.844" endtime="20251001 22:12:08.844"/>
</kw>
<tag>api</tag>
<status status="PASS" starttime="20251001 22:12:08.265" endtime="20251001 22:12:08.845"/>
</test>
<test id="s1-s1-t2" name="Test API Returns Questions" line="14">
<kw name="Setup API Test" library="config" type="SETUP">
<kw name="Create Session" library="RequestsLibrary">
<arg>stackoverflow</arg>
<arg>${API_BASE_URL}</arg>
<doc>Create Session: create a HTTP session to a server</doc>
<msg timestamp="20251001 22:12:10.072" level="INFO">Creating Session using : alias=stackoverflow, url=https://api.stackexchange.com/2.3, headers={},                     cookies={}, auth=None, timeout=None, proxies=None, verify=False,                     debug=0 </msg>
<status status="PASS" starttime="20251001 22:12:10.071" endtime="20251001 22:12:10.072"/>
</kw>
<status status="PASS" starttime="20251001 22:12:10.071" endtime="20251001 22:12:10.072"/>
</kw>
<kw name="Get Latest Questions" library="stackoverflow_api">
<var>${response}</var>
<arg>pagesize=5</arg>
<kw name="Create Dictionary" library="BuiltIn">
<var>&amp;{params}</var>
<arg>order=desc</arg>
<arg>sort=${sort}</arg>
<arg>site=stackoverflow</arg>
<arg>pagesize=${pagesize}</arg>
<doc>Creates and returns a dictionary based on the given ``items``.</doc>
<msg timestamp="20251001 22:12:10.074" level="INFO">&amp;{params} = { order=desc | sort=creation | site=stackoverflow | pagesize=5 }</msg>
<status status="PASS" starttime="20251001 22:12:10.073" endtime="20251001 22:12:10.074"/>
</kw>
<kw name="GET" library="RequestsLibrary">
<var>${response}</var>
<arg>${API_BASE_URL}${QUESTIONS_ENDPOINT}</arg>
<arg>params=${params}</arg>
<doc>Sends a GET request.</doc>
<msg timestamp="20251001 22:12:10.601" level="INFO">GET Request : url=https://api.stackexchange.com/2.3/questions?order=desc&amp;sort=creation&amp;site=stackoverflow&amp;pagesize=5 
 path_url=/2.3/questions?order=desc&amp;sort=creation&amp;site=stackoverflow&amp;pagesize=5 
 headers={'User-Agent': 'python-requests/2.31.0', 'Accept-Encoding': 'gzip, deflate', 'Accept': '*/*', 'Connection': 'keep-alive'} 
 body=None 
 </msg>
<msg timestamp="20251001 22:12:10.601" level="INFO">GET Response : url=https://api.stackexchange.com/2.3/questions?order=desc&amp;sort=creation&amp;site=stackoverflow&amp;pagesize=5 
 status=200, reason=OK 
 headers={'Date': 'Wed, 01 Oct 2025 20:12:10 GMT', 'Content-Type': 'application/json; charset=utf-8', 'Content-Length': '1289', 'Connection': 'keep-alive', 'Server': 'cloudflare', 'CF-Ray': '987e9d0318b3e1e9-MRS', 'CF-Cache-Status': 'DYNAMIC', 'Access-Control-Allow-Origin': '*', 'Cache-Control': 'private', 'Content-Encoding': 'gzip', 'Set-Cookie': 'prov=e7b02e94-6ef3-4e7c-bc22-ea157b13186f; expires=Thu, 01 Oct 2026 20:12:10 GMT; domain=.stackexchange.com; path=/; secure; samesite=none; httponly, __cflb=02DiuEqtkS4jGaTk6jRLVowZ76Z4qeo48ae5QCyeLnaVr; SameSite=Lax; path=/; expires=Thu, 02-Oct-25 19:12:10 GMT; HttpOnly, prov=e7b02e94-6ef3-4e7c-bc22-ea157b13186f; Path=/; HttpOnly; Domain=stackexchange.com, __cf_bm=dlZ3GPs_.kqlqCrWdPy44.7HweLtKFqqmGL80BNC.0c-1759349530-1.0.1.1-9MO0aH1rOgZ8pI4lDoSVL0hURkR68u843z5ZaIHxGenEeAJ7l1GticbcnjPuTey2dVirIUE9sY2U0eJuGBrP8HpSqU40.sBEmAlJi5.AIJg; path=/; expires=Wed, 01-Oct-25 20:42:10 GMT; domain=.api.stackexchange.com; HttpOnly; Secure; SameSite=None, _cfuvid=5a0p63A6j04VDSfjsnLDVa0vq8mfO8vLoNrNANOszJw-1759349530283-0.0.1.1-604800000; path=/; domain=.api.stackexchange.com; HttpOnly; Secure; SameSite=None', 'Strict-Transport-Security': 'max-age=31536000; includeSubDomains', 'Vary': 'accept-encoding', 'access-control-allow-credentials': 'false', 'access-control-allow-methods': 'GET, POST', 'content-security-policy': "upgrade-insecure-requests; frame-ancestors 'self' https://stackexchange.com", 'x-clacks-overhead': 'GNU Terry Pratchett', 'x-content-type-options': 'nosniff', 'x-providence-cookie': 'e7b02e94-6ef3-4e7c-bc22-ea157b13186f', 'x-request-guid': 'def86a4c-0e72-4b5f-b29e-fbd7c545e9cf', 'x-worker-origin-response-time': '171000000'} 
 body={"items":[{"tags":["ios","payment","apple-developer","apple-developer-enterprise"],"owner":{"account_id":11568709,"reputation":71,"user_id":8476100,"user_type":"registered","profile_image":"https://lh5.googleusercontent.com/-h2R-rosfcgg/AAAAAAAAAAI/AAAAAAAAAOY/bwawONOnBKs/s256-rj/photo.jpg","display_name":"IMAD UL-HASSAN","link":"https://stackoverflow.com/users/8476100/imad-ul-hassan"},"is_answered":false,"view_count":2,"answer_count":0,"score":0,"last_activity_date":1759349442,"creation_date":1759349442,"question_id":79780434,"content_license":"CC BY-SA 4.0","link":"https://stackoverflow.com/questions/79780434/apple-developer-membership-renewal-issue","title":"Apple developer memberShip Renewal Issue"},{"tags":["r","gtsummary"],"owner":{"account_id":40973609,"reputation":157,"user_id":30055639,"user_type":"registered","profile_image":"https://www.gravatar.com/avatar/7cb0ab297214ae7085a898dabfaeb640?s=256&amp;d=identicon&amp;r=PG&amp;f=y&amp;so-version=2","display_name":"Ranjan Karmakar","link":"https://stackoverflow.com/users/30055639/ranjan-karmakar"},"is_answered":false,"view_count":5,"answer_count":0,"score":0,"last_activity_date":1759349174,"creation_date":1759349174,"question_id":79780432,"content_license":"CC BY-SA 4.0","link":"https://stackoverflow.com/questions/79780432/gtsummary-header-counts-with-tbl-strata-nested-stack","title":"GTSUMMARY Header counts with TBL_STRATA_NESTED_STACK"},{"tags":["docker","automation","n8n"],"owner":{"account_id":44165059,"reputation":1,"user_id":31611150,"user_type":"registered","profile_image":"https://www.gravatar.com/avatar/472ceba0d489ce7bd2b1e39f7790c274?s=256&amp;d=identicon&amp;r=PG&amp;f=y&amp;so-version=2","display_name":"PFL","link":"https://stackoverflow.com/users/31611150/pfl"},"is_answered":false,"view_count":3,"answer_count":0,"score":0,"last_activity_date":1759349068,"creation_date":1759349068,"question_id":79780431,"content_license":"CC BY-SA 4.0","link":"https://stackoverflow.com/questions/79780431/n8n-rest-api-always-returns-401-unauthorized-ce-docker-desktop-on-windows-11","title":"n8n REST API always returns 401 Unauthorized (CE, Docker Desktop on Windows 11)"},{"tags":["sql","regex","oracle-database"],"owner":{"account_id":15343311,"reputation":392,"user_id":11069614,"user_type":"registered","profile_image":"https://graph.facebook.com/314687309394719/picture?type=large","display_name":"Ben Smith","link":"https://stackoverflow.com/users/11069614/ben-smith"},"is_answered":false,"view_count":8,"answer_count":0,"score":0,"last_activity_date":1759349130,"creation_date":1759349043,"last_edit_date":1759349130,"question_id":79780430,"content_license":"CC BY-SA 4.0","link":"https://stackoverflow.com/questions/79780430/get-the-8th-element-of-a-string-divided-by-character","title":"Get the 8th element of a string divided by &amp;quot;/&amp;quot; character"},{"tags":["javascript","jquery"],"owner":{"account_id":14989385,"reputation":31,"user_id":10821035,"user_type":"registered","profile_image":"https://www.gravatar.com/avatar/5d63a1be8d8115d825d74bad99b4e2b9?s=256&amp;d=identicon&amp;r=PG&amp;f=y&amp;so-version=2","display_name":"tomcaptain","link":"https://stackoverflow.com/users/10821035/tomcaptain"},"is_answered":false,"view_count":7,"answer_count":0,"score":0,"last_activity_date":1759349043,"creation_date":1759349043,"question_id":79780429,"content_license":"CC BY-SA 4.0","link":"https://stackoverflow.com/questions/79780429/copy-and-cut-selected-text-using-javascript-and-paste-all-3-functions-on-button","title":"Copy and Cut Selected Text using Javascript and Paste, all 3 functions on button clicks"}],"has_more":true,"quota_max":300,"quota_remaining":140} 
 </msg>
<msg timestamp="20251001 22:12:10.602" level="INFO">${response} = &lt;Response [200]&gt;</msg>
<status status="PASS" starttime="20251001 22:12:10.074" endtime="20251001 22:12:10.602"/>
</kw>
<msg timestamp="20251001 22:12:10.603" level="INFO">${response} = &lt;Response [200]&gt;</msg>
<status status="PASS" starttime="20251001 22:12:10.073" endtime="20251001 22:12:10.603"/>
</kw>
<kw name="Get Length" library="BuiltIn">
<var>${count}</var>
<arg>${response.json()['items']}</arg>
<doc>Returns and logs the length of the given item as an integer.</doc>
<msg timestamp="20251001 22:12:10.606" level="INFO">Length is 5</msg>
<msg timestamp="20251001 22:12:10.606" level="INFO">${count} = 5</msg>
<status status="PASS" starttime="20251001 22:12:10.604" endtime="20251001 22:12:10.607"/>
</kw>
<kw name="Should Be True" library="BuiltIn">
<arg>${count} &gt; 0</arg>
<doc>Fails if the given condition is not true.</doc>
<status status="PASS" starttime="20251001 22:12:10.608" endtime="20251001 22:12:10.609"/>
</kw>
<kw name="Teardown API Test" library="config" type="TEARDOWN">
<kw name="Delete All Sessions" library="RequestsLibrary">
<doc>Removes all the session objects</doc>
<msg timestamp="20251001 22:12:10.612" level="INFO">Deleting All Sessions</msg>
<status status="PASS" starttime="20251001 22:12:10.612" endtime="20251001 22:12:10.613"/>
</kw>
<status status="PASS" starttime="20251001 22:12:10.611" endtime="20251001 22:12:10.613"/>
</kw>
<tag>api</tag>
<status status="PASS" starttime="20251001 22:12:10.068" endtime="20251001 22:12:10.614"/>
</test>
<test id="s1-s1-t3" name="Pagination Parameterized Test" line="21">
<kw name="Setup API Test" library="config" type="SETUP">
<kw name="Create Session" library="RequestsLibrary">
<arg>stackoverflow</arg>
<arg>${API_BASE_URL}</arg>
<doc>Create Session: create a HTTP session to a server</doc>
<msg timestamp="20251001 22:12:10.639" level="INFO">Creating Session using : alias=stackoverflow, url=https://api.stackexchange.com/2.3, headers={},                     cookies={}, auth=None, timeout=None, proxies=None, verify=False,                     debug=0 </msg>
<status status="PASS" starttime="20251001 22:12:10.638" endtime="20251001 22:12:10.639"/>
</kw>
<status status="PASS" starttime="20251001 22:12:10.637" endtime="20251001 22:12:10.639"/>
</kw>
<kw name="Check PageSize Returns ExpectedCount">
<arg>1</arg>
<kw name="Get Latest Questions" library="stackoverflow_api">
<var>${response}</var>
<arg>pagesize=${pagesize}</arg>
<kw name="Create Dictionary" library="BuiltIn">
<var>&amp;{params}</var>
<arg>order=desc</arg>
<arg>sort=${sort}</arg>
<arg>site=stackoverflow</arg>
<arg>pagesize=${pagesize}</arg>
<doc>Creates and returns a dictionary based on the given ``items``.</doc>
<msg timestamp="20251001 22:12:10.642" level="INFO">&amp;{params} = { order=desc | sort=creation | site=stackoverflow | pagesize=1 }</msg>
<status status="PASS" starttime="20251001 22:12:10.642" endtime="20251001 22:12:10.642"/>
</kw>
<kw name="GET" library="RequestsLibrary">
<var>${response}</var>
<arg>${API_BASE_URL}${QUESTIONS_ENDPOINT}</arg>
<arg>params=${params}</arg>
<doc>Sends a GET request.</doc>
<msg timestamp="20251001 22:12:11.176" level="INFO">GET Request : url=https://api.stackexchange.com/2.3/questions?order=desc&amp;sort=creation&amp;site=stackoverflow&amp;pagesize=1 
 path_url=/2.3/questions?order=desc&amp;sort=creation&amp;site=stackoverflow&amp;pagesize=1 
 headers={'User-Agent': 'python-requests/2.31.0', 'Accept-Encoding': 'gzip, deflate', 'Accept': '*/*', 'Connection': 'keep-alive'} 
 body=None 
 </msg>
<msg timestamp="20251001 22:12:11.176" level="INFO">GET Response : url=https://api.stackexchange.com/2.3/questions?order=desc&amp;sort=creation&amp;site=stackoverflow&amp;pagesize=1 
 status=200, reason=OK 
 headers={'Date': 'Wed, 01 Oct 2025 20:12:10 GMT', 'Content-Type': 'application/json; charset=utf-8', 'Content-Length': '483', 'Connection': 'keep-alive', 'Server': 'cloudflare', 'CF-Ray': '987e9d06aaf6aead-MRS', 'CF-Cache-Status': 'DYNAMIC', 'Access-Control-Allow-Origin': '*', 'Cache-Control': 'private', 'Content-Encoding': 'gzip', 'Set-Cookie': 'prov=1c71cb60-d13c-479c-9bf3-3acd424ba9b3; expires=Thu, 01 Oct 2026 20:12:10 GMT; domain=.stackexchange.com; path=/; secure; samesite=none; httponly, __cflb=02DiuEqtkS4jGaTk6jRLVowZ76Z4qeo48ae5QCyeLnaVr; SameSite=Lax; path=/; expires=Thu, 02-Oct-25 19:12:10 GMT; HttpOnly, prov=1c71cb60-d13c-479c-9bf3-3acd424ba9b3; Path=/; HttpOnly; Domain=stackexchange.com, __cf_bm=6csK5OC2UGkBoqJYjXfzQB6gwiN92ZIFKb.ONcIIFzY-1759349530-1.0.1.1-l_kQ_SUMiV57rA4NNeWOnFh1o5KdzFTE0l0JoMeOYMSKwgOSe3hgdAW1zVFv99DAYGI8Y5D7CCZmoB5ILcfU._KOqEHKReCzwsTXRTh9W6w; path=/; expires=Wed, 01-Oct-25 20:42:10 GMT; domain=.api.stackexchange.com; HttpOnly; Secure; SameSite=None, _cfuvid=5tFi7.frT487dDVqNO1UAmGSAQEe._5mCf59VdG_4i8-1759349530857-0.0.1.1-604800000; path=/; domain=.api.stackexchange.com; HttpOnly; Secure; SameSite=None', 'Strict-Transport-Security': 'max-age=31536000; includeSubDomains', 'Vary': 'accept-encoding', 'access-control-allow-credentials': 'false', 'access-control-allow-methods': 'GET, POST', 'content-security-policy': "upgrade-insecure-requests; frame-ancestors 'self' https://stackexchange.com", 'x-clacks-overhead': 'GNU Terry Pratchett', 'x-content-type-options': 'nosniff', 'x-providence-cookie': '1c71cb60-d13c-479c-9bf3-3acd424ba9b3', 'x-request-guid': 'eb2af3d3-544c-4915-8710-e64c16bb1913', 'x-worker-origin-response-time': '143000000'} 
 body={"items":[{"tags":["ios","payment","apple-developer","apple-developer-enterprise"],"owner":{"account_id":11568709,"reputation":71,"user_id":8476100,"user_type":"registered","profile_image":"https://lh5.googleusercontent.com/-h2R-rosfcgg/AAAAAAAAAAI/AAAAAAAAAOY/bwawONOnBKs/s256-rj/photo.jpg","display_name":"IMAD UL-HASSAN","link":"https://stackoverflow.com/users/8476100/imad-ul-hassan"},"is_answered":false,"view_count":2,"answer_count":0,"score":0,"last_activity_date":1759349442,"creation_date":1759349442,"question_id":79780434,"content_license":"CC BY-SA 4.0","link":"https://stackoverflow.com/questions/79780434/apple-developer-membership-renewal-issue","title":"Apple developer memberShip Renewal Issue"}],"has_more":true,"quota_max":300,"quota_remaining":140} 
 </msg>
<msg timestamp="20251001 22:12:11.177" level="INFO">${response} = &lt;Response [200]&gt;</msg>
<status status="PASS" starttime="20251001 22:12:10.643" endtime="20251001 22:12:11.177"/>
</kw>
<msg timestamp="20251001 22:12:11.177" level="INFO">${response} = &lt;Response [200]&gt;</msg>
<status status="PASS" starttime="20251001 22:12:10.641" endtime="20251001 22:12:11.177"/>
</kw>
<kw name="Get Latest Questions Json" library="stackoverflow_api">
<var>${json}</var>
<arg>${response}</arg>
<arg>pagesize=${pagesize}</arg>
<kw name="Get Latest Questions" library="stackoverflow_api">
<var>${response}</var>
<arg>${pagesize}</arg>
<arg>creation</arg>
<kw name="Create Dictionary" library="BuiltIn">
<var>&amp;{params}</var>
<arg>order=desc</arg>
<arg>sort=${sort}</arg>
<arg>site=stackoverflow</arg>
<arg>pagesize=${pagesize}</arg>
<doc>Creates and returns a dictionary based on the given ``items``.</doc>
<msg timestamp="20251001 22:12:11.182" level="INFO">&amp;{params} = { order=desc | sort=creation | site=stackoverflow | pagesize=1 }</msg>
<status status="PASS" starttime="20251001 22:12:11.181" endtime="20251001 22:12:11.182"/>
</kw>
<kw name="GET" library="RequestsLibrary">
<var>${response}</var>
<arg>${API_BASE_URL}${QUESTIONS_ENDPOINT}</arg>
<arg>params=${params}</arg>
<doc>Sends a GET request.</doc>
<msg timestamp="20251001 22:12:11.659" level="INFO">GET Request : url=https://api.stackexchange.com/2.3/questions?order=desc&amp;sort=creation&amp;site=stackoverflow&amp;pagesize=1 
 path_url=/2.3/questions?order=desc&amp;sort=creation&amp;site=stackoverflow&amp;pagesize=1 
 headers={'User-Agent': 'python-requests/2.31.0', 'Accept-Encoding': 'gzip, deflate', 'Accept': '*/*', 'Connection': 'keep-alive'} 
 body=None 
 </msg>
<msg timestamp="20251001 22:12:11.659" level="INFO">GET Response : url=https://api.stackexchange.com/2.3/questions?order=desc&amp;sort=creation&amp;site=stackoverflow&amp;pagesize=1 
 status=200, reason=OK 
 headers={'Date': 'Wed, 01 Oct 2025 20:12:11 GMT', 'Content-Type': 'application/json; charset=utf-8', 'Content-Length': '483', 'Connection': 'keep-alive', 'Server': 'cloudflare', 'CF-Ray': '987e9d09fc68e27e-MRS', 'CF-Cache-Status': 'DYNAMIC', 'Access-Control-Allow-Origin': '*', 'Cache-Control': 'private', 'Content-Encoding': 'gzip', 'Set-Cookie': 'prov=068b68f8-e81a-4fbb-ad68-279e29b1c035; expires=Thu, 01 Oct 2026 20:12:11 GMT; domain=.stackexchange.com; path=/; secure; samesite=none; httponly, __cflb=02DiuEqtkS4jGaTk6jRLVowZ76Z4qeo48bNtvQYHy4EzG; SameSite=Lax; path=/; expires=Thu, 02-Oct-25 19:12:11 GMT; HttpOnly, prov=068b68f8-e81a-4fbb-ad68-279e29b1c035; Path=/; HttpOnly; Domain=stackexchange.com, __cf_bm=kgzgnxQ8SZSKGC2C5N8pZKOGWTUJxcUwwtn..3jCD14-1759349531-1.0.1.1-sWritVf_RTqmIf3DrEwdfq.D8S8DY9CEP7wqUz85qLr7uVDWs6rfNgGS4808bXpbancsw.kRm.ijrwTzc0_xFQVJK0WX2zHOb4O44bQVjm0; path=/; expires=Wed, 01-Oct-25 20:42:11 GMT; domain=.api.stackexchange.com; HttpOnly; Secure; SameSite=None, _cfuvid=GOp1x5aHIbZ03tNXeBC0P7yyHG3oxsFmhhIzF02Wfsc-1759349531342-0.0.1.1-604800000; path=/; domain=.api.stackexchange.com; HttpOnly; Secure; SameSite=None', 'Strict-Transport-Security': 'max-age=31536000; includeSubDomains', 'Vary': 'accept-encoding', 'access-control-allow-credentials': 'false', 'access-control-allow-methods': 'GET, POST', 'content-security-policy': "upgrade-insecure-requests; frame-ancestors 'self' https://stackexchange.com", 'x-clacks-overhead': 'GNU Terry Pratchett', 'x-content-type-options': 'nosniff', 'x-providence-cookie': '068b68f8-e81a-4fbb-ad68-279e29b1c035', 'x-request-guid': '316ebae2-8c51-41ed-b26a-681c0161c257', 'x-worker-origin-response-time': '136000000'} 
 body={"items":[{"tags":["ios","payment","apple-developer","apple-developer-enterprise"],"owner":{"account_id":11568709,"reputation":71,"user_id":8476100,"user_type":"registered","profile_image":"https://lh5.googleusercontent.com/-h2R-rosfcgg/AAAAAAAAAAI/AAAAAAAAAOY/bwawONOnBKs/s256-rj/photo.jpg","display_name":"IMAD UL-HASSAN","link":"https://stackoverflow.com/users/8476100/imad-ul-hassan"},"is_answered":false,"view_count":2,"answer_count":0,"score":0,"last_activity_date":1759349442,"creation_date":1759349442,"question_id":79780434,"content_license":"CC BY-SA 4.0","link":"https://stackoverflow.com/questions/79780434/apple-developer-membership-renewal-issue","title":"Apple developer memberShip Renewal Issue"}],"has_more":true,"quota_max":300,"quota_remaining":138} 
 </msg>
<msg timestamp="20251001 22:12:11.660" level="INFO">${response} = &lt;Response [200]&gt;</msg>
<status status="PASS" starttime="20251001 22:12:11.183" endtime="20251001 22:12:11.660"/>
</kw>
<msg timestamp="20251001 22:12:11.661" level="INFO">${response} = &lt;Response [200]&gt;</msg>
<status status="PASS" starttime="20251001 22:12:11.179" endtime="20251001 22:12:11.661"/>
</kw>
<kw name="To Json" library="RequestsLibrary">
<var>${json}</var>
<arg>${response.text}</arg>
<doc>*DEPRECATED* Please use ${resp.json()} instead. Have a look at the improved HTML output as pretty printing replacement.</doc>
<msg timestamp="20251001 22:12:11.662" level="WARN">Keyword 'RequestsLibrary.To Json' is deprecated. Please use ${resp.json()} instead. Have a look at the improved HTML output as pretty printing replacement.</msg>
<msg timestamp="20251001 22:12:11.666" level="INFO">To JSON using : content={"items":[{"tags":["ios","payment","apple-developer","apple-developer-enterprise"],"owner":{"account_id":11568709,"reputation":71,"user_id":8476100,"user_type":"registered","profile_image":"https://lh5.googleusercontent.com/-h2R-rosfcgg/AAAAAAAAAAI/AAAAAAAAAOY/bwawONOnBKs/s256-rj/photo.jpg","display_name":"IMAD UL-HASSAN","link":"https://stackoverflow.com/users/8476100/imad-ul-hassan"},"is_answered":false,"view_count":2,"answer_count":0,"score":0,"last_activity_date":1759349442,"creation_date":1759349442,"question_id":79780434,"content_license":"CC BY-SA 4.0","link":"https://stackoverflow.com/questions/79780434/apple-developer-membership-renewal-issue","title":"Apple developer memberShip Renewal Issue"}],"has_more":true,"quota_max":300,"quota_remaining":138} </msg>
<msg timestamp="20251001 22:12:11.666" level="INFO">To JSON using : pretty_print=False </msg>
<msg timestamp="20251001 22:12:11.666" level="INFO">${json} = {'items': [{'tags': ['ios', 'payment', 'apple-developer', 'apple-developer-enterprise'], 'owner': {'account_id': 11568709, 'reputation': 71, 'user_id': 8476100, 'user_type': 'registered', 'profile_ima...</msg>
<status status="PASS" starttime="20251001 22:12:11.661" endtime="20251001 22:12:11.666"/>
</kw>
<msg timestamp="20251001 22:12:11.667" level="INFO">${json} = {'items': [{'tags': ['ios', 'payment', 'apple-developer', 'apple-developer-enterprise'], 'owner': {'account_id': 11568709, 'reputation': 71, 'user_id': 8476100, 'user_type': 'registered', 'profile_ima...</msg>
<status status="PASS" starttime="20251001 22:12:11.178" endtime="20251001 22:12:11.667"/>
</kw>
<kw name="Set Variable" library="BuiltIn">
<var>${items}</var>
<arg>${json["items"]}</arg>
<doc>Returns the given values which can then be assigned to a variables.</doc>
<msg timestamp="20251001 22:12:11.669" level="INFO">${items} = [{'tags': ['ios', 'payment', 'apple-developer', 'apple-developer-enterprise'], 'owner': {'account_id': 11568709, 'reputation': 71, 'user_id': 8476100, 'user_type': 'registered', 'profile_image': 'http...</msg>
<status status="PASS" starttime="20251001 22:12:11.667" endtime="20251001 22:12:11.669"/>
</kw>
<kw name="Get Length" library="BuiltIn">
<var>${len}</var>
<arg>${items}</arg>
<doc>Returns and logs the length of the given item as an integer.</doc>
<msg timestamp="20251001 22:12:11.669" level="INFO">Length is 1</msg>
<msg timestamp="20251001 22:12:11.669" level="INFO">${len} = 1</msg>
<status status="PASS" starttime="20251001 22:12:11.669" endtime="20251001 22:12:11.669"/>
</kw>
<kw name="Should Be True" library="BuiltIn">
<arg>${len} &lt;= ${pagesize}</arg>
<doc>Fails if the given condition is not true.</doc>
<status status="PASS" starttime="20251001 22:12:11.669" endtime="20251001 22:12:11.670"/>
</kw>
<status status="PASS" starttime="20251001 22:12:10.640" endtime="20251001 22:12:11.670"/>
</kw>
<kw name="Check PageSize Returns ExpectedCount">
<arg>5</arg>
<kw name="Get Latest Questions" library="stackoverflow_api">
<var>${response}</var>
<arg>pagesize=${pagesize}</arg>
<kw name="Create Dictionary" library="BuiltIn">
<var>&amp;{params}</var>
<arg>order=desc</arg>
<arg>sort=${sort}</arg>
<arg>site=stackoverflow</arg>
<arg>pagesize=${pagesize}</arg>
<doc>Creates and returns a dictionary based on the given ``items``.</doc>
<msg timestamp="20251001 22:12:11.671" level="INFO">&amp;{params} = { order=desc | sort=creation | site=stackoverflow | pagesize=5 }</msg>
<status status="PASS" starttime="20251001 22:12:11.671" endtime="20251001 22:12:11.671"/>
</kw>
<kw name="GET" library="RequestsLibrary">
<var>${response}</var>
<arg>${API_BASE_URL}${QUESTIONS_ENDPOINT}</arg>
<arg>params=${params}</arg>
<doc>Sends a GET request.</doc>
<msg timestamp="20251001 22:12:12.398" level="INFO">GET Request : url=https://api.stackexchange.com/2.3/questions?order=desc&amp;sort=creation&amp;site=stackoverflow&amp;pagesize=5 
 path_url=/2.3/questions?order=desc&amp;sort=creation&amp;site=stackoverflow&amp;pagesize=5 
 headers={'User-Agent': 'python-requests/2.31.0', 'Accept-Encoding': 'gzip, deflate', 'Accept': '*/*', 'Connection': 'keep-alive'} 
 body=None 
 </msg>
<msg timestamp="20251001 22:12:12.399" level="INFO">GET Response : url=https://api.stackexchange.com/2.3/questions?order=desc&amp;sort=creation&amp;site=stackoverflow&amp;pagesize=5 
 status=200, reason=OK 
 headers={'Date': 'Wed, 01 Oct 2025 20:12:12 GMT', 'Content-Type': 'application/json; charset=utf-8', 'Content-Length': '1289', 'Connection': 'keep-alive', 'Server': 'cloudflare', 'CF-Ray': '987e9d0d1d7fc1fb-MRS', 'CF-Cache-Status': 'DYNAMIC', 'Access-Control-Allow-Origin': '*', 'Cache-Control': 'private', 'Content-Encoding': 'gzip', 'Set-Cookie': 'prov=167047c1-a9ed-4273-9faf-2a97ccb93aa0; expires=Thu, 01 Oct 2026 20:12:12 GMT; domain=.stackexchange.com; path=/; secure; samesite=none; httponly, __cflb=02DiuEqtkS4jGaTk6jRLVowZ76Z4qeo48bNtvQYHy4EzG; SameSite=Lax; path=/; expires=Thu, 02-Oct-25 19:12:12 GMT; HttpOnly, prov=167047c1-a9ed-4273-9faf-2a97ccb93aa0; Path=/; HttpOnly; Domain=stackexchange.com, __cf_bm=gN5UAi5tGjjYD5lpuVPcIvUBs51SCP6A2uaS59Qg2uk-1759349532-1.0.1.1-rWoU2uv1eF9AJnQGkuxnMSfEZS5s8IyUWYvzHeCMu0Gn.Rz4SLX.uVXlJF3.5jDzuypSTcOQkgUkFlnsm3x14vonpc3Dlz3mGnXCLSQEJyI; path=/; expires=Wed, 01-Oct-25 20:42:12 GMT; domain=.api.stackexchange.com; HttpOnly; Secure; SameSite=None, _cfuvid=tdRFX7oPdrxIk4uIK_hLBZXa4ga_B17ydViAQYHHXsc-1759349532081-0.0.1.1-604800000; path=/; domain=.api.stackexchange.com; HttpOnly; Secure; SameSite=None', 'Strict-Transport-Security': 'max-age=31536000; includeSubDomains', 'Vary': 'accept-encoding', 'access-control-allow-credentials': 'false', 'access-control-allow-methods': 'GET, POST', 'content-security-policy': "upgrade-insecure-requests; frame-ancestors 'self' https://stackexchange.com", 'x-clacks-overhead': 'GNU Terry Pratchett', 'x-content-type-options': 'nosniff', 'x-providence-cookie': '167047c1-a9ed-4273-9faf-2a97ccb93aa0', 'x-request-guid': '48118418-bc9e-42e6-98a8-c2df2a2e4472', 'x-worker-origin-response-time': '368000000'} 
 body={"items":[{"tags":["ios","payment","apple-developer","apple-developer-enterprise"],"owner":{"account_id":11568709,"reputation":71,"user_id":8476100,"user_type":"registered","profile_image":"https://lh5.googleusercontent.com/-h2R-rosfcgg/AAAAAAAAAAI/AAAAAAAAAOY/bwawONOnBKs/s256-rj/photo.jpg","display_name":"IMAD UL-HASSAN","link":"https://stackoverflow.com/users/8476100/imad-ul-hassan"},"is_answered":false,"view_count":2,"answer_count":0,"score":0,"last_activity_date":1759349442,"creation_date":1759349442,"question_id":79780434,"content_license":"CC BY-SA 4.0","link":"https://stackoverflow.com/questions/79780434/apple-developer-membership-renewal-issue","title":"Apple developer memberShip Renewal Issue"},{"tags":["r","gtsummary"],"owner":{"account_id":40973609,"reputation":157,"user_id":30055639,"user_type":"registered","profile_image":"https://www.gravatar.com/avatar/7cb0ab297214ae7085a898dabfaeb640?s=256&amp;d=identicon&amp;r=PG&amp;f=y&amp;so-version=2","display_name":"Ranjan Karmakar","link":"https://stackoverflow.com/users/30055639/ranjan-karmakar"},"is_answered":false,"view_count":5,"answer_count":0,"score":0,"last_activity_date":1759349174,"creation_date":1759349174,"question_id":79780432,"content_license":"CC BY-SA 4.0","link":"https://stackoverflow.com/questions/79780432/gtsummary-header-counts-with-tbl-strata-nested-stack","title":"GTSUMMARY Header counts with TBL_STRATA_NESTED_STACK"},{"tags":["docker","automation","n8n"],"owner":{"account_id":44165059,"reputation":1,"user_id":31611150,"user_type":"registered","profile_image":"https://www.gravatar.com/avatar/472ceba0d489ce7bd2b1e39f7790c274?s=256&amp;d=identicon&amp;r=PG&amp;f=y&amp;so-version=2","display_name":"PFL","link":"https://stackoverflow.com/users/31611150/pfl"},"is_answered":false,"view_count":3,"answer_count":0,"score":0,"last_activity_date":1759349068,"creation_date":1759349068,"question_id":79780431,"content_license":"CC BY-SA 4.0","link":"https://stackoverflow.com/questions/79780431/n8n-rest-api-always-returns-401-unauthorized-ce-docker-desktop-on-windows-11","title":"n8n REST API always returns 401 Unauthorized (CE, Docker Desktop on Windows 11)"},{"tags":["sql","regex","oracle-database"],"owner":{"account_id":15343311,"reputation":392,"user_id":11069614,"user_type":"registered","profile_image":"https://graph.facebook.com/314687309394719/picture?type=large","display_name":"Ben Smith","link":"https://stackoverflow.com/users/11069614/ben-smith"},"is_answered":false,"view_count":8,"answer_count":0,"score":0,"last_activity_date":1759349130,"creation_date":1759349043,"last_edit_date":1759349130,"question_id":79780430,"content_license":"CC BY-SA 4.0","link":"https://stackoverflow.com/questions/79780430/get-the-8th-element-of-a-string-divided-by-character","title":"Get the 8th element of a string divided by &amp;quot;/&amp;quot; character"},{"tags":["javascript","jquery"],"owner":{"account_id":14989385,"reputation":31,"user_id":10821035,"user_type":"registered","profile_image":"https://www.gravatar.com/avatar/5d63a1be8d8115d825d74bad99b4e2b9?s=256&amp;d=identicon&amp;r=PG&amp;f=y&amp;so-version=2","display_name":"tomcaptain","link":"https://stackoverflow.com/users/10821035/tomcaptain"},"is_answered":false,"view_count":7,"answer_count":0,"score":0,"last_activity_date":1759349043,"creation_date":1759349043,"question_id":79780429,"content_license":"CC BY-SA 4.0","link":"https://stackoverflow.com/questions/79780429/copy-and-cut-selected-text-using-javascript-and-paste-all-3-functions-on-button","title":"Copy and Cut Selected Text using Javascript and Paste, all 3 functions on button clicks"}],"has_more":true,"quota_max":300,"quota_remaining":138} 
 </msg>
<msg timestamp="20251001 22:12:12.399" level="INFO">${response} = &lt;Response [200]&gt;</msg>
<status status="PASS" starttime="20251001 22:12:11.671" endtime="20251001 22:12:12.399"/>
</kw>
<msg timestamp="20251001 22:12:12.400" level="INFO">${response} = &lt;Response [200]&gt;</msg>
<status status="PASS" starttime="20251001 22:12:11.671" endtime="20251001 22:12:12.400"/>
</kw>
<kw name="Get Latest Questions Json" library="stackoverflow_api">
<var>${json}</var>
<arg>${response}</arg>
<arg>pagesize=${pagesize}</arg>
<kw name="Get Latest Questions" library="stackoverflow_api">
<var>${response}</var>
<arg>${pagesize}</arg>
<arg>creation</arg>
<kw name="Create Dictionary" library="BuiltIn">
<var>&amp;{params}</var>
<arg>order=desc</arg>
<arg>sort=${sort}</arg>
<arg>site=stackoverflow</arg>
<arg>pagesize=${pagesize}</arg>
<doc>Creates and returns a dictionary based on the given ``items``.</doc>
<msg timestamp="20251001 22:12:12.401" level="INFO">&amp;{params} = { order=desc | sort=creation | site=stackoverflow | pagesize=5 }</msg>
<status status="PASS" starttime="20251001 22:12:12.401" endtime="20251001 22:12:12.401"/>
</kw>
<kw name="GET" library="RequestsLibrary">
<var>${response}</var>
<arg>${API_BASE_URL}${QUESTIONS_ENDPOINT}</arg>
<arg>params=${params}</arg>
<doc>Sends a GET request.</doc>
<msg timestamp="20251001 22:12:12.918" level="INFO">GET Request : url=https://api.stackexchange.com/2.3/questions?order=desc&amp;sort=creation&amp;site=stackoverflow&amp;pagesize=5 
 path_url=/2.3/questions?order=desc&amp;sort=creation&amp;site=stackoverflow&amp;pagesize=5 
 headers={'User-Agent': 'python-requests/2.31.0', 'Accept-Encoding': 'gzip, deflate', 'Accept': '*/*', 'Connection': 'keep-alive'} 
 body=None 
 </msg>
<msg timestamp="20251001 22:12:12.918" level="INFO">GET Response : url=https://api.stackexchange.com/2.3/questions?order=desc&amp;sort=creation&amp;site=stackoverflow&amp;pagesize=5 
 status=200, reason=OK 
 headers={'Date': 'Wed, 01 Oct 2025 20:12:12 GMT', 'Content-Type': 'application/json; charset=utf-8', 'Content-Length': '1288', 'Connection': 'keep-alive', 'Server': 'cloudflare', 'CF-Ray': '987e9d11a911e112-MRS', 'CF-Cache-Status': 'DYNAMIC', 'Access-Control-Allow-Origin': '*', 'Cache-Control': 'private', 'Content-Encoding': 'gzip', 'Set-Cookie': 'prov=b941f7bb-a203-41b0-b3ec-8d3e4725eae1; expires=Thu, 01 Oct 2026 20:12:12 GMT; domain=.stackexchange.com; path=/; secure; samesite=none; httponly, __cflb=02DiuEqtkS4jGaTk6jRLVowZ76Z4qeo48c7iSc6wbKuUg; SameSite=Lax; path=/; expires=Thu, 02-Oct-25 19:12:12 GMT; HttpOnly, prov=b941f7bb-a203-41b0-b3ec-8d3e4725eae1; Path=/; HttpOnly; Domain=stackexchange.com, __cf_bm=WgVpYecc632WXVPuq4tp0e.cuNp868VKg7VDU4KlegE-1759349532-1.0.1.1-0z6sKNFqG2mS.6BZWXhsrVEl7D8.ToCvJ6Z969CzhuBxBI_EnMuH_m_wBB9gzmKM1cI4npbCEHw.RRpRZIHebPxIQccJUDxSNTPlpCKfOEI; path=/; expires=Wed, 01-Oct-25 20:42:12 GMT; domain=.api.stackexchange.com; HttpOnly; Secure; SameSite=None, _cfuvid=IRAhvmvcTFziPZHPcOMP528XsBXXj5dNvBXLT.bg6Lo-1759349532601-0.0.1.1-604800000; path=/; domain=.api.stackexchange.com; HttpOnly; Secure; SameSite=None', 'Strict-Transport-Security': 'max-age=31536000; includeSubDomains', 'Vary': 'accept-encoding', 'access-control-allow-credentials': 'false', 'access-control-allow-methods': 'GET, POST', 'content-security-policy': "upgrade-insecure-requests; frame-ancestors 'self' https://stackexchange.com", 'x-clacks-overhead': 'GNU Terry Pratchett', 'x-content-type-options': 'nosniff', 'x-providence-cookie': 'b941f7bb-a203-41b0-b3ec-8d3e4725eae1', 'x-request-guid': 'c3e69181-6634-42eb-b59e-dfc80907c4ad', 'x-worker-origin-response-time': '147000000'} 
 body={"items":[{"tags":["ios","payment","apple-developer","apple-developer-enterprise"],"owner":{"account_id":11568709,"reputation":71,"user_id":8476100,"user_type":"registered","profile_image":"https://lh5.googleusercontent.com/-h2R-rosfcgg/AAAAAAAAAAI/AAAAAAAAAOY/bwawONOnBKs/s256-rj/photo.jpg","display_name":"IMAD UL-HASSAN","link":"https://stackoverflow.com/users/8476100/imad-ul-hassan"},"is_answered":false,"view_count":2,"answer_count":0,"score":0,"last_activity_date":1759349442,"creation_date":1759349442,"question_id":79780434,"content_license":"CC BY-SA 4.0","link":"https://stackoverflow.com/questions/79780434/apple-developer-membership-renewal-issue","title":"Apple developer memberShip Renewal Issue"},{"tags":["r","gtsummary"],"owner":{"account_id":40973609,"reputation":157,"user_id":30055639,"user_type":"registered","profile_image":"https://www.gravatar.com/avatar/7cb0ab297214ae7085a898dabfaeb640?s=256&amp;d=identicon&amp;r=PG&amp;f=y&amp;so-version=2","display_name":"Ranjan Karmakar","link":"https://stackoverflow.com/users/30055639/ranjan-karmakar"},"is_answered":false,"view_count":5,"answer_count":0,"score":0,"last_activity_date":1759349174,"creation_date":1759349174,"question_id":79780432,"content_license":"CC BY-SA 4.0","link":"https://stackoverflow.com/questions/79780432/gtsummary-header-counts-with-tbl-strata-nested-stack","title":"GTSUMMARY Header counts with TBL_STRATA_NESTED_STACK"},{"tags":["docker","automation","n8n"],"owner":{"account_id":44165059,"reputation":1,"user_id":31611150,"user_type":"registered","profile_image":"https://www.gravatar.com/avatar/472ceba0d489ce7bd2b1e39f7790c274?s=256&amp;d=identicon&amp;r=PG&amp;f=y&amp;so-version=2","display_name":"PFL","link":"https://stackoverflow.com/users/31611150/pfl"},"is_answered":false,"view_count":3,"answer_count":0,"score":0,"last_activity_date":1759349068,"creation_date":1759349068,"question_id":79780431,"content_license":"CC BY-SA 4.0","link":"https://stackoverflow.com/questions/79780431/n8n-rest-api-always-returns-401-unauthorized-ce-docker-desktop-on-windows-11","title":"n8n REST API always returns 401 Unauthorized (CE, Docker Desktop on Windows 11)"},{"tags":["sql","regex","oracle-database"],"owner":{"account_id":15343311,"reputation":392,"user_id":11069614,"user_type":"registered","profile_image":"https://graph.facebook.com/314687309394719/picture?type=large","display_name":"Ben Smith","link":"https://stackoverflow.com/users/11069614/ben-smith"},"is_answered":false,"view_count":8,"answer_count":0,"score":0,"last_activity_date":1759349130,"creation_date":1759349043,"last_edit_date":1759349130,"question_id":79780430,"content_license":"CC BY-SA 4.0","link":"https://stackoverflow.com/questions/79780430/get-the-8th-element-of-a-string-divided-by-character","title":"Get the 8th element of a string divided by &amp;quot;/&amp;quot; character"},{"tags":["javascript","jquery"],"owner":{"account_id":14989385,"reputation":31,"user_id":10821035,"user_type":"registered","profile_image":"https://www.gravatar.com/avatar/5d63a1be8d8115d825d74bad99b4e2b9?s=256&amp;d=identicon&amp;r=PG&amp;f=y&amp;so-version=2","display_name":"tomcaptain","link":"https://stackoverflow.com/users/10821035/tomcaptain"},"is_answered":false,"view_count":7,"answer_count":0,"score":0,"last_activity_date":1759349043,"creation_date":1759349043,"question_id":79780429,"content_license":"CC BY-SA 4.0","link":"https://stackoverflow.com/questions/79780429/copy-and-cut-selected-text-using-javascript-and-paste-all-3-functions-on-button","title":"Copy and Cut Selected Text using Javascript and Paste, all 3 functions on button clicks"}],"has_more":true,"quota_max":300,"quota_remaining":136} 
 </msg>
<msg timestamp="20251001 22:12:12.919" level="INFO">${response} = &lt;Response [200]&gt;</msg>
<status status="PASS" starttime="20251001 22:12:12.401" endtime="20251001 22:12:12.919"/>
</kw>
<msg timestamp="20251001 22:12:12.920" level="INFO">${response} = &lt;Response [200]&gt;</msg>
<status status="PASS" starttime="20251001 22:12:12.400" endtime="20251001 22:12:12.920"/>
</kw>
<kw name="To Json" library="RequestsLibrary">
<var>${json}</var>
<arg>${response.text}</arg>
<doc>*DEPRECATED* Please use ${resp.json()} instead. Have a look at the improved HTML output as pretty printing replacement.</doc>
<msg timestamp="20251001 22:12:12.920" level="WARN">Keyword 'RequestsLibrary.To Json' is deprecated. Please use ${resp.json()} instead. Have a look at the improved HTML output as pretty printing replacement.</msg>
<msg timestamp="20251001 22:12:12.923" level="INFO">To JSON using : content={"items":[{"tags":["ios","payment","apple-developer","apple-developer-enterprise"],"owner":{"account_id":11568709,"reputation":71,"user_id":8476100,"user_type":"registered","profile_image":"https://lh5.googleusercontent.com/-h2R-rosfcgg/AAAAAAAAAAI/AAAAAAAAAOY/bwawONOnBKs/s256-rj/photo.jpg","display_name":"IMAD UL-HASSAN","link":"https://stackoverflow.com/users/8476100/imad-ul-hassan"},"is_answered":false,"view_count":2,"answer_count":0,"score":0,"last_activity_date":1759349442,"creation_date":1759349442,"question_id":79780434,"content_license":"CC BY-SA 4.0","link":"https://stackoverflow.com/questions/79780434/apple-developer-membership-renewal-issue","title":"Apple developer memberShip Renewal Issue"},{"tags":["r","gtsummary"],"owner":{"account_id":40973609,"reputation":157,"user_id":30055639,"user_type":"registered","profile_image":"https://www.gravatar.com/avatar/7cb0ab297214ae7085a898dabfaeb640?s=256&amp;d=identicon&amp;r=PG&amp;f=y&amp;so-version=2","display_name":"Ranjan Karmakar","link":"https://stackoverflow.com/users/30055639/ranjan-karmakar"},"is_answered":false,"view_count":5,"answer_count":0,"score":0,"last_activity_date":1759349174,"creation_date":1759349174,"question_id":79780432,"content_license":"CC BY-SA 4.0","link":"https://stackoverflow.com/questions/79780432/gtsummary-header-counts-with-tbl-strata-nested-stack","title":"GTSUMMARY Header counts with TBL_STRATA_NESTED_STACK"},{"tags":["docker","automation","n8n"],"owner":{"account_id":44165059,"reputation":1,"user_id":31611150,"user_type":"registered","profile_image":"https://www.gravatar.com/avatar/472ceba0d489ce7bd2b1e39f7790c274?s=256&amp;d=identicon&amp;r=PG&amp;f=y&amp;so-version=2","display_name":"PFL","link":"https://stackoverflow.com/users/31611150/pfl"},"is_answered":false,"view_count":3,"answer_count":0,"score":0,"last_activity_date":1759349068,"creation_date":1759349068,"question_id":79780431,"content_license":"CC BY-SA 4.0","link":"https://stackoverflow.com/questions/79780431/n8n-rest-api-always-returns-401-unauthorized-ce-docker-desktop-on-windows-11","title":"n8n REST API always returns 401 Unauthorized (CE, Docker Desktop on Windows 11)"},{"tags":["sql","regex","oracle-database"],"owner":{"account_id":15343311,"reputation":392,"user_id":11069614,"user_type":"registered","profile_image":"https://graph.facebook.com/314687309394719/picture?type=large","display_name":"Ben Smith","link":"https://stackoverflow.com/users/11069614/ben-smith"},"is_answered":false,"view_count":8,"answer_count":0,"score":0,"last_activity_date":1759349130,"creation_date":1759349043,"last_edit_date":1759349130,"question_id":79780430,"content_license":"CC BY-SA 4.0","link":"https://stackoverflow.com/questions/79780430/get-the-8th-element-of-a-string-divided-by-character","title":"Get the 8th element of a string divided by &amp;quot;/&amp;quot; character"},{"tags":["javascript","jquery"],"owner":{"account_id":14989385,"reputation":31,"user_id":10821035,"user_type":"registered","profile_image":"https://www.gravatar.com/avatar/5d63a1be8d8115d825d74bad99b4e2b9?s=256&amp;d=identicon&amp;r=PG&amp;f=y&amp;so-version=2","display_name":"tomcaptain","link":"https://stackoverflow.com/users/10821035/tomcaptain"},"is_answered":false,"view_count":7,"answer_count":0,"score":0,"last_activity_date":1759349043,"creation_date":1759349043,"question_id":79780429,"content_license":"CC BY-SA 4.0","link":"https://stackoverflow.com/questions/79780429/copy-and-cut-selected-text-using-javascript-and-paste-all-3-functions-on-button","title":"Copy and Cut Selected Text using Javascript and Paste, all 3 functions on button clicks"}],"has_more":true,"quota_max":300,"quota_remaining":136} </msg>
<msg timestamp="20251001 22:12:12.923" level="INFO">To JSON using : pretty_print=False </msg>
<msg timestamp="20251001 22:12:12.923" level="INFO">${json} = {'items': [{'tags': ['ios', 'payment', 'apple-developer', 'apple-developer-enterprise'], 'owner': {'account_id': 11568709, 'reputation': 71, 'user_id': 8476100, 'user_type': 'registered', 'profile_ima...</msg>
<status status="PASS" starttime="20251001 22:12:12.920" endtime="20251001 22:12:12.923"/>
</kw>
<msg timestamp="20251001 22:12:12.923" level="INFO">${json} = {'items': [{'tags': ['ios', 'payment', 'apple-developer', 'apple-developer-enterprise'], 'owner': {'account_id': 11568709, 'reputation': 71, 'user_id': 8476100, 'user_type': 'registered', 'profile_ima...</msg>
<status status="PASS" starttime="20251001 22:12:12.400" endtime="20251001 22:12:12.923"/>
</kw>
<kw name="Set Variable" library="BuiltIn">
<var>${items}</var>
<arg>${json["items"]}</arg>
<doc>Returns the given values which can then be assigned to a variables.</doc>
<msg timestamp="20251001 22:12:12.924" level="INFO">${items} = [{'tags': ['ios', 'payment', 'apple-developer', 'apple-developer-enterprise'], 'owner': {'account_id': 11568709, 'reputation': 71, 'user_id': 8476100, 'user_type': 'registered', 'profile_image': 'http...</msg>
<status status="PASS" starttime="20251001 22:12:12.924" endtime="20251001 22:12:12.924"/>
</kw>
<kw name="Get Length" library="BuiltIn">
<var>${len}</var>
<arg>${items}</arg>
<doc>Returns and logs the length of the given item as an integer.</doc>
<msg timestamp="20251001 22:12:12.925" level="INFO">Length is 5</msg>
<msg timestamp="20251001 22:12:12.925" level="INFO">${len} = 5</msg>
<status status="PASS" starttime="20251001 22:12:12.924" endtime="20251001 22:12:12.925"/>
</kw>
<kw name="Should Be True" library="BuiltIn">
<arg>${len} &lt;= ${pagesize}</arg>
<doc>Fails if the given condition is not true.</doc>
<status status="PASS" starttime="20251001 22:12:12.925" endtime="20251001 22:12:12.925"/>
</kw>
<status status="PASS" starttime="20251001 22:12:11.670" endtime="20251001 22:12:12.925"/>
</kw>
<kw name="Check PageSize Returns ExpectedCount">
<arg>10</arg>
<kw name="Get Latest Questions" library="stackoverflow_api">
<var>${response}</var>
<arg>pagesize=${pagesize}</arg>
<kw name="Create Dictionary" library="BuiltIn">
<var>&amp;{params}</var>
<arg>order=desc</arg>
<arg>sort=${sort}</arg>
<arg>site=stackoverflow</arg>
<arg>pagesize=${pagesize}</arg>
<doc>Creates and returns a dictionary based on the given ``items``.</doc>
<msg timestamp="20251001 22:12:12.927" level="INFO">&amp;{params} = { order=desc | sort=creation | site=stackoverflow | pagesize=10 }</msg>
<status status="PASS" starttime="20251001 22:12:12.927" endtime="20251001 22:12:12.927"/>
</kw>
<kw name="GET" library="RequestsLibrary">
<var>${response}</var>
<arg>${API_BASE_URL}${QUESTIONS_ENDPOINT}</arg>
<arg>params=${params}</arg>
<doc>Sends a GET request.</doc>
<msg timestamp="20251001 22:12:13.522" level="INFO">GET Request : url=https://api.stackexchange.com/2.3/questions?order=desc&amp;sort=creation&amp;site=stackoverflow&amp;pagesize=10 
 path_url=/2.3/questions?order=desc&amp;sort=creation&amp;site=stackoverflow&amp;pagesize=10 
 headers={'User-Agent': 'python-requests/2.31.0', 'Accept-Encoding': 'gzip, deflate', 'Accept': '*/*', 'Connection': 'keep-alive'} 
 body=None 
 </msg>
<msg timestamp="20251001 22:12:13.522" level="INFO">GET Response : url=https://api.stackexchange.com/2.3/questions?order=desc&amp;sort=creation&amp;site=stackoverflow&amp;pagesize=10 
 status=200, reason=OK 
 headers={'Date': 'Wed, 01 Oct 2025 20:12:13 GMT', 'Content-Type': 'application/json; charset=utf-8', 'Content-Length': '2155', 'Connection': 'keep-alive', 'Server': 'cloudflare', 'CF-Ray': '987e9d14fbf11858-MRS', 'CF-Cache-Status': 'DYNAMIC', 'Access-Control-Allow-Origin': '*', 'Cache-Control': 'private', 'Content-Encoding': 'gzip', 'Set-Cookie': 'prov=807bb301-9304-43df-a841-2521f380b8b2; expires=Thu, 01 Oct 2026 20:12:13 GMT; domain=.stackexchange.com; path=/; secure; samesite=none; httponly, __cflb=02DiuEqtkS4jGaTk6jRLVowZ76Z4qeo48crXxofbDbZy6; SameSite=Lax; path=/; expires=Thu, 02-Oct-25 19:12:13 GMT; HttpOnly, prov=807bb301-9304-43df-a841-2521f380b8b2; Path=/; HttpOnly; Domain=stackexchange.com, __cf_bm=dTdy7Ag8NMDbUnC8B5.yjOoF.nLeGI1M_jvy7uNsCUU-1759349533-1.0.1.1-mCMJTHPhEmX3rYGiemdSYg2z92sQFvnq559yjDJpeeQZnrA5QnhyNvWKYfpm80vCrgJ02.ccE5Xr7BzZR7KxTF7BWpEXbRMxq0Fc8L72B5U; path=/; expires=Wed, 01-Oct-25 20:42:13 GMT; domain=.api.stackexchange.com; HttpOnly; Secure; SameSite=None, _cfuvid=xMBEBiYbjasQZSSySkNO3xzKtn9zCH1dIrO9_knufV4-1759349533205-0.0.1.1-604800000; path=/; domain=.api.stackexchange.com; HttpOnly; Secure; SameSite=None', 'Strict-Transport-Security': 'max-age=31536000; includeSubDomains', 'Vary': 'accept-encoding', 'access-control-allow-credentials': 'false', 'access-control-allow-methods': 'GET, POST', 'content-security-policy': "upgrade-insecure-requests; frame-ancestors 'self' https://stackexchange.com", 'x-clacks-overhead': 'GNU Terry Pratchett', 'x-content-type-options': 'nosniff', 'x-providence-cookie': '807bb301-9304-43df-a841-2521f380b8b2', 'x-request-guid': '1a26790a-cb69-4b78-bb43-49ae455cd96b', 'x-worker-origin-response-time': '193000000'} 
 body={"items":[{"tags":["ios","payment","apple-developer","apple-developer-enterprise"],"owner":{"account_id":11568709,"reputation":71,"user_id":8476100,"user_type":"registered","profile_image":"https://lh5.googleusercontent.com/-h2R-rosfcgg/AAAAAAAAAAI/AAAAAAAAAOY/bwawONOnBKs/s256-rj/photo.jpg","display_name":"IMAD UL-HASSAN","link":"https://stackoverflow.com/users/8476100/imad-ul-hassan"},"is_answered":false,"view_count":2,"answer_count":0,"score":0,"last_activity_date":1759349442,"creation_date":1759349442,"question_id":79780434,"content_license":"CC BY-SA 4.0","link":"https://stackoverflow.com/questions/79780434/apple-developer-membership-renewal-issue","title":"Apple developer memberShip Renewal Issue"},{"tags":["r","gtsummary"],"owner":{"account_id":40973609,"reputation":157,"user_id":30055639,"user_type":"registered","profile_image":"https://www.gravatar.com/avatar/7cb0ab297214ae7085a898dabfaeb640?s=256&amp;d=identicon&amp;r=PG&amp;f=y&amp;so-version=2","display_name":"Ranjan Karmakar","link":"https://stackoverflow.com/users/30055639/ranjan-karmakar"},"is_answered":false,"view_count":5,"answer_count":0,"score":0,"last_activity_date":1759349174,"creation_date":1759349174,"question_id":79780432,"content_license":"CC BY-SA 4.0","link":"https://stackoverflow.com/questions/79780432/gtsummary-header-counts-with-tbl-strata-nested-stack","title":"GTSUMMARY Header counts with TBL_STRATA_NESTED_STACK"},{"tags":["docker","automation","n8n"],"owner":{"account_id":44165059,"reputation":1,"user_id":31611150,"user_type":"registered","profile_image":"https://www.gravatar.com/avatar/472ceba0d489ce7bd2b1e39f7790c274?s=256&amp;d=identicon&amp;r=PG&amp;f=y&amp;so-version=2","display_name":"PFL","link":"https://stackoverflow.com/users/31611150/pfl"},"is_answered":false,"view_count":3,"answer_count":0,"score":0,"last_activity_date":1759349068,"creation_date":1759349068,"question_id":79780431,"content_license":"CC BY-SA 4.0","link":"https://stackoverflow.com/questions/79780431/n8n-rest-api-always-returns-401-unauthorized-ce-docker-desktop-on-windows-11","title":"n8n REST API always returns 401 Unauthorized (CE, Docker Desktop on Windows 11)"},{"tags":["sql","regex","oracle-database"],"owner":{"account_id":15343311,"reputation":392,"user_id":11069614,"user_type":"registered","profile_image":"https://graph.facebook.com/314687309394719/picture?type=large","display_name":"Ben Smith","link":"https://stackoverflow.com/users/11069614/ben-smith"},"is_answered":false,"view_count":8,"answer_count":0,"score":0,"last_activity_date":1759349130,"creation_date":1759349043,"last_edit_date":1759349130,"question_id":79780430,"content_license":"CC BY-SA 4.0","link":"https://stackoverflow.com/questions/79780430/get-the-8th-element-of-a-string-divided-by-character","title":"Get the 8th element of a string divided by &amp;quot;/&amp;quot; character"},{"tags":["javascript","jquery"],"owner":{"account_id":14989385,"reputation":31,"user_id":10821035,"user_type":"registered","profile_image":"https://www.gravatar.com/avatar/5d63a1be8d8115d825d74bad99b4e2b9?s=256&amp;d=identicon&amp;r=PG&amp;f=y&amp;so-version=2","display_name":"tomcaptain","link":"https://stackoverflow.com/users/10821035/tomcaptain"},"is_answered":false,"view_count":7,"answer_count":0,"score":0,"last_activity_date":1759349043,"creation_date":1759349043,"question_id":79780429,"content_license":"CC BY-SA 4.0","link":"https://stackoverflow.com/questions/79780429/copy-and-cut-selected-text-using-javascript-and-paste-all-3-functions-on-button","title":"Copy and Cut Selected Text using Javascript and Paste, all 3 functions on button clicks"},{"tags":["windows","rust","ms-media-foundation","virtual-camera"],"owner":{"account_id":21153321,"reputation":1,"user_id":15553138,"user_type":"registered","profile_image":"https://www.gravatar.com/avatar/03cab7f9ce6f886b3388b59533d349d6?s=256&amp;d=identicon&amp;r=PG&amp;f=y&amp;so-version=2","display_name":"Marko19907","link":"https://stackoverflow.com/users/15553138/marko19907"},"is_answered":false,"view_count":3,"answer_count":0,"score":0,"last_activity_date":1759349039,"creation_date":1759349039,"question_id":79780428,"content_license":"CC BY-SA 4.0","link":"https://stackoverflow.com/questions/79780428/rust-windows-media-foundation-virtual-camera-fires-events-and-sample-but-no-vide","title":"Rust Windows Media Foundation virtual camera fires events and sample but no video out is shown"},{"tags":["java","spring-boot","jsp"],"owner":{"account_id":10642398,"reputation":7536,"user_id":7836976,"user_type":"registered","accept_rate":95,"profile_image":"https://www.gravatar.com/avatar/a57c0f1a2af768690957df659cc28f0f?s=256&amp;d=identicon&amp;r=PG&amp;f=y&amp;so-version=2","display_name":"runnerpaul","link":"https://stackoverflow.com/users/7836976/runnerpaul"},"is_answered":false,"view_count":5,"answer_count":0,"score":0,"last_activity_date":1759348605,"creation_date":1759348605,"question_id":79780426,"content_license":"CC BY-SA 4.0","link":"https://stackoverflow.com/questions/79780426/jsp-page-not-found-in-spring-boot-application","title":"JSP page not found in Spring Boot application"},{"tags":["javascript","html","css"],"owner":{"account_id":44142771,"reputation":1,"user_id":31599006,"user_type":"registered","profile_image":"https://www.gravatar.com/avatar/b38150fcc52628c69058360df584dfb2?s=256&amp;d=identicon&amp;r=PG&amp;f=y&amp;so-version=2","display_name":"0bsolete","link":"https://stackoverflow.com/users/31599006/0bsolete"},"is_answered":false,"view_count":13,"closed_date":1759348852,"answer_count":0,"score":-2,"last_activity_date":1759348481,"creation_date":1759348481,"question_id":79780425,"link":"https://stackoverflow.com/questions/79780425/trying-to-make-a-quick-time-event","closed_reason":"Needs details or clarity","title":"Trying to make a quick time event"},{"tags":["google-sheets-api"],"owner":{"account_id":3534581,"reputation":71,"user_id":2953216,"user_type":"registered","profile_image":"https://i.sstatic.net/Ag4Zp.png?s=256","display_name":"Lexe.Elf","link":"https://stackoverflow.com/users/2953216/lexe-elf"},"is_answered":false,"view_count":7,"answer_count":0,"score":0,"last_activity_date":1759348421,"creation_date":1759348421,"question_id":79780423,"content_license":"CC BY-SA 4.0","link":"https://stackoverflow.com/questions/79780423/how-to-insert-an-image-from-google-drive-inside-a-google-sheet-cell-programmatic","title":"How to insert an image from Google Drive inside a Google Sheet Cell programmatically (via API)?"},{"tags":["realitykit","reality-composer-pro","usd","vision-pro"],"owner":{"account_id":2619360,"reputation":531,"user_id":2730528,"user_type":"registered","accept_rate":88,"profile_image":"https://i.sstatic.net/OE0SH.jpg?s=256","display_name":"Alfonso Santiago","link":"https://stackoverflow.com/users/2730528/alfonso-santiago"},"is_answered":false,"view_count":3,"answer_count":0,"score":0,"last_activity_date":1759348420,"creation_date":1759348420,"question_id":79780422,"content_license":"CC BY-SA 4.0","link":"https://stackoverflow.com/questions/79780422/multiple-frames-blendshape-failed-animation-in-reality-composer-pro","title":"Multiple-frames BlendShape (failed) Animation in Reality Composer Pro"}],"has_more":true,"quota_max":300,"quota_remaining":136} 
 </msg>
<msg timestamp="20251001 22:12:13.522" level="INFO">${response} = &lt;Response [200]&gt;</msg>
<status status="PASS" starttime="20251001 22:12:12.927" endtime="20251001 22:12:13.522"/>
</kw>
<msg timestamp="20251001 22:12:13.522" level="INFO">${response} = &lt;Response [200]&gt;</msg>
<status status="PASS" starttime="20251001 22:12:12.926" endtime="20251001 22:12:13.523"/>
</kw>
<kw name="Get Latest Questions Json" library="stackoverflow_api">
<var>${json}</var>
<arg>${response}</arg>
<arg>pagesize=${pagesize}</arg>
<kw name="Get Latest Questions" library="stackoverflow_api">
<var>${response}</var>
<arg>${pagesize}</arg>
<arg>creation</arg>
<kw name="Create Dictionary" library="BuiltIn">
<var>&amp;{params}</var>
<arg>order=desc</arg>
<arg>sort=${sort}</arg>
<arg>site=stackoverflow</arg>
<arg>pagesize=${pagesize}</arg>
<doc>Creates and returns a dictionary based on the given ``items``.</doc>
<msg timestamp="20251001 22:12:13.524" level="INFO">&amp;{params} = { order=desc | sort=creation | site=stackoverflow | pagesize=10 }</msg>
<status status="PASS" starttime="20251001 22:12:13.524" endtime="20251001 22:12:13.524"/>
</kw>
<kw name="GET" library="RequestsLibrary">
<var>${response}</var>
<arg>${API_BASE_URL}${QUESTIONS_ENDPOINT}</arg>
<arg>params=${params}</arg>
<doc>Sends a GET request.</doc>
<msg timestamp="20251001 22:12:14.070" level="INFO">GET Request : url=https://api.stackexchange.com/2.3/questions?order=desc&amp;sort=creation&amp;site=stackoverflow&amp;pagesize=10 
 path_url=/2.3/questions?order=desc&amp;sort=creation&amp;site=stackoverflow&amp;pagesize=10 
 headers={'User-Agent': 'python-requests/2.31.0', 'Accept-Encoding': 'gzip, deflate', 'Accept': '*/*', 'Connection': 'keep-alive'} 
 body=None 
 </msg>
<msg timestamp="20251001 22:12:14.071" level="INFO">GET Response : url=https://api.stackexchange.com/2.3/questions?order=desc&amp;sort=creation&amp;site=stackoverflow&amp;pagesize=10 
 status=200, reason=OK 
 headers={'Date': 'Wed, 01 Oct 2025 20:12:13 GMT', 'Content-Type': 'application/json; charset=utf-8', 'Content-Length': '2155', 'Connection': 'keep-alive', 'Server': 'cloudflare', 'CF-Ray': '987e9d18a93be1e5-MRS', 'CF-Cache-Status': 'DYNAMIC', 'Access-Control-Allow-Origin': '*', 'Cache-Control': 'private', 'Content-Encoding': 'gzip', 'Set-Cookie': 'prov=1b64fbac-8e21-4254-87bb-4f4ea0d7d9ca; expires=Thu, 01 Oct 2026 20:12:13 GMT; domain=.stackexchange.com; path=/; secure; samesite=none; httponly, __cflb=02DiuEqtkS4jGaTk6jRLVowZ76Z4qeo48crXxofbDbZy6; SameSite=Lax; path=/; expires=Thu, 02-Oct-25 19:12:13 GMT; HttpOnly, prov=1b64fbac-8e21-4254-87bb-4f4ea0d7d9ca; Path=/; HttpOnly; Domain=stackexchange.com, __cf_bm=GIhxrCZsHmQUAHrtwPJg36FZjzX86jcIUW8QsJwDfpo-1759349533-1.0.1.1-dkME02mygaZagH.9QDp.JAD_OFxL_c1RzzwI7WTaPnUz7USar3jvCOqEGBI0ci.Ho8kqJpTm_V7573y3dd_rjTde4P14UO7SRMCZLP0i05w; path=/; expires=Wed, 01-Oct-25 20:42:13 GMT; domain=.api.stackexchange.com; HttpOnly; Secure; SameSite=None, _cfuvid=3Erdzu4RBZwyqrIcst8ZGrsemBV8R25CEo3wylncAM0-1759349533753-0.0.1.1-604800000; path=/; domain=.api.stackexchange.com; HttpOnly; Secure; SameSite=None', 'Strict-Transport-Security': 'max-age=31536000; includeSubDomains', 'Vary': 'accept-encoding', 'access-control-allow-credentials': 'false', 'access-control-allow-methods': 'GET, POST', 'content-security-policy': "upgrade-insecure-requests; frame-ancestors 'self' https://stackexchange.com", 'x-clacks-overhead': 'GNU Terry Pratchett', 'x-content-type-options': 'nosniff', 'x-providence-cookie': '1b64fbac-8e21-4254-87bb-4f4ea0d7d9ca', 'x-request-guid': 'd200bc31-9f2b-4afa-8c15-0667c6db4115', 'x-worker-origin-response-time': '161000000'} 
 body={"items":[{"tags":["ios","payment","apple-developer","apple-developer-enterprise"],"owner":{"account_id":11568709,"reputation":71,"user_id":8476100,"user_type":"registered","profile_image":"https://lh5.googleusercontent.com/-h2R-rosfcgg/AAAAAAAAAAI/AAAAAAAAAOY/bwawONOnBKs/s256-rj/photo.jpg","display_name":"IMAD UL-HASSAN","link":"https://stackoverflow.com/users/8476100/imad-ul-hassan"},"is_answered":false,"view_count":2,"answer_count":0,"score":0,"last_activity_date":1759349442,"creation_date":1759349442,"question_id":79780434,"content_license":"CC BY-SA 4.0","link":"https://stackoverflow.com/questions/79780434/apple-developer-membership-renewal-issue","title":"Apple developer memberShip Renewal Issue"},{"tags":["r","gtsummary"],"owner":{"account_id":40973609,"reputation":157,"user_id":30055639,"user_type":"registered","profile_image":"https://www.gravatar.com/avatar/7cb0ab297214ae7085a898dabfaeb640?s=256&amp;d=identicon&amp;r=PG&amp;f=y&amp;so-version=2","display_name":"Ranjan Karmakar","link":"https://stackoverflow.com/users/30055639/ranjan-karmakar"},"is_answered":false,"view_count":5,"answer_count":0,"score":0,"last_activity_date":1759349174,"creation_date":1759349174,"question_id":79780432,"content_license":"CC BY-SA 4.0","link":"https://stackoverflow.com/questions/79780432/gtsummary-header-counts-with-tbl-strata-nested-stack","title":"GTSUMMARY Header counts with TBL_STRATA_NESTED_STACK"},{"tags":["docker","automation","n8n"],"owner":{"account_id":44165059,"reputation":1,"user_id":31611150,"user_type":"registered","profile_image":"https://www.gravatar.com/avatar/472ceba0d489ce7bd2b1e39f7790c274?s=256&amp;d=identicon&amp;r=PG&amp;f=y&amp;so-version=2","display_name":"PFL","link":"https://stackoverflow.com/users/31611150/pfl"},"is_answered":false,"view_count":3,"answer_count":0,"score":0,"last_activity_date":1759349068,"creation_date":1759349068,"question_id":79780431,"content_license":"CC BY-SA 4.0","link":"https://stackoverflow.com/questions/79780431/n8n-rest-api-always-returns-401-unauthorized-ce-docker-desktop-on-windows-11","title":"n8n REST API always returns 401 Unauthorized (CE, Docker Desktop on Windows 11)"},{"tags":["sql","regex","oracle-database"],"owner":{"account_id":15343311,"reputation":392,"user_id":11069614,"user_type":"registered","profile_image":"https://graph.facebook.com/314687309394719/picture?type=large","display_name":"Ben Smith","link":"https://stackoverflow.com/users/11069614/ben-smith"},"is_answered":false,"view_count":8,"answer_count":0,"score":0,"last_activity_date":1759349130,"creation_date":1759349043,"last_edit_date":1759349130,"question_id":79780430,"content_license":"CC BY-SA 4.0","link":"https://stackoverflow.com/questions/79780430/get-the-8th-element-of-a-string-divided-by-character","title":"Get the 8th element of a string divided by &amp;quot;/&amp;quot; character"},{"tags":["javascript","jquery"],"owner":{"account_id":14989385,"reputation":31,"user_id":10821035,"user_type":"registered","profile_image":"https://www.gravatar.com/avatar/5d63a1be8d8115d825d74bad99b4e2b9?s=256&amp;d=identicon&amp;r=PG&amp;f=y&amp;so-version=2","display_name":"tomcaptain","link":"https://stackoverflow.com/users/10821035/tomcaptain"},"is_answered":false,"view_count":7,"answer_count":0,"score":0,"last_activity_date":1759349043,"creation_date":1759349043,"question_id":79780429,"content_license":"CC BY-SA 4.0","link":"https://stackoverflow.com/questions/79780429/copy-and-cut-selected-text-using-javascript-and-paste-all-3-functions-on-button","title":"Copy and Cut Selected Text using Javascript and Paste, all 3 functions on button clicks"},{"tags":["windows","rust","ms-media-foundation","virtual-camera"],"owner":{"account_id":21153321,"reputation":1,"user_id":15553138,"user_type":"registered","profile_image":"https://www.gravatar.com/avatar/03cab7f9ce6f886b3388b59533d349d6?s=256&amp;d=identicon&amp;r=PG&amp;f=y&amp;so-version=2","display_name":"Marko19907","link":"https://stackoverflow.com/users/15553138/marko19907"},"is_answered":false,"view_count":3,"answer_count":0,"score":0,"last_activity_date":1759349039,"creation_date":1759349039,"question_id":79780428,"content_license":"CC BY-SA 4.0","link":"https://stackoverflow.com/questions/79780428/rust-windows-media-foundation-virtual-camera-fires-events-and-sample-but-no-vide","title":"Rust Windows Media Foundation virtual camera fires events and sample but no video out is shown"},{"tags":["java","spring-boot","jsp"],"owner":{"account_id":10642398,"reputation":7536,"user_id":7836976,"user_type":"registered","accept_rate":95,"profile_image":"https://www.gravatar.com/avatar/a57c0f1a2af768690957df659cc28f0f?s=256&amp;d=identicon&amp;r=PG&amp;f=y&amp;so-version=2","display_name":"runnerpaul","link":"https://stackoverflow.com/users/7836976/runnerpaul"},"is_answered":false,"view_count":5,"answer_count":0,"score":0,"last_activity_date":1759348605,"creation_date":1759348605,"question_id":79780426,"content_license":"CC BY-SA 4.0","link":"https://stackoverflow.com/questions/79780426/jsp-page-not-found-in-spring-boot-application","title":"JSP page not found in Spring Boot application"},{"tags":["javascript","html","css"],"owner":{"account_id":44142771,"reputation":1,"user_id":31599006,"user_type":"registered","profile_image":"https://www.gravatar.com/avatar/b38150fcc52628c69058360df584dfb2?s=256&amp;d=identicon&amp;r=PG&amp;f=y&amp;so-version=2","display_name":"0bsolete","link":"https://stackoverflow.com/users/31599006/0bsolete"},"is_answered":false,"view_count":13,"closed_date":1759348852,"answer_count":0,"score":-2,"last_activity_date":1759348481,"creation_date":1759348481,"question_id":79780425,"link":"https://stackoverflow.com/questions/79780425/trying-to-make-a-quick-time-event","closed_reason":"Needs details or clarity","title":"Trying to make a quick time event"},{"tags":["google-sheets-api"],"owner":{"account_id":3534581,"reputation":71,"user_id":2953216,"user_type":"registered","profile_image":"https://i.sstatic.net/Ag4Zp.png?s=256","display_name":"Lexe.Elf","link":"https://stackoverflow.com/users/2953216/lexe-elf"},"is_answered":false,"view_count":7,"answer_count":0,"score":0,"last_activity_date":1759348421,"creation_date":1759348421,"question_id":79780423,"content_license":"CC BY-SA 4.0","link":"https://stackoverflow.com/questions/79780423/how-to-insert-an-image-from-google-drive-inside-a-google-sheet-cell-programmatic","title":"How to insert an image from Google Drive inside a Google Sheet Cell programmatically (via API)?"},{"tags":["realitykit","reality-composer-pro","usd","vision-pro"],"owner":{"account_id":2619360,"reputation":531,"user_id":2730528,"user_type":"registered","accept_rate":88,"profile_image":"https://i.sstatic.net/OE0SH.jpg?s=256","display_name":"Alfonso Santiago","link":"https://stackoverflow.com/users/2730528/alfonso-santiago"},"is_answered":false,"view_count":3,"answer_count":0,"score":0,"last_activity_date":1759348420,"creation_date":1759348420,"question_id":79780422,"content_license":"CC BY-SA 4.0","link":"https://stackoverflow.com/questions/79780422/multiple-frames-blendshape-failed-animation-in-reality-composer-pro","title":"Multiple-frames BlendShape (failed) Animation in Reality Composer Pro"}],"has_more":true,"quota_max":300,"quota_remaining":134} 
 </msg>
<msg timestamp="20251001 22:12:14.072" level="INFO">${response} = &lt;Response [200]&gt;</msg>
<status status="PASS" starttime="20251001 22:12:13.525" endtime="20251001 22:12:14.072"/>
</kw>
<msg timestamp="20251001 22:12:14.072" level="INFO">${response} = &lt;Response [200]&gt;</msg>
<status status="PASS" starttime="20251001 22:12:13.523" endtime="20251001 22:12:14.072"/>
</kw>
<kw name="To Json" library="RequestsLibrary">
<var>${json}</var>
<arg>${response.text}</arg>
<doc>*DEPRECATED* Please use ${resp.json()} instead. Have a look at the improved HTML output as pretty printing replacement.</doc>
<msg timestamp="20251001 22:12:14.073" level="WARN">Keyword 'RequestsLibrary.To Json' is deprecated. Please use ${resp.json()} instead. Have a look at the improved HTML output as pretty printing replacement.</msg>
<msg timestamp="20251001 22:12:14.077" level="INFO">To JSON using : content={"items":[{"tags":["ios","payment","apple-developer","apple-developer-enterprise"],"owner":{"account_id":11568709,"reputation":71,"user_id":8476100,"user_type":"registered","profile_image":"https://lh5.googleusercontent.com/-h2R-rosfcgg/AAAAAAAAAAI/AAAAAAAAAOY/bwawONOnBKs/s256-rj/photo.jpg","display_name":"IMAD UL-HASSAN","link":"https://stackoverflow.com/users/8476100/imad-ul-hassan"},"is_answered":false,"view_count":2,"answer_count":0,"score":0,"last_activity_date":1759349442,"creation_date":1759349442,"question_id":79780434,"content_license":"CC BY-SA 4.0","link":"https://stackoverflow.com/questions/79780434/apple-developer-membership-renewal-issue","title":"Apple developer memberShip Renewal Issue"},{"tags":["r","gtsummary"],"owner":{"account_id":40973609,"reputation":157,"user_id":30055639,"user_type":"registered","profile_image":"https://www.gravatar.com/avatar/7cb0ab297214ae7085a898dabfaeb640?s=256&amp;d=identicon&amp;r=PG&amp;f=y&amp;so-version=2","display_name":"Ranjan Karmakar","link":"https://stackoverflow.com/users/30055639/ranjan-karmakar"},"is_answered":false,"view_count":5,"answer_count":0,"score":0,"last_activity_date":1759349174,"creation_date":1759349174,"question_id":79780432,"content_license":"CC BY-SA 4.0","link":"https://stackoverflow.com/questions/79780432/gtsummary-header-counts-with-tbl-strata-nested-stack","title":"GTSUMMARY Header counts with TBL_STRATA_NESTED_STACK"},{"tags":["docker","automation","n8n"],"owner":{"account_id":44165059,"reputation":1,"user_id":31611150,"user_type":"registered","profile_image":"https://www.gravatar.com/avatar/472ceba0d489ce7bd2b1e39f7790c274?s=256&amp;d=identicon&amp;r=PG&amp;f=y&amp;so-version=2","display_name":"PFL","link":"https://stackoverflow.com/users/31611150/pfl"},"is_answered":false,"view_count":3,"answer_count":0,"score":0,"last_activity_date":1759349068,"creation_date":1759349068,"question_id":79780431,"content_license":"CC BY-SA 4.0","link":"https://stackoverflow.com/questions/79780431/n8n-res
[...]
<arg>Wait For Elements State</arg>
<arg>${ACCEPT_COOKIES_BUTTON}</arg>
<arg>visible</arg>
<arg>timeout=5s</arg>
<doc>Runs the given keyword with given arguments and returns the status as a Boolean value.</doc>
<kw name="Wait For Elements State" library="Browser">
<arg>${ACCEPT_COOKIES_BUTTON}</arg>
<arg>visible</arg>
<arg>timeout=5s</arg>
<tag>PageContent</tag>
<tag>Wait</tag>
<doc>Waits for the element found by ``selector`` to satisfy state option.</doc>
<msg timestamp="20251001 22:12:23.391" level="INFO">Waited for Element with selector xpath=//button[@id="onetrust-accept-btn-handler"] at state visible</msg>
<status status="PASS" starttime="20251001 22:12:23.382" endtime="20251001 22:12:23.392"/>
</kw>
<msg timestamp="20251001 22:12:23.392" level="INFO">${cookie_banner_visible} = True</msg>
<status status="PASS" starttime="20251001 22:12:23.381" endtime="20251001 22:12:23.392"/>
</kw>
<kw name="Run Keyword If" library="BuiltIn">
<arg>${cookie_banner_visible}</arg>
<arg>Click Accept Cookies</arg>
<doc>Runs the given keyword with the given arguments, if ``condition`` is true.</doc>
<kw name="Click Accept Cookies" library="base_page">
<doc>Clique sur le bouton d'acceptation des cookies</doc>
<kw name="Click" library="Browser">
<arg>${ACCEPT_COOKIES_BUTTON}</arg>
<tag>PageContent</tag>
<tag>Setter</tag>
<doc>Simulates mouse click on the element found by ``selector``.</doc>
<msg timestamp="20251001 22:12:23.393" level="INFO">Clicks the element 'xpath=//button[@id="onetrust-accept-btn-handler"]'.</msg>
<status status="PASS" starttime="20251001 22:12:23.393" endtime="20251001 22:12:23.440"/>
</kw>
<kw name="Log" library="BuiltIn">
<arg>✅ Cookies acceptés</arg>
<doc>Logs the given message with the given level.</doc>
<msg timestamp="20251001 22:12:23.441" level="INFO">✅ Cookies acceptés</msg>
<status status="PASS" starttime="20251001 22:12:23.441" endtime="20251001 22:12:23.441"/>
</kw>
<status status="PASS" starttime="20251001 22:12:23.392" endtime="20251001 22:12:23.441"/>
</kw>
<status status="PASS" starttime="20251001 22:12:23.392" endtime="20251001 22:12:23.441"/>
</kw>
<status status="PASS" starttime="20251001 22:12:23.381" endtime="20251001 22:12:23.441"/>
</kw>
<kw name="Teardown Web Test" library="config" type="TEARDOWN">
<kw name="Close Browser" library="Browser">
<tag>BrowserControl</tag>
<tag>Setter</tag>
<doc>Closes the current browser.</doc>
<msg timestamp="20251001 22:12:23.740" level="INFO">Closed browser</msg>
<status status="PASS" starttime="20251001 22:12:23.442" endtime="20251001 22:12:23.740"/>
</kw>
<status status="PASS" starttime="20251001 22:12:23.442" endtime="20251001 22:12:23.741"/>
</kw>
<doc>Test la gestion de la bannière de cookies</doc>
<tag>cookies</tag>
<tag>web</tag>
<status status="PASS" starttime="20251001 22:12:20.922" endtime="20251001 22:12:23.741"/>
</test>
<test id="s1-s4-t3" name="Test First Question Comparison With Cookies" line="31">
<kw name="Setup Web Test" library="config" type="SETUP">
<kw name="New Browser" library="Browser">
<arg>chromium</arg>
<arg>headless=false</arg>
<tag>BrowserControl</tag>
<tag>Setter</tag>
<doc>Create a new playwright Browser with specified options.</doc>
<msg timestamp="20251001 22:12:23.750" level="INFO">{"browser": "chromium", "headless": false, "chromiumSandbox": false, "devtools": false, "handleSIGHUP": true, "handleSIGINT": true, "handleSIGTERM": true, "slowMo": 0.0, "timeout": 30000.0, "tracesDir": "c:\\Users\\Administrateur\\Downloads\\stackoverflow-test-project\\results\\browser\\traces\\temp\\3f62218f-96bc-4a84-b530-8dea3dcea0ed"}</msg>
<msg timestamp="20251001 22:12:23.974" level="INFO">Successfully created browser with options: {"browser":"chromium","headless":false,"chromiumSandbox":false,"devtools":false,"handleSIGHUP":true,"handleSIGINT":true,"handleSIGTERM":true,"slowMo":0,"timeout":30000,"tracesDir":"c:\\Users\\Administrateur\\Downloads\\stackoverflow-test-project\\results\\browser\\traces\\temp\\3f62218f-96bc-4a84-b530-8dea3dcea0ed"}</msg>
<status status="PASS" starttime="20251001 22:12:23.750" endtime="20251001 22:12:23.974"/>
</kw>
<kw name="New Context" library="Browser">
<arg>viewport={'width': 1920, 'height': 1080}</arg>
<tag>BrowserControl</tag>
<tag>Setter</tag>
<doc>Create a new BrowserContext with specified options.</doc>
<msg timestamp="20251001 22:12:23.978" level="INFO">{
  "acceptDownloads": true,
  "bypassCSP": false,
  "forcedColors": "none",
  "ignoreHTTPSErrors": false,
  "javaScriptEnabled": true,
  "offline": false,
  "reducedMotion": "no-preference",
  "serviceWorkers": "allow",
  "viewport": {
    "height": 1080,
    "width": 1920
  }
}</msg>
<msg timestamp="20251001 22:12:23.991" level="INFO">Successfully created context. </msg>
<msg timestamp="20251001 22:12:23.991" level="INFO">{'acceptDownloads': True, 'bypassCSP': False, 'forcedColors': 'none', 'ignoreHTTPSErrors': False, 'javaScriptEnabled': True, 'offline': False, 'reducedMotion': 'no-preference', 'serviceWorkers': 'allow', 'viewport': {'height': 1080, 'width': 1920}}</msg>
<status status="PASS" starttime="20251001 22:12:23.975" endtime="20251001 22:12:23.991"/>
</kw>
<status status="PASS" starttime="20251001 22:12:23.749" endtime="20251001 22:12:23.992"/>
</kw>
<kw name="Get First Question Title From API" library="stackoverflow_api">
<var>${api_title}</var>
<kw name="Get Latest Questions" library="stackoverflow_api">
<var>${response}</var>
<arg>pagesize=1</arg>
<kw name="Create Dictionary" library="BuiltIn">
<var>&amp;{params}</var>
<arg>order=desc</arg>
<arg>sort=${sort}</arg>
<arg>site=stackoverflow</arg>
<arg>pagesize=${pagesize}</arg>
<doc>Creates and returns a dictionary based on the given ``items``.</doc>
<msg timestamp="20251001 22:12:24.001" level="INFO">&amp;{params} = { order=desc | sort=creation | site=stackoverflow | pagesize=1 }</msg>
<status status="PASS" starttime="20251001 22:12:24.000" endtime="20251001 22:12:24.001"/>
</kw>
<kw name="GET" library="RequestsLibrary">
<var>${response}</var>
<arg>${API_BASE_URL}${QUESTIONS_ENDPOINT}</arg>
<arg>params=${params}</arg>
<doc>Sends a GET request.</doc>
<msg timestamp="20251001 22:12:24.628" level="INFO">GET Request : url=https://api.stackexchange.com/2.3/questions?order=desc&amp;sort=creation&amp;site=stackoverflow&amp;pagesize=1 
 path_url=/2.3/questions?order=desc&amp;sort=creation&amp;site=stackoverflow&amp;pagesize=1 
 headers={'User-Agent': 'python-requests/2.31.0', 'Accept-Encoding': 'gzip, deflate', 'Accept': '*/*', 'Connection': 'keep-alive'} 
 body=None 
 </msg>
<msg timestamp="20251001 22:12:24.628" level="INFO">GET Response : url=https://api.stackexchange.com/2.3/questions?order=desc&amp;sort=creation&amp;site=stackoverflow&amp;pagesize=1 
 status=200, reason=OK 
 headers={'Date': 'Wed, 01 Oct 2025 20:12:24 GMT', 'Content-Type': 'application/json; charset=utf-8', 'Content-Length': '483', 'Connection': 'keep-alive', 'Server': 'cloudflare', 'CF-Ray': '987e9d5acdbbe189-MRS', 'CF-Cache-Status': 'DYNAMIC', 'Access-Control-Allow-Origin': '*', 'Cache-Control': 'private', 'Content-Encoding': 'gzip', 'Set-Cookie': 'prov=8b696f6a-1d40-421e-b259-51dc58191da2; expires=Thu, 01 Oct 2026 20:12:24 GMT; domain=.stackexchange.com; path=/; secure; samesite=none; httponly, __cflb=02DiuEqtkS4jGaTk6jRLVowZ76Z4qeo48kyYgzrj6ZsMe; SameSite=Lax; path=/; expires=Thu, 02-Oct-25 19:12:24 GMT; HttpOnly, prov=8b696f6a-1d40-421e-b259-51dc58191da2; Path=/; HttpOnly; Domain=stackexchange.com, __cf_bm=kJJGe6iD09VUUvRi5zbkWDsgZoIR2TpZ8n4q3rIFuPQ-1759349544-1.0.1.1-3ghO3d1jmSx_snubHXhmTA1zpFkLX1O0Ae0W99ch14ZOvl3SPK8Ak3SAYDnwj43oP3HxJhyK456Brqk3jWDz7l6Rdxj.dmoU6OhiC5j1AWg; path=/; expires=Wed, 01-Oct-25 20:42:24 GMT; domain=.api.stackexchange.com; HttpOnly; Secure; SameSite=None, _cfuvid=XBRdjBk6gNsbAJ6Rp.cl3ZeYsshiFGtHqIGy0UD_B8I-1759349544310-0.0.1.1-604800000; path=/; domain=.api.stackexchange.com; HttpOnly; Secure; SameSite=None', 'Strict-Transport-Security': 'max-age=31536000; includeSubDomains', 'Vary': 'accept-encoding', 'access-control-allow-credentials': 'false', 'access-control-allow-methods': 'GET, POST', 'content-security-policy': "upgrade-insecure-requests; frame-ancestors 'self' https://stackexchange.com", 'x-clacks-overhead': 'GNU Terry Pratchett', 'x-content-type-options': 'nosniff', 'x-providence-cookie': '8b696f6a-1d40-421e-b259-51dc58191da2', 'x-request-guid': '3d8eafca-09ba-40e1-9c94-2bf0bc79a40f', 'x-worker-origin-response-time': '127000000'} 
 body={"items":[{"tags":["ios","payment","apple-developer","apple-developer-enterprise"],"owner":{"account_id":11568709,"reputation":71,"user_id":8476100,"user_type":"registered","profile_image":"https://lh5.googleusercontent.com/-h2R-rosfcgg/AAAAAAAAAAI/AAAAAAAAAOY/bwawONOnBKs/s256-rj/photo.jpg","display_name":"IMAD UL-HASSAN","link":"https://stackoverflow.com/users/8476100/imad-ul-hassan"},"is_answered":false,"view_count":2,"answer_count":0,"score":0,"last_activity_date":1759349442,"creation_date":1759349442,"question_id":79780434,"content_license":"CC BY-SA 4.0","link":"https://stackoverflow.com/questions/79780434/apple-developer-membership-renewal-issue","title":"Apple developer memberShip Renewal Issue"}],"has_more":true,"quota_max":300,"quota_remaining":127} 
 </msg>
<msg timestamp="20251001 22:12:24.629" level="INFO">${response} = &lt;Response [200]&gt;</msg>
<status status="PASS" starttime="20251001 22:12:24.001" endtime="20251001 22:12:24.629"/>
</kw>
<msg timestamp="20251001 22:12:24.630" level="INFO">${response} = &lt;Response [200]&gt;</msg>
<status status="PASS" starttime="20251001 22:12:23.999" endtime="20251001 22:12:24.630"/>
</kw>
<kw name="Set Variable" library="BuiltIn">
<var>${title}</var>
<arg>${response.json()['items'][0]['title']}</arg>
<doc>Returns the given values which can then be assigned to a variables.</doc>
<msg timestamp="20251001 22:12:24.633" level="INFO">${title} = Apple developer memberShip Renewal Issue</msg>
<status status="PASS" starttime="20251001 22:12:24.630" endtime="20251001 22:12:24.633"/>
</kw>
<msg timestamp="20251001 22:12:24.634" level="INFO">${api_title} = Apple developer memberShip Renewal Issue</msg>
<status status="PASS" starttime="20251001 22:12:23.999" endtime="20251001 22:12:24.634"/>
</kw>
<kw name="Log" library="BuiltIn">
<arg>API Title: ${api_title}</arg>
<doc>Logs the given message with the given level.</doc>
<msg timestamp="20251001 22:12:24.636" level="INFO">API Title: Apple developer memberShip Renewal Issue</msg>
<status status="PASS" starttime="20251001 22:12:24.635" endtime="20251001 22:12:24.636"/>
</kw>
<kw name="Open StackOverflow Questions" library="base_page">
<arg>Newest</arg>
<kw name="New Page" library="Browser">
<arg>${WEB_BASE_URL}/questions?tab=${tab}</arg>
<tag>BrowserControl</tag>
<tag>Setter</tag>
<doc>Open a new Page.</doc>
<msg timestamp="20251001 22:12:26.402" level="INFO">Successfully initialized new page object and opened url: https://stackoverflow.com/questions?tab=Newest</msg>
<status status="PASS" starttime="20251001 22:12:24.639" endtime="20251001 22:12:26.402"/>
</kw>
<kw name="Handle Cookie Banner" library="base_page">
<doc>Gère la bannière de cookies si elle est présente</doc>
<kw name="Run Keyword And Return Status" library="BuiltIn">
<var>${cookie_banner_visible}</var>
<arg>Wait For Elements State</arg>
<arg>${ACCEPT_COOKIES_BUTTON}</arg>
<arg>visible</arg>
<arg>timeout=5s</arg>
<doc>Runs the given keyword with given arguments and returns the status as a Boolean value.</doc>
<kw name="Wait For Elements State" library="Browser">
<arg>${ACCEPT_COOKIES_BUTTON}</arg>
<arg>visible</arg>
<arg>timeout=5s</arg>
<tag>PageContent</tag>
<tag>Wait</tag>
<doc>Waits for the element found by ``selector`` to satisfy state option.</doc>
<msg timestamp="20251001 22:12:26.480" level="INFO">Waited for Element with selector xpath=//button[@id="onetrust-accept-btn-handler"] at state visible</msg>
<status status="PASS" starttime="20251001 22:12:26.404" endtime="20251001 22:12:26.480"/>
</kw>
<msg timestamp="20251001 22:12:26.480" level="INFO">${cookie_banner_visible} = True</msg>
<status status="PASS" starttime="20251001 22:12:26.403" endtime="20251001 22:12:26.480"/>
</kw>
<kw name="Run Keyword If" library="BuiltIn">
<arg>${cookie_banner_visible}</arg>
<arg>Click Accept Cookies</arg>
<doc>Runs the given keyword with the given arguments, if ``condition`` is true.</doc>
<kw name="Click Accept Cookies" library="base_page">
<doc>Clique sur le bouton d'acceptation des cookies</doc>
<kw name="Click" library="Browser">
<arg>${ACCEPT_COOKIES_BUTTON}</arg>
<tag>PageContent</tag>
<tag>Setter</tag>
<doc>Simulates mouse click on the element found by ``selector``.</doc>
<msg timestamp="20251001 22:12:26.482" level="INFO">Clicks the element 'xpath=//button[@id="onetrust-accept-btn-handler"]'.</msg>
<status status="PASS" starttime="20251001 22:12:26.482" endtime="20251001 22:12:26.655"/>
</kw>
<kw name="Log" library="BuiltIn">
<arg>✅ Cookies acceptés</arg>
<doc>Logs the given message with the given level.</doc>
<msg timestamp="20251001 22:12:26.656" level="INFO">✅ Cookies acceptés</msg>
<status status="PASS" starttime="20251001 22:12:26.655" endtime="20251001 22:12:26.656"/>
</kw>
<status status="PASS" starttime="20251001 22:12:26.481" endtime="20251001 22:12:26.656"/>
</kw>
<status status="PASS" starttime="20251001 22:12:26.480" endtime="20251001 22:12:26.656"/>
</kw>
<status status="PASS" starttime="20251001 22:12:26.403" endtime="20251001 22:12:26.656"/>
</kw>
<kw name="Wait For Elements State" library="Browser">
<arg>${QUESTION_TITLE_SELECTOR}</arg>
<arg>visible</arg>
<arg>timeout=10s</arg>
<tag>PageContent</tag>
<tag>Wait</tag>
<doc>Waits for the element found by ``selector`` to satisfy state option.</doc>
<msg timestamp="20251001 22:12:26.665" level="INFO">Waited for Element with selector xpath=//div[@id="questions"] at state visible</msg>
<status status="PASS" starttime="20251001 22:12:26.657" endtime="20251001 22:12:26.665"/>
</kw>
<status status="PASS" starttime="20251001 22:12:24.637" endtime="20251001 22:12:26.665"/>
</kw>
<kw name="Get First Question Title" library="base_page">
<var>${web_title}</var>
<kw name="Wait For Elements State" library="Browser">
<arg>${FIRST_QUESTION_TITLE_SELECTOR}</arg>
<arg>visible</arg>
<arg>timeout=5s</arg>
<tag>PageContent</tag>
<tag>Wait</tag>
<doc>Waits for the element found by ``selector`` to satisfy state option.</doc>
<msg timestamp="20251001 22:12:26.674" level="INFO">Waited for Element with selector xpath=/html/body/div[6]/div[3]/div[1]/div[3]/div[1]/div[2]/h3/a at state visible</msg>
<status status="PASS" starttime="20251001 22:12:26.667" endtime="20251001 22:12:26.674"/>
</kw>
<kw name="Get Text" library="Browser">
<var>${title}</var>
<arg>${FIRST_QUESTION_TITLE_SELECTOR}</arg>
<tag>Assertion</tag>
<tag>Getter</tag>
<tag>PageContent</tag>
<doc>Returns text attribute of the element found by ``selector``.</doc>
<msg timestamp="20251001 22:12:26.713" level="INFO">Text: 'Apple developer memberShip Renewal Issue'</msg>
<msg timestamp="20251001 22:12:26.713" level="INFO">${title} = Apple developer memberShip Renewal Issue</msg>
<status status="PASS" starttime="20251001 22:12:26.675" endtime="20251001 22:12:26.713"/>
</kw>
<msg timestamp="20251001 22:12:26.713" level="INFO">${web_title} = Apple developer memberShip Renewal Issue</msg>
<status status="PASS" starttime="20251001 22:12:26.666" endtime="20251001 22:12:26.713"/>
</kw>
<kw name="Log" library="BuiltIn">
<arg>Web Title: ${web_title}</arg>
<doc>Logs the given message with the given level.</doc>
<msg timestamp="20251001 22:12:26.714" level="INFO">Web Title: Apple developer memberShip Renewal Issue</msg>
<status status="PASS" starttime="20251001 22:12:26.714" endtime="20251001 22:12:26.714"/>
</kw>
<kw name="Evaluate" library="BuiltIn">
<var>${clean_api}</var>
<arg>' '.join('''${api_title}'''.split())</arg>
<doc>Evaluates the given expression in Python and returns the result.</doc>
<msg timestamp="20251001 22:12:26.715" level="INFO">${clean_api} = Apple developer memberShip Renewal Issue</msg>
<status status="PASS" starttime="20251001 22:12:26.715" endtime="20251001 22:12:26.715"/>
</kw>
<kw name="Evaluate" library="BuiltIn">
<var>${clean_web}</var>
<arg>' '.join('''${web_title}'''.split())</arg>
<doc>Evaluates the given expression in Python and returns the result.</doc>
<msg timestamp="20251001 22:12:26.716" level="INFO">${clean_web} = Apple developer memberShip Renewal Issue</msg>
<status status="PASS" starttime="20251001 22:12:26.715" endtime="20251001 22:12:26.716"/>
</kw>
<kw name="Should Be Equal" library="BuiltIn">
<arg>${clean_api}</arg>
<arg>${clean_web}</arg>
<arg>msg= Les titres ne correspondent pas! API: '${clean_api}' vs WEB: '${clean_web}'</arg>
<doc>Fails if the given objects are unequal.</doc>
<status status="PASS" starttime="20251001 22:12:26.716" endtime="20251001 22:12:26.717"/>
</kw>
<kw name="Teardown Web Test" library="config" type="TEARDOWN">
<kw name="Close Browser" library="Browser">
<tag>BrowserControl</tag>
<tag>Setter</tag>
<doc>Closes the current browser.</doc>
<msg timestamp="20251001 22:12:26.966" level="INFO">Closed browser</msg>
<status status="PASS" starttime="20251001 22:12:26.718" endtime="20251001 22:12:26.966"/>
</kw>
<status status="PASS" starttime="20251001 22:12:26.718" endtime="20251001 22:12:26.966"/>
</kw>
<doc>Compare la première question entre l'API et le Web avec gestion des cookies</doc>
<tag>api</tag>
<tag>cookies</tag>
<tag>integration</tag>
<tag>web</tag>
<status status="PASS" starttime="20251001 22:12:23.747" endtime="20251001 22:12:26.966"/>
</test>
<kw name="Suite Teardown" type="TEARDOWN">
<kw name="Log" library="BuiltIn">
<arg>Fin de la suite de tests Web</arg>
<doc>Logs the given message with the given level.</doc>
<msg timestamp="20251001 22:12:26.973" level="INFO">Fin de la suite de tests Web</msg>
<status status="PASS" starttime="20251001 22:12:26.973" endtime="20251001 22:12:26.973"/>
</kw>
<status status="PASS" starttime="20251001 22:12:26.972" endtime="20251001 22:12:26.973"/>
</kw>
<status status="PASS" starttime="20251001 22:12:17.620" endtime="20251001 22:12:26.973"/>
</suite>
<status status="PASS" starttime="20251001 22:12:07.902" endtime="20251001 22:12:26.980"/>
</suite>
<statistics>
<total>
<stat pass="8" fail="0" skip="0">All Tests</stat>
</total>
<tag>
<stat pass="4" fail="0" skip="0">api</stat>
<stat pass="2" fail="0" skip="0">cookies</stat>
<stat pass="1" fail="0" skip="0">integration</stat>
<stat pass="1" fail="0" skip="0">multi-user</stat>
<stat pass="2" fail="0" skip="0">performance</stat>
<stat pass="1" fail="0" skip="0">smoke</stat>
<stat pass="3" fail="0" skip="0">web</stat>
</tag>
<suite>
<stat pass="8" fail="0" skip="0" id="s1" name="Tests">Tests</stat>
<stat pass="3" fail="0" skip="0" id="s1-s1" name="Api Tests">Tests.Api Tests</stat>
<stat pass="1" fail="0" skip="0" id="s1-s2" name="Multi User Tests">Tests.Multi User Tests</stat>
<stat pass="1" fail="0" skip="0" id="s1-s3" name="Performance Tests">Tests.Performance Tests</stat>
<stat pass="3" fail="0" skip="0" id="s1-s4" name="Web Tests">Tests.Web Tests</stat>
</suite>
</statistics>
<errors>
<msg timestamp="20251001 22:12:11.662" level="WARN">Keyword 'RequestsLibrary.To Json' is deprecated. Please use ${resp.json()} instead. Have a look at the improved HTML output as pretty printing replacement.</msg>
<msg timestamp="20251001 22:12:12.920" level="WARN">Keyword 'RequestsLibrary.To Json' is deprecated. Please use ${resp.json()} instead. Have a look at the improved HTML output as pretty printing replacement.</msg>
<msg timestamp="20251001 22:12:14.073" level="WARN">Keyword 'RequestsLibrary.To Json' is deprecated. Please use ${resp.json()} instead. Have a look at the improved HTML output as pretty printing replacement.</msg>
<msg timestamp="20251001 22:12:15.435" level="WARN">Keyword 'RequestsLibrary.To Json' is deprecated. Please use ${resp.json()} instead. Have a look at the improved HTML output as pretty printing replacement.</msg>
</errors>
</robot>
